20171223-22:17:47:651|Step_SPUtils|30002312| getTodayTotalDetailSteps = 1514038560000##7083##548568##8661##16256##27311472
20171223-22:17:47:652|Step_SPUtils|30002312|setTodayTotalDetailSteps=1514038560000##7084##548569##8661##16256##27311970
20171223-22:17:47:659|Step_ExtSDM|30002312|calculateCaloriesWithCache totalCalories=128424
20171223-22:17:47:662|Step_ExtSDM|30002312|calculateAltitudeWithCache totalAltitude=240
20171223-22:17:47:662|Step_StandReportReceiver|30002312|REPORT : 7084 5057 151739 240
20171223-22:17:47:848|Step_LSC|30002312|onStandStepChanged 3658
20171223-22:17:47:854|Step_LSC|30002312|onExtend:1514038668000 2 0 4
20171223-22:17:48:148|Step_SPUtils|30002312| getTodayTotalDetailSteps = 1514038560000##7084##548569##8661##16256##27311970
20171223-22:17:48:149|Step_SPUtils|30002312|setTodayTotalDetailSteps=1514038560000##7086##548570##8661##16256##27312467
20171223-22:17:48:157|Step_ExtSDM|30002312|calculateCaloriesWithCache totalCalories=128467
20171223-22:17:48:162|Step_ExtSDM|30002312|calculateAltitudeWithCache totalAltitude=240
20171223-22:17:48:164|Step_StandReportReceiver|30002312|REPORT : 7086 5059 151782 240
20171223-22:17:48:348|Step_LSC|30002312|onStandStepChanged 3660
20171223-22:17:48:357|Step_LSC|30002312|onExtend:1514038669000 2 0 4
20171223-22:17:48:648|Step_SPUtils|30002312| getTodayTotalDetailSteps = 1514038560000##7086##548570##8661##16256##27312467
20171223-22:17:48:649|Step_SPUtils|30002312|setTodayTotalDetailSteps=1514038560000##7088##548571##8661##16256##27312967
20171223-22:17:48:656|Step_ExtSDM|30002312|calculateCaloriesWithCache totalCalories=128510
20171223-22:17:48:661|Step_ExtSDM|30002312|calculateAltitudeWithCache totalAltitude=240
20171223-22:17:48:661|Step_StandReportReceiver|30002312|REPORT : 7088 5060 151824 240
20171223-22:17:48:848|Step_LSC|30002312|onStandStepChanged 3662
20171223-22:17:48:853|Step_LSC|30002312|onExtend:1514038669000 2 0 4
20171223-22:17:49:149|Step_SPUtils|30002312| getTodayTotalDetailSteps = 1514038560000##7088##548571##8661##16256##27312967
20171223-22:17:49:149|Step_SPUtils|30002312|setTodayTotalDetailSteps=1514038560000##7090##548572##8661##16256##27313468
20171223-22:17:49:162|Step_ExtSDM|30002312|calculateCaloriesWithCache totalCalories=128553
20171223-22:17:49:166|Step_ExtSDM|30002312|calculateAltitudeWithCache totalAltitude=240
20171223-22:17:49:166|Step_StandReportReceiver|30002312|REPORT : 7090 5062 151867 240
20171223-22:17:49:353|Step_LSC|30002312|onStandStepChanged 3664
20171223-22:17:49:358|Step_LSC|30002312|onExtend:1514038670000 2 0 4
20171223-22:17:49:655|Step_SPUtils|30002312| getTodayTotalDetailSteps = 1514038560000##7090##548572##8661##16256##27313468
20171223-22:17:49:655|Step_SPUtils|30002312|setTodayTotalDetailSteps=1514038560000##7092##548573##8661##16256##27313974
20171223-22:17:49:661|Step_ExtSDM|30002312|calculateCaloriesWithCache totalCalories=128595
20171223-22:17:49:664|Step_ExtSDM|30002312|calculateAltitudeWithCache totalAltitude=240
20171223-22:17:49:664|Step_StandReportReceiver|30002312|REPORT : 7092 5063 151910 240
20171223-22:17:49:848|Step_LSC|30002312|onStandStepChanged 3666
20171223-22:17:49:854|Step_LSC|30002312|onExtend:1514038670000 2 0 4
20171223-22:17:50:149|Step_SPUtils|30002312| getTodayTotalDetailSteps = 1514038560000##7092##548573##8661##16256##27313974
20171223-22:17:50:149|Step_SPUtils|30002312|setTodayTotalDetailSteps=1514038560000##7094##548574##8661##16256##27314468
20171223-22:17:50:156|Step_ExtSDM|30002312|calculateCaloriesWithCache totalCalories=128638
20171223-22:17:50:158|Step_ExtSDM|30002312|calculateAltitudeWithCache totalAltitude=240
20171223-22:17:50:160|Step_StandReportReceiver|30002312|REPORT : 7094 5065 151953 240
20171223-22:17:50:348|Step_LSC|30002312|onStandStepChanged 3667
20171223-22:17:50:354|Step_LSC|30002312|onExtend:1514038671000 1 0 4
20171223-22:17:50:649|Step_SPUtils|30002312| getTodayTotalDetailSteps = 1514038560000##7094##548574##8661##16256##27314468
20171223-22:17:50:649|Step_SPUtils|30002312|setTodayTotalDetailSteps=1514038560000##7095##548575##8661##16256##27314968
20171223-22:17:50:658|Step_ExtSDM|30002312|calculateCaloriesWithCache totalCalories=128660
20171223-22:17:50:661|Step_ExtSDM|30002312|calculateAltitudeWithCache totalAltitude=240
20171223-22:17:50:661|Step_StandReportReceiver|30002312|REPORT : 7095 5065 151974 240
20171223-22:17:50:849|Step_LSC|30002312|onStandStepChanged 3669
20171223-22:17:50:856|Step_LSC|30002312|onExtend:1514038671000 2 0 4
20171223-22:17:51:149|Step_SPUtils|30002312| getTodayTotalDetailSteps = 1514038560000##7095##548575##8661##16256##27314968
20171223-22:17:51:150|Step_SPUtils|30002312|setTodayTotalDetailSteps=1514038560000##7097##548576##8661##16256##27315469
20171223-22:17:51:158|Step_ExtSDM|30002312|calculateCaloriesWithCache totalCalories=128703
20171223-22:17:51:161|Step_ExtSDM|30002312|calculateAltitudeWithCache totalAltitude=240
20171223-22:17:51:165|Step_StandReportReceiver|30002312|REPORT : 7097 5067 152017 240
20171223-22:17:51:362|Step_LSC|30002312|onStandStepChanged 3671
20171223-22:17:51:370|Step_LSC|30002312|onExtend:1514038672000 2 0 4
20171223-22:17:51:664|Step_SPUtils|30002312| getTodayTotalDetailSteps = 1514038560000##7097##548576##8661##16256##27315469
20171223-22:17:51:664|Step_SPUtils|30002312|setTodayTotalDetailSteps=1514038560000##7099##548577##8661##16256##27315983
20171223-22:17:51:673|Step_ExtSDM|30002312|calculateCaloriesWithCache totalCalories=128745
20171223-22:17:51:677|Step_ExtSDM|30002312|calculateAltitudeWithCache totalAltitude=240
20171223-22:17:51:681|Step_StandReportReceiver|30002312|REPORT : 7099 5068 152060 240
20171223-22:17:51:848|Step_LSC|30002312|onStandStepChanged 3673
20171223-22:17:51:854|Step_LSC|30002312|onExtend:1514038672000 2 0 4
20171223-22:17:52:151|Step_SPUtils|30002312| getTodayTotalDetailSteps = 1514038560000##7099##548577##8661##16256##27315983
20171223-22:17:52:152|Step_SPUtils|30002312|setTodayTotalDetailSteps=1514038560000##7101##548578##8661##16256##27316470
20171223-22:17:52:162|Step_ExtSDM|30002312|calculateCaloriesWithCache totalCalories=128788
20171223-22:17:52:169|Step_ExtSDM|30002312|calculateAltitudeWithCache totalAltitude=240
20171223-22:17:52:169|Step_StandReportReceiver|30002312|REPORT : 7101 5070 152103 240
20171223-22:17:52:848|Step_LSC|30002312|onStandStepChanged 3674
20171223-22:17:52:855|Step_LSC|30002312|onExtend:1514038673000 1 0 4
20171223-22:17:53:149|Step_SPUtils|30002312| getTodayTotalDetailSteps = 1514038560000##7101##548578##8661##16256##27316470
20171223-22:17:53:149|Step_SPUtils|30002312|setTodayTotalDetailSteps=1514038560000##7102##548579##8661##16256##27317468
20171223-22:17:53:163|Step_ExtSDM|30002312|calculateCaloriesWithCache totalCalories=128810
20171223-22:17:53:168|Step_ExtSDM|30002312|calculateAltitudeWithCache totalAltitude=240
20171223-22:17:53:169|Step_StandReportReceiver|30002312|REPORT : 7102 5070 152124 240
20171223-22:17:53:849|Step_LSC|30002312|onStandStepChanged 3675
20171223-22:17:53:859|Step_LSC|30002312|onExtend:1514038674000 1 0 4
20171223-22:17:54:152|Step_SPUtils|30002312| getTodayTotalDetailSteps = 1514038560000##7102##548579##8661##16256##27317468
20171223-22:17:54:153|Step_SPUtils|30002312|setTodayTotalDetailSteps=1514038560000##7103##548580##8661##16256##27318472
20171223-22:17:54:167|Step_ExtSDM|30002312|calculateCaloriesWithCache totalCalories=128831
20171223-22:17:54:175|Step_ExtSDM|30002312|calculateAltitudeWithCache totalAltitude=240
20171223-22:17:54:176|Step_StandReportReceiver|30002312|REPORT : 7103 5071 152146 240
20171223-22:17:54:849|Step_LSC|30002312|onStandStepChanged 3676
20171223-22:17:54:864|Step_LSC|30002312|onExtend:1514038675000 1 0 4
20171223-22:17:55:153|Step_SPUtils|30002312| getTodayTotalDetailSteps = 1514038560000##7103##548580##8661##16256##27318472
20171223-22:17:55:154|Step_SPUtils|30002312|setTodayTotalDetailSteps=1514038560000##7104##548581##8661##16256##27319473
20171223-22:17:55:162|Step_ExtSDM|30002312|calculateCaloriesWithCache totalCalories=128853
20171223-22:17:55:166|Step_ExtSDM|30002312|calculateAltitudeWithCache totalAltitude=240
20171223-22:17:55:169|Step_StandReportReceiver|30002312|REPORT : 7104 5072 152167 240
20171223-22:17:55:348|Step_LSC|30002312|onStandStepChanged 3677
20171223-22:17:55:381|Step_LSC|30002312|onExtend:1514038676000 1 0 4
20171223-22:17:55:649|Step_SPUtils|30002312| getTodayTotalDetailSteps = 1514038560000##7104##548581##8661##16256##27319473
20171223-22:17:55:649|Step_SPUtils|30002312|setTodayTotalDetailSteps=1514038560000##7105##548582##8661##16256##27319968
20171223-22:17:55:658|Step_ExtSDM|30002312|calculateCaloriesWithCache totalCalories=128874
20171223-22:17:55:660|Step_ExtSDM|30002312|calculateAltitudeWithCache totalAltitude=240
20171223-22:17:55:664|Step_StandReportReceiver|30002312|REPORT : 7105 5072 152189 240
20171223-22:17:56:349|Step_LSC|30002312|onStandStepChanged 3678
20171223-22:17:56:361|Step_LSC|30002312|onExtend:1514038677000 1 0 4
20171223-22:17:56:650|Step_SPUtils|30002312| getTodayTotalDetailSteps = 1514038560000##7105##548582##8661##16256##27319968
20171223-22:17:56:651|Step_SPUtils|30002312|setTodayTotalDetailSteps=1514038560000##7106##548583##8661##16256##27320969
20171223-22:17:56:666|Step_ExtSDM|30002312|calculateCaloriesWithCache totalCalories=128895
20171223-22:17:56:671|Step_ExtSDM|30002312|calculateAltitudeWithCache totalAltitude=240
20171223-22:17:56:678|Step_StandReportReceiver|30002312|REPORT : 7106 5073 152210 240
20171223-22:17:57:349|Step_LSC|30002312|onStandStepChanged 3679
20171223-22:17:57:372|Step_LSC|30002312|onExtend:1514038678000 1 0 4
20171223-22:17:57:650|Step_SPUtils|30002312| getTodayTotalDetailSteps = 1514038560000##7106##548583##8661##16256##27320969
20171223-22:17:57:650|Step_SPUtils|30002312|setTodayTotalDetailSteps=1514038560000##7107##548584##8661##16256##27321969
20171223-22:17:57:659|Step_ExtSDM|30002312|calculateCaloriesWithCache totalCalories=128917
20171223-22:17:57:662|Step_ExtSDM|30002312|calculateAltitudeWithCache totalAltitude=240
20171223-22:17:57:662|Step_StandReportReceiver|30002312|REPORT : 7107 5074 152231 240
20171223-22:17:57:849|Step_LSC|30002312|onStandStepChanged 3681
20171223-22:17:57:862|Step_LSC|30002312|onExtend:1514038678000 2 0 4
20171223-22:17:58:150|Step_SPUtils|30002312| getTodayTotalDetailSteps = 1514038560000##7107##548584##8661##16256##27321969
20171223-22:17:58:151|Step_SPUtils|30002312|setTodayTotalDetailSteps=1514038560000##7109##548585##8661##16256##27322469
20171223-22:17:58:159|Step_ExtSDM|30002312|calculateCaloriesWithCache totalCalories=128960
20171223-22:17:58:162|Step_ExtSDM|30002312|calculateAltitudeWithCache totalAltitude=240
20171223-22:17:58:167|Step_StandReportReceiver|30002312|REPORT : 7109 5075 152274 240
20171223-22:17:59:858|Step_LSC|30002312|onStandStepChanged 3683
20171223-22:17:59:872|Step_LSC|30002312|onExtend:1514038680000 2 0 4
20171223-22:18:0:134|Step_LSC|30002312|processHandleBroadcastAction action:android.intent.action.TIME_TICK
20171223-22:18:0:158|Step_SPUtils|30002312| getTodayTotalDetailSteps = 1514038560000##7109##548585##8661##16256##27322469
20171223-22:18:0:159|Step_SPUtils|30002312|setTodayTotalDetailSteps=1514038620000##7111##548640##8661##16256##27324478
20171223-22:18:0:168|Step_ExtSDM|30002312|calculateCaloriesWithCache totalCalories=129002
20171223-22:18:0:171|Step_ExtSDM|30002312|calculateAltitudeWithCache totalAltitude=240
20171223-22:18:0:172|Step_StandReportReceiver|30002312|REPORT : 7111 5077 152317 240
20171223-22:18:1:349|Step_LSC|30002312|onStandStepChanged 3684
20171223-22:18:1:361|Step_LSC|30002312|onExtend:1514038682000 1 0 4
20171223-22:18:1:649|Step_SPUtils|30002312| getTodayTotalDetailSteps = 1514038620000##7111##548640##8661##16256##27324478
20171223-22:18:1:650|Step_SPUtils|30002312|setTodayTotalDetailSteps=1514038620000##7112##548695##8661##16256##27325968
20171223-22:18:1:659|Step_ExtSDM|30002312|calculateCaloriesWithCache totalCalories=129024
20171223-22:18:1:663|Step_ExtSDM|30002312|calculateAltitudeWithCache totalAltitude=240
20171223-22:18:1:664|Step_StandReportReceiver|30002312|REPORT : 7112 5077 152339 240
20171223-22:18:2:349|Step_LSC|30002312|onStandStepChanged 3685
20171223-22:18:2:363|Step_LSC|30002312|onExtend:1514038683000 1 0 4
20171223-22:18:2:649|Step_SPUtils|30002312| getTodayTotalDetailSteps = 1514038620000##7112##548695##8661##16256##27325968
20171223-22:18:2:650|Step_SPUtils|30002312|setTodayTotalDetailSteps=1514038620000##7113##548750##8661##16256##27326969
20171223-22:18:2:659|Step_ExtSDM|30002312|calculateCaloriesWithCache totalCalories=129045
20171223-22:18:2:661|Step_ExtSDM|30002312|calculateAltitudeWithCache totalAltitude=240
20171223-22:18:2:662|Step_StandReportReceiver|30002312|REPORT : 7113 5078 152360 240
20171223-22:18:5:351|Step_LSC|30002312|onStandStepChanged 3686
20171223-22:18:5:358|Step_LSC|30002312|onExtend:1514038686000 1 0 4
20171223-22:18:5:653|Step_SPUtils|30002312| getTodayTotalDetailSteps = 1514038620000##7113##548750##8661##16256##27326969
20171223-22:18:5:653|Step_SPUtils|30002312|setTodayTotalDetailSteps=1514038620000##7114##548805##8661##16256##27329972
20171223-22:18:5:673|Step_ExtSDM|30002312|calculateCaloriesWithCache totalCalories=129067
20171223-22:18:5:684|Step_ExtSDM|30002312|calculateAltitudeWithCache totalAltitude=240
20171223-22:18:5:684|Step_StandReportReceiver|30002312|REPORT : 7114 5079 152381 240
20171223-22:18:5:849|Step_LSC|30002312|onStandStepChanged 3686
20171223-22:18:5:854|Step_LSC|30002312|onExtend:1514038686000 0 0 0
20171223-22:18:6:150|Step_SPUtils|30002312| getTodayTotalDetailSteps = 1514038620000##7114##548805##8661##16256##27329972
20171223-22:18:6:151|Step_SPUtils|30002312|setTodayTotalDetailSteps=1514038620000##7114##548860##8661##16256##27330470
20171223-22:18:6:164|Step_ExtSDM|30002312|calculateCaloriesWithCache totalCalories=129067
20171223-22:18:6:168|Step_ExtSDM|30002312|calculateAltitudeWithCache totalAltitude=240
20171223-22:19:0:138|Step_LSC|30002312|processHandleBroadcastAction action:android.intent.action.TIME_TICK
20171223-22:19:7:854|Step_LSC|30002312|onStandStepChanged 3689
20171223-22:19:7:865|Step_LSC|30002312|onExtend:1514038748000 3 0 4
20171223-22:19:8:155|Step_SPUtils|30002312| getTodayTotalDetailSteps = 1514038620000##7114##548860##8661##16256##27330470
20171223-22:19:8:156|Step_SPUtils|30002312|setTodayTotalDetailSteps=1514038680000##7117##548865##8661##16256##27392475
20171223-22:19:8:163|Step_ExtSDM|30002312|calculateCaloriesWithCache totalCalories=129131
20171223-22:19:8:165|Step_ExtSDM|30002312|calculateAltitudeWithCache totalAltitude=240
20171223-22:19:8:167|Step_StandReportReceiver|30002312|REPORT : 7117 5081 152446 240
20171223-22:19:8:357|Step_LSC|30002312|onStandStepChanged 3694
20171223-22:19:8:365|Step_LSC|30002312|onExtend:1514038749000 5 0 4
20171223-22:19:8:658|Step_SPUtils|30002312| getTodayTotalDetailSteps = 1514038680000##7117##548865##8661##16256##27392475
20171223-22:19:8:660|Step_SPUtils|30002312|setTodayTotalDetailSteps=1514038680000##7122##548870##8661##16256##27392978
20171223-22:19:8:675|Step_ExtSDM|30002312|calculateCaloriesWithCache totalCalories=129238
20171223-22:19:8:686|Step_ExtSDM|30002312|calculateAltitudeWithCache totalAltitude=240
20171223-22:19:8:686|Step_StandReportReceiver|30002312|REPORT : 7122 5085 152553 240
20171223-22:19:8:849|Step_LSC|30002312|onStandStepChanged 3696
20171223-22:19:8:862|Step_LSC|30002312|onExtend:1514038749000 2 0 4
20171223-22:19:9:150|Step_SPUtils|30002312| getTodayTotalDetailSteps = 1514038680000##7122##548870##8661##16256##27392978
20171223-22:19:9:151|Step_SPUtils|30002312|setTodayTotalDetailSteps=1514038680000##7124##548875##8661##16256##27393470
20171223-22:19:9:158|Step_ExtSDM|30002312|calculateCaloriesWithCache totalCalories=129281
20171223-22:19:9:163|Step_ExtSDM|30002312|calculateAltitudeWithCache totalAltitude=240
20171223-22:19:9:169|Step_StandReportReceiver|30002312|REPORT : 7124 5086 152596 240
20171223-22:19:9:348|Step_LSC|30002312|onStandStepChanged 3698
20171223-22:19:9:359|Step_LSC|30002312|onExtend:1514038750000 2 0 4
20171223-22:19:9:652|Step_SPUtils|30002312| getTodayTotalDetailSteps = 1514038680000##7124##548875##8661##16256##27393470
20171223-22:19:9:652|Step_SPUtils|30002312|setTodayTotalDetailSteps=1514038680000##7126##548880##8661##16256##27393971
20171223-22:19:9:662|Step_ExtSDM|30002312|calculateCaloriesWithCache totalCalories=129324
20171223-22:19:9:668|Step_ExtSDM|30002312|calculateAltitudeWithCache totalAltitude=240
20171223-22:19:9:671|Step_StandReportReceiver|30002312|REPORT : 7126 5087 152638 240
20171223-22:19:9:849|Step_LSC|30002312|onStandStepChanged 3700
20171223-22:19:9:859|Step_LSC|30002312|onExtend:1514038750000 2 0 4
20171223-22:19:10:149|Step_SPUtils|30002312| getTodayTotalDetailSteps = 1514038680000##7126##548880##8661##16256##27393971
20171223-22:19:10:150|Step_SPUtils|30002312|setTodayTotalDetailSteps=1514038680000##7128##548885##8661##16256##27394469
20171223-22:19:10:160|Step_ExtSDM|30002312|calculateCaloriesWithCache totalCalories=129366
20171223-22:19:10:164|Step_ExtSDM|30002312|calculateAltitudeWithCache totalAltitude=240
20171223-22:19:10:165|Step_StandReportReceiver|30002312|REPORT : 7128 5089 152681 240
20171223-22:19:10:348|Step_LSC|30002312|onStandStepChanged 3702
20171223-22:19:10:362|Step_LSC|30002312|onExtend:1514038751000 2 0 4
20171223-22:19:10:650|Step_SPUtils|30002312| getTodayTotalDetailSteps = 1514038680000##7128##548885##8661##16256##27394469
20171223-22:19:10:650|Step_SPUtils|30002312|setTodayTotalDetailSteps=1514038680000##7130##548890##8661##16256##27394969
20171223-22:19:10:658|Step_ExtSDM|30002312|calculateCaloriesWithCache totalCalories=129409
20171223-22:19:10:661|Step_ExtSDM|30002312|calculateAltitudeWithCache totalAltitude=240
20171223-22:19:10:664|Step_StandReportReceiver|30002312|REPORT : 7130 5090 152724 240
20171223-22:19:10:848|Step_LSC|30002312|onStandStepChanged 3704
20171223-22:19:10:858|Step_LSC|30002312|onExtend:1514038751000 2 0 4
20171223-22:19:11:149|Step_SPUtils|30002312| getTodayTotalDetailSteps = 1514038680000##7130##548890##8661##16256##27394969
20171223-22:19:11:150|Step_SPUtils|30002312|setTodayTotalDetailSteps=1514038680000##7132##548895##8661##16256##27395468
20171223-22:19:11:160|Step_ExtSDM|30002312|calculateCaloriesWithCache totalCalories=129452
20171223-22:19:11:164|Step_ExtSDM|30002312|calculateAltitudeWithCache totalAltitude=240
20171223-22:19:11:164|Step_StandReportReceiver|30002312|REPORT : 7132 5092 152767 240
20171223-22:19:11:349|Step_LSC|30002312|onStandStepChanged 3707
20171223-22:19:11:358|Step_LSC|30002312|onExtend:1514038752000 3 0 4
20171223-22:19:11:650|Step_SPUtils|30002312| getTodayTotalDetailSteps = 1514038680000##7132##548895##8661##16256##27395468
20171223-22:19:11:651|Step_SPUtils|30002312|setTodayTotalDetailSteps=1514038680000##7135##548900##8661##16256##27395969
20171223-22:19:11:658|Step_ExtSDM|30002312|calculateCaloriesWithCache totalCalories=129516
20171223-22:19:11:661|Step_ExtSDM|30002312|calculateAltitudeWithCache totalAltitude=240
20171223-22:19:11:661|Step_StandReportReceiver|30002312|REPORT : 7135 5094 152831 240
20171223-22:19:11:848|Step_LSC|30002312|onStandStepChanged 3711
20171223-22:19:11:857|Step_LSC|30002312|onExtend:1514038752000 4 0 4
20171223-22:19:12:153|Step_SPUtils|30002312| getTodayTotalDetailSteps = 1514038680000##7135##548900##8661##16256##27395969
20171223-22:19:12:154|Step_SPUtils|30002312|setTodayTotalDetailSteps=1514038680000##7139##548905##8661##16256##27396473
20171223-22:19:12:162|Step_ExtSDM|30002312|calculateCaloriesWithCache totalCalories=129602
20171223-22:19:12:165|Step_ExtSDM|30002312|calculateAltitudeWithCache totalAltitude=240
20171223-22:19:12:167|Step_StandReportReceiver|30002312|REPORT : 7139 5097 152917 240
20171223-22:19:12:349|Step_LSC|30002312|onStandStepChanged 3712
20171223-22:19:12:364|Step_LSC|30002312|onExtend:1514038753000 1 0 4
20171223-22:19:12:650|Step_SPUtils|30002312| getTodayTotalDetailSteps = 1514038680000##7139##548905##8661##16256##27396473
20171223-22:19:12:650|Step_SPUtils|30002312|setTodayTotalDetailSteps=1514038680000##7140##548910##8661##16256##27396969
20171223-22:19:12:658|Step_ExtSDM|30002312|calculateCaloriesWithCache totalCalories=129623
20171223-22:19:12:662|Step_ExtSDM|30002312|calculateAltitudeWithCache totalAltitude=240
20171223-22:19:12:663|Step_StandReportReceiver|30002312|REPORT : 7140 5097 152938 240
20171223-22:19:14:349|Step_LSC|30002312|onStandStepChanged 3726
20171223-22:19:14:363|Step_LSC|30002312|onExtend:1514038755000 14 0 4
20171223-22:19:14:655|Step_SPUtils|30002312| getTodayTotalDetailSteps = 1514038680000##7140##548910##8661##16256##27396969
20171223-22:19:14:656|Step_SPUtils|30002312|setTodayTotalDetailSteps=1514038680000##7154##548915##8661##16256##27398975
20171223-22:19:14:677|Step_ExtSDM|30002312|calculateCaloriesWithCache totalCalories=129923
20171223-22:19:14:686|Step_ExtSDM|30002312|calculateAltitudeWithCache totalAltitude=240
20171223-22:19:14:688|Step_StandReportReceiver|30002312|REPORT : 7154 5107 153238 240
20171223-22:19:15:855|Step_LSC|30002312|onStandStepChanged 3726
20171223-22:19:15:858|Step_LSC|30002312|onExtend:1514038756000 0 0 0
20171223-22:19:16:156|Step_SPUtils|30002312| getTodayTotalDetailSteps = 1514038680000##7154##548915##8661##16256##27398975
20171223-22:19:16:157|Step_SPUtils|30002312|setTodayTotalDetailSteps=1514038680000##7154##548920##8661##16256##27400475
20171223-22:19:16:171|Step_ExtSDM|30002312|calculateCaloriesWithCache totalCalories=129923
20171223-22:19:16:177|Step_ExtSDM|30002312|calculateAltitudeWithCache totalAltitude=240
20171223-22:19:43:719|Step_StandReportReceiver|30002312|onReceive action: android.intent.action.SCREEN_OFF
20171223-22:19:57:751|Step_LSC|30002312|onStandStepChanged 3732
20171223-22:19:57:755|Step_LSC|30002312|onExtend:1514038756000 6 0 4
20171223-22:19:57:758|Step_LSC|30002312|onStandStepChanged 3732
20171223-22:19:57:763|Step_LSC|30002312|onExtend:1514038798000 0 0 4
20171223-22:19:57:775|Step_StandReportReceiver|30002312|onReceive action: android.intent.action.SCREEN_ON
20171223-22:19:57:776|Step_LSC|30002312|processHandleBroadcastAction action:android.intent.action.SCREEN_ON
20171223-22:19:57:776|Step_StandStepCounter|30002312|flush sensor data
20171223-22:19:57:777|Step_SPUtils|30002312| getTodayTotalDetailSteps = 1514038680000##7154##548920##8661##16256##27400475
20171223-22:19:57:778|Step_SPUtils|30002312|setTodayTotalDetailSteps=1514038680000##7160##548925##8661##16256##27442097
20171223-22:19:57:780|Step_LSC|30002312|onStandStepChanged 3732
20171223-22:19:57:789|Step_ExtSDM|30002312|calculateCaloriesWithCache totalCalories=130052
20171223-22:19:57:796|Step_ExtSDM|30002312|calculateAltitudeWithCache totalAltitude=240
20171223-22:19:57:796|Step_StandReportReceiver|30002312|REPORT : 7160 5112 153367 240
20171223-22:19:57:878|Step_LSC|30002312|onStandStepChanged 3732
20171223-22:19:57:879|Step_LSC|30002312|onExtend:1514038798000 0 0 4
20171223-22:19:58:374|HiH_HiAppUtil|30002312|getBinderPackageName packageName = com.huawei.health
20171223-22:19:58:375|HiH_HiAppUtil|30002312|getBinderPackageName packageName = com.huawei.health
20171223-22:19:58:375|HiH_HiHealthBinder|30002312|insertHiHealthData() checkAppType  0 appID = 1
20171223-22:19:58:376|HiH_HiHealthBinder|30002312|insertHiHealthData() size = 4,app = 1,One Data Type = 40002,packageName = com.huawei.health,writeStatType = 0
20171223-22:19:58:377|HiH_HiHealthDataInsertStore|30002312|saveHealthDetailData() deviceID = 2,clientID=1,id=1
20171223-22:19:58:378|HiH_HiHealthDataInsertStore|30002312|saveStatData() type =40002,time = 1513958400000,statClient = 2,who is 1
20171223-22:19:58:378|HiH_DataStatManager|30002312|new date =20171223, type=40002,7163.0,old=6983.0
20171223-22:19:58:379|HiH_HiHealthDataInsertStore|30002312|saveStatData() type =40003,time = 1513958400000,statClient = 2,who is 1
20171223-22:19:58:380|HiH_DataStatManager|30002312|new date =20171223, type=40003,153367.0,old=210654.54000000004
20171223-22:19:58:380|HiH_HiHealthDataInsertStore|30002312|saveHealthDetailData() saveOneDetailData fail hiHealthData = 1513958400000,type = 40003
20171223-22:19:58:380|HiH_HiHealthDataInsertStore|30002312|saveStatData() type =40005,time = 1513958400000,statClient = 2,who is 1
20171223-22:19:58:381|HiH_DataStatManager|30002312|new date =20171223, type=40005,240.0,old=330.0
20171223-22:19:58:381|HiH_HiHealthDataInsertStore|30002312|saveHealthDetailData() saveOneDetailData fail hiHealthData = 1513958400000,type = 40005
20171223-22:19:58:381|HiH_HiHealthDataInsertStore|30002312|saveStatData() type =40004,time = 1513958400000,statClient = 2,who is 1
20171223-22:19:58:382|HiH_DataStatManager|30002312|new date =20171223, type=40004,5112.0,old=4985.0
20171223-22:19:58:406|HiH_HiHealthDataInsertStore|30002312|bulkSaveDetailHiHealthData() size = 4,totalTime = 30
20171223-22:19:58:407|HiH_ListenerManager|30002312|startListenerChange subscribeList = [1]
20171223-22:19:58:411|HiH_HiHealthBinder|30002312|insertHiHealthData() bulkSaveDetailHiHealthData fail errorCode = 4,errorMessage = ERR_DATA_INSERT 
20171223-22:19:58:411|HiH_HiHealthBinder|30002312|insertHiHealthData() end totalTime = 45
20171223-22:19:58:411|Step_LSC|30002312|uploadStaticsToDB() onResult  type = 4 obj=true
20171223-22:19:58:411|Step_LSC|30002312|uploadStaticsToDB failed message=true
20171223-22:19:58:413|HiH_HiSyncControl|30002312|checkInsertStatus stepSum or calorieSum is enough
20171223-22:19:58:413|HiH_HiAppUtil|30002312|getBinderPackageName packageName = com.huawei.health
20171223-22:19:58:415|HiH_HiAppUtil|30002312|getBinderPackageName packageName = com.huawei.health
20171223-22:19:58:415|HiH_HiHealthBinder|30002312|getAppContext() isAppValid health or wear, packageName = com.huawei.health
20171223-22:19:58:415|HiH_HiSyncControl|30002312|checkInsertStatus stepStatSum or calorieStatSum is enough
20171223-22:19:58:416|HiH_HiSyncControl|30002312|stepSyncOrNot appSynTimes is 0, statsyncTimes is 0
20171223-22:19:58:416|HiH_HiSyncControl|30002312|startInsertSportSync start auto sync,app is 1
20171223-22:19:58:417|HiH_HiAppUtil|30002312|getBinderPackageName packageName = com.huawei.health
20171223-22:19:58:417|HiH_HiSyncUtil|30002312|checkFirstSyncByType no such data in db ,type is 1 deviceCode is 0
20171223-22:19:58:417|HiH_HiSyncControl|30002312|startInsertSportSync first 500 steps sync,do all sync
20171223-22:19:58:419|HiH_HiAppUtil|30002312|getBinderPackageName packageName = com.huawei.health
20171223-22:19:58:419|HiH_HiSyncControl|30002312|startSync hiSyncOption = HiSyncOption{syncAction=2, syncMethod=2, syncScope=0, syncDataType=20000, syncModel=2, pushAction=0},app = 1 who = 1
20171223-22:19:58:419|HiH_HiHealthBinder|30002312|insertHiHealthData() checkAppType  0 appID = 1
20171223-22:19:58:419|HiH_HiHealthBinder|30002312|insertHiHealthData() size = 20,app = 1,One Data Type = 2,packageName = com.huawei.health,writeStatType = 0
20171223-22:19:58:423|HiH_HiSyncControl|30002312|needAutoSync autoSyncSwitch is open
20171223-22:19:58:423|HiH_HiHealthDataInsertStore|30002312|saveHealthDetailData() deviceID = 2,clientID=1,id=1
20171223-22:19:58:424|HiH_HiSyncControl|30002312|initDataPrivacy the dataPrivacy switch is open, start push health data!
20171223-22:19:58:424|HiH_|30002312|initDataPrivacy the dataPrivacy is true
20171223-22:19:58:428|HiH_HiSyncControl|30002312|initUserPrivacy the userPrivacy switch is open, start push user data!
20171223-22:19:58:428|HiH_|30002312|initUserPrivacy the userPrivacy is true
20171223-22:19:58:428|HiH_HiSyncControl|30002312|ifCanSync not! no cloud version
20171223-22:19:58:428|HiH_HiBroadcastUtil|30002312|sendSyncFailedBroadcast
20171223-22:19:58:453|HiH_HiHealthDataInsertStore|30002312|bulkSaveDetailHiHealthData() size = 20,totalTime = 34
20171223-22:19:58:466|HiH_DataStatManager|30002312|new date =20171223, type=40002,6724.0,old=7163.0
20171223-22:19:58:468|HiH_DataStatManager|30002312|new date =20171223, type=40004,4800.935999999999,old=5112.0
20171223-22:19:58:469|HiH_DataStatManager|30002312|new date =20171223, type=40003,214445.88000000006,old=210654.54000000004
20171223-22:19:58:471|HiH_DataStatManager|30002312|new date =20171223, type=40005,330.0,old=330.0
20171223-22:19:58:480|HiH_DataStatManager|30002312|new date =20171223, type=40011,6314.0,old=6137.0
20171223-22:19:58:481|HiH_DataStatManager|30002312|new date =20171223, type=40031,4508.196000000001,old=4381.818
20171223-22:19:58:482|HiH_DataStatManager|30002312|new date =20171223, type=40021,135245.88,old=131454.53999999995
20171223-22:19:58:494|HiH_DataStatManager|30002312|new date =20171223, type=40013,410.0,old=410.0
20171223-22:19:58:495|HiH_DataStatManager|30002312|new date =20171223, type=40034,292.73999999999995,old=292.73999999999995
20171223-22:19:58:495|HiH_DataStatManager|30002312|new date =20171223, type=40024,79200.0,old=79200.0
20171223-22:19:58:499|HiH_DataStatManager|30002312|new date =20171223, type=40041,6720.0,old=6480.0
20171223-22:19:58:501|HiH_DataStatManager|30002312|new date =20171223, type=40044,420.0,old=420.0
20171223-22:19:58:501|HiH_DataStatManager|30002312|new date =20171223, type=40006,7140.0,old=6900.0
20171223-22:20:2:164|Step_SPUtils|30002312| getTodayTotalDetailSteps = 1514038740000##7176##549149##8661##16256##27445983
20171223-22:20:2:165|Step_SPUtils|30002312|setTodayTotalDetailSteps=1514038740000##7179##549200##8661##16256##27446483
20171223-22:20:2:174|Step_ExtSDM|30002312|calculateCaloriesWithCache totalCalories=130458
20171223-22:20:2:178|Step_ExtSDM|30002312|calculateAltitudeWithCache totalAltitude=240
20171223-22:20:2:179|Step_StandReportReceiver|30002312|REPORT : 7179 5125 153774 240
20171223-22:20:2:365|Step_LSC|30002312|onStandStepChanged 3753
20171223-22:20:2:375|Step_LSC|30002312|onExtend:1514038803000 2 0 4
20171223-22:20:2:670|Step_SPUtils|30002312| getTodayTotalDetailSteps = 1514038740000##7179##549200##8661##16256##27446483
20171223-22:20:2:671|Step_SPUtils|30002312|setTodayTotalDetailSteps=1514038740000##7181##549251##8661##16256##27446989
20171223-22:20:2:678|Step_ExtSDM|30002312|calculateCaloriesWithCache totalCalories=130501
20171223-22:20:2:693|Step_ExtSDM|30002312|calculateAltitudeWithCache totalAltitude=240
20171223-22:20:2:695|Step_StandReportReceiver|30002312|REPORT : 7181 5127 153817 240
20171223-22:20:2:863|Step_LSC|30002312|onStandStepChanged 3755
20171223-22:20:2:874|Step_LSC|30002312|onExtend:1514038803000 2 0 4
20171223-22:20:3:164|Step_SPUtils|30002312| getTodayTotalDetailSteps = 1514038740000##7181##549251##8661##16256##27446989
20171223-22:20:3:165|Step_SPUtils|30002312|setTodayTotalDetailSteps=1514038740000##7183##549302##8661##16256##27447483
20171223-22:20:3:175|Step_ExtSDM|30002312|calculateCaloriesWithCache totalCalories=130544
20171223-22:20:3:179|Step_ExtSDM|30002312|calculateAltitudeWithCache totalAltitude=240
20171223-22:20:3:180|Step_StandReportReceiver|30002312|REPORT : 7183 5128 153859 240
20171223-22:20:3:862|Step_LSC|30002312|onStandStepChanged 3757
20171223-22:20:3:873|Step_LSC|30002312|onExtend:1514038804000 2 0 4
20171223-22:20:4:166|Step_SPUtils|30002312| getTodayTotalDetailSteps = 1514038740000##7183##549302##8661##16256##27447483
20171223-22:20:4:167|Step_SPUtils|30002312|setTodayTotalDetailSteps=1514038740000##7185##549353##8661##16256##27448486
20171223-22:20:4:187|Step_ExtSDM|30002312|calculateCaloriesWithCache totalCalories=130587
20171223-22:20:4:193|Step_ExtSDM|30002312|calculateAltitudeWithCache totalAltitude=240
20171223-22:20:4:193|Step_StandReportReceiver|30002312|REPORT : 7185 5130 153902 240
20171223-22:20:4:362|Step_LSC|30002312|onStandStepChanged 3758
20171223-22:20:4:373|Step_LSC|30002312|onExtend:1514038805000 1 0 4
20171223-22:20:4:664|Step_SPUtils|30002312| getTodayTotalDetailSteps = 1514038740000##7185##549353##8661##16256##27448486
20171223-22:20:4:665|Step_SPUtils|30002312|setTodayTotalDetailSteps=1514038740000##7186##549404##8661##16256##27448983
20171223-22:20:4:673|Step_ExtSDM|30002312|calculateCaloriesWithCache totalCalories=130608
20171223-22:20:4:676|Step_ExtSDM|30002312|calculateAltitudeWithCache totalAltitude=240
20171223-22:20:4:680|Step_StandReportReceiver|30002312|REPORT : 7186 5130 153924 240
20171223-22:20:5:362|Step_LSC|30002312|onStandStepChanged 3759
20171223-22:20:5:377|Step_LSC|30002312|onExtend:1514038806000 1 0 4
20171223-22:20:5:662|Step_SPUtils|30002312| getTodayTotalDetailSteps = 1514038740000##7186##549404##8661##16256##27448983
20171223-22:20:5:664|Step_SPUtils|30002312|setTodayTotalDetailSteps=1514038740000##7187##549455##8661##16256##27449982
20171223-22:20:5:672|Step_ExtSDM|30002312|calculateCaloriesWithCache totalCalories=130630
20171223-22:20:5:675|Step_ExtSDM|30002312|calculateAltitudeWithCache totalAltitude=240
20171223-22:20:5:675|Step_StandReportReceiver|30002312|REPORT : 7187 5131 153945 240
20171223-22:20:7:364|Step_LSC|30002312|onStandStepChanged 3760
20171223-22:20:7:378|Step_LSC|30002312|onExtend:1514038808000 1 0 4
20171223-22:20:7:665|Step_SPUtils|30002312| getTodayTotalDetailSteps = 1514038740000##7187##549455##8661##16256##27449982
20171223-22:20:7:666|Step_SPUtils|30002312|setTodayTotalDetailSteps=1514038740000##7188##549506##8661##16256##27451985
20171223-22:20:7:681|Step_ExtSDM|30002312|calculateCaloriesWithCache totalCalories=130651
20171223-22:20:7:686|Step_ExtSDM|30002312|calculateAltitudeWithCache totalAltitude=240
20171223-22:20:7:690|Step_StandReportReceiver|30002312|REPORT : 7188 5132 153966 240
20171223-22:20:7:864|Step_LSC|30002312|onStandStepChanged 3761
20171223-22:20:7:875|Step_LSC|30002312|onExtend:1514038808000 1 0 4
20171223-22:20:8:172|Step_SPUtils|30002312| getTodayTotalDetailSteps = 1514038740000##7188##549506##8661##16256##27451985
20171223-22:20:8:173|Step_SPUtils|30002312|setTodayTotalDetailSteps=1514038740000##7189##549557##8661##16256##27452491
20171223-22:20:8:180|Step_ExtSDM|30002312|calculateCaloriesWithCache totalCalories=130673
20171223-22:20:8:182|Step_ExtSDM|30002312|calculateAltitudeWithCache totalAltitude=240
20171223-22:20:8:185|Step_StandReportReceiver|30002312|REPORT : 7189 5132 153988 240
20171223-22:20:12:863|Step_LSC|30002312|onStandStepChanged 3761
20171223-22:20:12:874|Step_LSC|30002312|onExtend:1514038813000 0 0 0
20171223-22:20:13:164|Step_SPUtils|30002312| getTodayTotalDetailSteps = 1514038740000##7189##549557##8661##16256##27452491
20171223-22:20:13:165|Step_SPUtils|30002312|setTodayTotalDetailSteps=1514038740000##7189##549608##8661##16256##27457484
20171223-22:20:13:180|Step_ExtSDM|30002312|calculateCaloriesWithCache totalCalories=130673
20171223-22:20:13:184|Step_ExtSDM|30002312|calculateAltitudeWithCache totalAltitude=240
20171223-22:20:15:873|Step_LSC|30002312|onStandStepChanged 3761
20171223-22:20:15:885|Step_LSC|30002312|onExtend:1514038816000 0 0 5
20171223-22:24:52:184|Step_SPUtils|30002312| getTodayTotalDetailSteps = 1514038980000##7189##549659##8661##16256##27706835
20171223-22:24:52:185|Step_SPUtils|30002312|setTodayTotalDetailSteps=1514038980000##7189##549659##8661##16256##27736503
20171223-22:24:52:200|Step_ExtSDM|30002312|calculateCaloriesWithCache totalCalories=130673
20171223-22:24:52:210|Step_ExtSDM|30002312|calculateAltitudeWithCache totalAltitude=240
20171223-22:24:53:884|Step_LSC|30002312|onStandStepChanged 3761
20171223-22:24:53:897|Step_LSC|30002312|onExtend:1514039093000 0 0 0
20171223-22:24:54:185|Step_SPUtils|30002312| getTodayTotalDetailSteps = 1514038980000##7189##549659##8661##16256##27736503
20171223-22:24:54:186|Step_SPUtils|30002312|setTodayTotalDetailSteps=1514038980000##7189##549659##8661##16256##27738504
20171223-22:24:54:201|Step_ExtSDM|30002312|calculateCaloriesWithCache totalCalories=130673
20171223-22:24:54:205|Step_ExtSDM|30002312|calculateAltitudeWithCache totalAltitude=240
20171223-22:24:58:889|Step_LSC|30002312|onStandStepChanged 3761
20171223-22:24:58:890|Step_LSC|30002312|onExtend:1514039098000 0 0 5
20171223-22:24:59:190|Step_SPUtils|30002312| getTodayTotalDetailSteps = 1514038980000##7189##549659##8661##16256##27738504
20171223-22:24:59:191|Step_SPUtils|30002312|setTodayTotalDetailSteps=1514038980000##7189##549659##8661##16256##27743510
20171223-22:24:59:206|Step_ExtSDM|30002312|calculateCaloriesWithCache totalCalories=130673
20171223-22:24:59:210|Step_ExtSDM|30002312|calculateAltitudeWithCache totalAltitude=240
20171223-22:30:24:25|Step_StandReportReceiver|30002312|onReceive action: android.intent.action.SCREEN_ON
20171223-22:30:24:27|Step_LSC|30002312|processHandleBroadcastAction action:android.intent.action.SCREEN_ON
20171223-22:30:24:27|Step_StandStepCounter|30002312|flush sensor data
20171223-22:30:24:28|Step_SPUtils|30002312| getTodayTotalDetailSteps = 1514038980000##7189##549659##8661##16256##27743510
20171223-22:30:24:28|Step_SPUtils|30002312|setTodayTotalDetailSteps=1514039340000##7189##549659##8661##16256##28068346
20171223-22:30:24:28|Step_LSC|30002312|onStandStepChanged 3761
20171223-22:30:24:40|Step_ExtSDM|30002312|calculateCaloriesWithCache totalCalories=130673
20171223-22:30:24:45|Step_ExtSDM|30002312|calculateAltitudeWithCache totalAltitude=240
20171223-22:30:24:46|Step_StandReportReceiver|30002312|REPORT : 7189 5132 153988 240
20171223-22:30:24:129|Step_LSC|30002312|onStandStepChanged 3761
20171223-22:30:24:132|Step_LSC|30002312|onExtend:1514039424000 0 0 0
20171223-22:30:24:347|Step_SPUtils|30002312| getTodayTotalDetailSteps = 1514039340000##7189##549659##8661##16256##28068346
20171223-22:30:24:348|Step_SPUtils|30002312|setTodayTotalDetailSteps=1514039340000##7189##549659##8661##16256##28068666
20171223-22:30:24:355|Step_ExtSDM|30002312|calculateCaloriesWithCache totalCalories=130673
20171223-22:30:24:358|Step_ExtSDM|30002312|calculateAltitudeWithCache totalAltitude=240
20171223-22:31:0:136|Step_LSC|30002312|processHandleBroadcastAction action:android.intent.action.TIME_TICK
20171223-22:31:31:924|Step_LSC|30002312|onStandStepChanged 3761
20171223-22:31:31:940|Step_LSC|30002312|onExtend:1514039492000 0 0 5
20171223-22:31:32:225|Step_SPUtils|30002312| getTodayTotalDetailSteps = 1514039340000##7189##549659##8661##16256##28068666
20171223-22:31:32:226|Step_SPUtils|30002312|setTodayTotalDetailSteps=1514039400000##7189##549659##8661##16256##28136544
20171223-22:31:32:241|Step_ExtSDM|30002312|calculateCaloriesWithCache totalCalories=130673
20171223-22:31:32:246|Step_ExtSDM|30002312|calculateAltitudeWithCache totalAltitude=240
20171223-22:31:54:515|Step_StandReportReceiver|30002312|onReceive action: android.intent.action.SCREEN_OFF
20171223-22:31:59:613|Step_LSC|30002312|onStandStepChanged 3761
20171223-22:31:59:618|Step_StandReportReceiver|30002312|onReceive action: android.intent.action.SCREEN_ON
20171223-22:31:59:619|Step_LSC|30002312|processHandleBroadcastAction action:android.intent.action.SCREEN_ON
20171223-22:31:59:619|Step_StandStepCounter|30002312|flush sensor data
20171223-22:31:59:620|Step_LSC|30002312|onExtend:1514039515000 0 0 0
20171223-22:31:59:620|Step_LSC|30002312|onExtend:1514039575000 0 0 0
20171223-22:31:59:620|Step_SPUtils|30002312| getTodayTotalDetailSteps = 1514039400000##7189##549659##8661##16256##28136544
20171223-22:31:59:621|Step_SPUtils|30002312|setTodayTotalDetailSteps=1514039400000##7189##549659##8661##16256##28163940
20171223-22:31:59:621|Step_LSC|30002312|onStandStepChanged 3761
20171223-22:31:59:652|Step_ExtSDM|30002312|calculateCaloriesWithCache totalCalories=130673
20171223-22:31:59:655|Step_ExtSDM|30002312|calculateAltitudeWithCache totalAltitude=240
20171223-22:31:59:656|Step_StandReportReceiver|30002312|REPORT : 7189 5132 153988 240
20171223-22:31:59:723|Step_LSC|30002312|onStandStepChanged 3761
20171223-22:31:59:725|Step_LSC|30002312|onExtend:1514039520000 0 0 0
20171223-22:31:59:725|Step_LSC|30002312|timeStamp back,extendReportTimeStamp=1514039575000
20171223-22:31:59:956|Step_SPUtils|30002312| getTodayTotalDetailSteps = 1514039400000##7189##549659##8661##16256##28163940
20171223-22:31:59:957|Step_SPUtils|30002312|setTodayTotalDetailSteps=1514039400000##7189##549659##8661##16256##28164276
20171223-22:31:59:965|Step_ExtSDM|30002312|calculateCaloriesWithCache totalCalories=130673
20171223-22:31:59:968|Step_ExtSDM|30002312|calculateAltitudeWithCache totalAltitude=240
20171223-22:32:0:95|Step_LSC|30002312|processHandleBroadcastAction action:android.intent.action.TIME_TICK
20171223-22:33:0:103|Step_LSC|30002312|processHandleBroadcastAction action:android.intent.action.TIME_TICK
20171223-22:33:9:926|Step_LSC|30002312|onStandStepChanged 3761
20171223-22:33:9:938|Step_LSC|30002312|onExtend:1514039590000 0 0 5
20171223-22:33:10:228|Step_SPUtils|30002312| getTodayTotalDetailSteps = 1514039400000##7189##549659##8661##16256##28164276
20171223-22:33:10:229|Step_SPUtils|30002312|setTodayTotalDetailSteps=1514039520000##7189##549659##8661##16256##28234547
20171223-22:33:10:244|Step_ExtSDM|30002312|calculateCaloriesWithCache totalCalories=130673
20171223-22:33:10:248|Step_ExtSDM|30002312|calculateAltitudeWithCache totalAltitude=240
20171223-22:33:30:315|Step_StandReportReceiver|30002312|onReceive action: android.intent.action.SCREEN_OFF
20171223-22:33:46:274|Step_LSC|30002312|onStandStepChanged 3761
20171223-22:33:46:279|Step_LSC|30002312|onExtend:1514039626000 0 0 0
20171223-22:33:46:301|Step_StandReportReceiver|30002312|onReceive action: android.intent.action.SCREEN_ON
20171223-22:33:46:303|Step_LSC|30002312|processHandleBroadcastAction action:android.intent.action.SCREEN_ON
20171223-22:33:46:303|Step_StandStepCounter|30002312|flush sensor data
20171223-22:33:46:304|Step_SPUtils|30002312| getTodayTotalDetailSteps = 1514039520000##7189##549659##8661##16256##28234547
20171223-22:33:46:304|Step_SPUtils|30002312|setTodayTotalDetailSteps=1514039520000##7189##549659##8661##16256##28270623
20171223-22:33:46:305|Step_LSC|30002312|onStandStepChanged 3761
20171223-22:33:46:311|Step_ExtSDM|30002312|calculateCaloriesWithCache totalCalories=130673
20171223-22:33:46:314|Step_ExtSDM|30002312|calculateAltitudeWithCache totalAltitude=240
20171223-22:33:46:315|Step_StandReportReceiver|30002312|REPORT : 7189 5132 153988 240
20171223-22:33:46:405|Step_LSC|30002312|onStandStepChanged 3761
20171223-22:33:46:406|Step_LSC|30002312|onExtend:1514039626000 0 0 0
20171223-22:33:46:616|Step_SPUtils|30002312| getTodayTotalDetailSteps = 1514039520000##7189##549659##8661##16256##28270623
20171223-22:33:46:616|Step_SPUtils|30002312|setTodayTotalDetailSteps=1514039520000##7189##549659##8661##16256##28270935
20171223-22:33:46:622|Step_ExtSDM|30002312|calculateCaloriesWithCache totalCalories=130673
20171223-22:33:46:624|Step_ExtSDM|30002312|calculateAltitudeWithCache totalAltitude=240
20171223-22:34:0:126|Step_LSC|30002312|processHandleBroadcastAction action:android.intent.action.TIME_TICK
20171223-22:35:0:49|Step_LSC|30002312|processHandleBroadcastAction action:android.intent.action.TIME_TICK
20171223-22:36:0:138|Step_LSC|30002312|processHandleBroadcastAction action:android.intent.action.TIME_TICK
20171223-22:37:0:122|Step_LSC|30002312|processHandleBroadcastAction action:android.intent.action.TIME_TICK
20171223-22:37:14:939|Step_LSC|30002312|onStandStepChanged 3761
20171223-22:37:14:951|Step_LSC|30002312|onExtend:1514039834000 0 0 5
20171223-22:37:15:240|Step_SPUtils|30002312| getTodayTotalDetailSteps = 1514039520000##7189##549659##8661##16256##28270935
20171223-22:37:15:240|Step_SPUtils|30002312|setTodayTotalDetailSteps=1514039760000##7189##549659##8661##16256##28479559
20171223-22:37:15:249|Step_ExtSDM|30002312|calculateCaloriesWithCache totalCalories=130673
20171223-22:37:15:253|Step_ExtSDM|30002312|calculateAltitudeWithCache totalAltitude=240
20171223-22:37:37:466|Step_StandReportReceiver|30002312|onReceive action: android.intent.action.SCREEN_OFF
20171223-22:38:31:368|Step_LSC|30002312|processHandleBroadcastAction action:android.intent.action.TIME_TICK
20171223-22:39:25:260|Step_LSC|30002312|onStandStepChanged 3761
20171223-22:39:25:264|Step_LSC|30002312|onExtend:1514039857000 0 0 5
20171223-22:39:25:265|Step_LSC|30002312|onExtend:1514039917000 0 0 5
20171223-22:39:25:265|Step_LSC|30002312|onExtend:1514039977000 0 0 0
20171223-22:39:25:300|Step_StandReportReceiver|30002312|onReceive action: android.intent.action.SCREEN_ON
20171223-22:39:25:301|Step_LSC|30002312|processHandleBroadcastAction action:android.intent.action.SCREEN_ON
20171223-22:39:25:301|Step_StandStepCounter|30002312|flush sensor data
20171223-22:39:25:301|Step_SPUtils|30002312| getTodayTotalDetailSteps = 1514039760000##7189##549659##8661##16256##28479559
20171223-22:39:25:302|Step_SPUtils|30002312|setTodayTotalDetailSteps=1514039880000##7189##549659##8661##16256##28609620
20171223-22:39:25:306|Step_LSC|30002312|onStandStepChanged 3761
20171223-22:39:25:310|Step_ExtSDM|30002312|calculateCaloriesWithCache totalCalories=130673
20171223-22:39:25:313|Step_ExtSDM|30002312|calculateAltitudeWithCache totalAltitude=240
20171223-22:39:25:314|Step_StandReportReceiver|30002312|REPORT : 7189 5132 153988 240
20171223-22:39:25:402|Step_LSC|30002312|onStandStepChanged 3761
20171223-22:39:25:406|Step_LSC|30002312|onExtend:1514039965000 0 0 0
20171223-22:40:0:151|Step_LSC|30002312|processHandleBroadcastAction action:android.intent.action.TIME_TICK
20171223-22:41:0:151|Step_LSC|30002312|processHandleBroadcastAction action:android.intent.action.TIME_TICK
20171223-22:42:0:137|Step_LSC|30002312|processHandleBroadcastAction action:android.intent.action.TIME_TICK
20171223-22:43:0:96|Step_LSC|30002312|processHandleBroadcastAction action:android.intent.action.TIME_TICK
20171223-22:44:0:47|Step_LSC|30002312|processHandleBroadcastAction action:android.intent.action.TIME_TICK
20171223-22:45:0:94|Step_LSC|30002312|processHandleBroadcastAction action:android.intent.action.TIME_TICK
20171223-22:46:0:142|Step_LSC|30002312|processHandleBroadcastAction action:android.intent.action.TIME_TICK
20171223-22:47:0:157|Step_LSC|30002312|processHandleBroadcastAction action:android.intent.action.TIME_TICK
20171223-22:48:0:132|Step_LSC|30002312|processHandleBroadcastAction action:android.intent.action.TIME_TICK
20171223-22:49:0:139|Step_LSC|30002312|processHandleBroadcastAction action:android.intent.action.TIME_TICK
20171223-22:50:0:142|Step_LSC|30002312|processHandleBroadcastAction action:android.intent.action.TIME_TICK
20171223-22:51:0:128|Step_LSC|30002312|processHandleBroadcastAction action:android.intent.action.TIME_TICK
20171223-22:56:0:140|Step_LSC|30002312|processHandleBroadcastAction action:android.intent.action.TIME_TICK
20171223-22:56:6:185|Step_StandReportReceiver|30002312|onReceive action: android.intent.action.SCREEN_OFF
20171223-22:57:46:409|Step_LSC|30002312|processHandleBroadcastAction action:android.intent.action.TIME_TICK
20171223-22:59:36:579|Step_LSC|30002312|processHandleBroadcastAction action:android.intent.action.TIME_TICK
20171223-23:1:5:778|Step_LSC|30002312|processHandleBroadcastAction action:android.intent.action.TIME_TICK
20171223-23:2:31:995|Step_LSC|30002312|processHandleBroadcastAction action:android.intent.action.TIME_TICK
20171223-23:3:16:894|Step_LSC|30002312|processHandleBroadcastAction action:android.intent.action.TIME_TICK
20171223-23:5:7:189|Step_LSC|30002312|processHandleBroadcastAction action:android.intent.action.TIME_TICK
20171223-23:6:7:350|Step_LSC|30002312|processHandleBroadcastAction action:android.intent.action.TIME_TICK
20171223-23:7:6:86|Step_LSC|30002312|onExtend:1514040966000 0 0 5
20171223-23:7:6:86|Step_LSC|30002312|onExtend:1514041026000 0 0 5
20171223-23:7:6:86|Step_LSC|30002312|onExtend:1514041086000 0 0 5
20171223-23:7:6:86|Step_LSC|30002312|onExtend:1514041146000 0 0 5
20171223-23:7:6:86|Step_LSC|30002312|onExtend:1514041206000 0 0 5
20171223-23:7:6:86|Step_LSC|30002312|onExtend:1514041266000 0 0 5
20171223-23:7:6:86|Step_LSC|30002312|onExtend:1514041326000 0 0 5
20171223-23:7:6:86|Step_LSC|30002312|onExtend:1514041386000 0 0 5
20171223-23:7:6:86|Step_LSC|30002312|onExtend:1514041446000 0 0 5
20171223-23:7:6:86|Step_LSC|30002312|onExtend:1514041506000 0 0 5
20171223-23:7:6:86|Step_LSC|30002312|onExtend:1514041566000 0 0 5
20171223-23:7:6:86|Step_LSC|30002312|onExtend:1514041626000 0 0 5
20171224-0:5:22:473|Step_LSC|30002312|onStandStepChanged 3786
20171224-0:5:22:478|Step_LSC|30002312|onExtend:1514045123000 0 0 0
20171224-0:5:22:774|Step_SPUtils|30002312| getTodayTotalDetailSteps = 1514044740000##0##549659##8661##16256##33450764
20171224-0:5:22:774|Step_SPUtils|30002312|setTodayTotalDetailSteps=1514045040000##0##549659##8661##16256##33767093
20171224-0:5:22:779|Step_ExtSDM|30002312|calculateCaloriesWithCache totalCalories=0
20171224-0:5:22:779|Step_ExtSDM|30002312|calculateAltitudeWithCache totalAltitude=0
20171224-0:6:0:153|Step_LSC|30002312|processHandleBroadcastAction action:android.intent.action.TIME_TICK
20171224-0:6:16:562|Step_LSC|30002312|onStandStepChanged 3786
20171224-0:6:16:574|Step_LSC|30002312|onExtend:1514045177000 0 0 0
20171224-0:6:16:863|Step_SPUtils|30002312| getTodayTotalDetailSteps = 1514045040000##0##549659##8661##16256##33767093
20171224-0:6:16:864|Step_SPUtils|30002312|setTodayTotalDetailSteps=1514045100000##0##549659##8661##16256##33821183
20171224-0:6:16:871|Step_ExtSDM|30002312|calculateCaloriesWithCache totalCalories=0
20171224-0:6:16:871|Step_ExtSDM|30002312|calculateAltitudeWithCache totalAltitude=0
20171224-0:7:0:125|Step_LSC|30002312|processHandleBroadcastAction action:android.intent.action.TIME_TICK
20171224-0:7:2:137|Step_LSC|30002312|onStandStepChanged 3786
20171224-0:7:2:150|Step_LSC|30002312|onExtend:1514045222000 0 0 5
20171224-0:7:2:439|Step_SPUtils|30002312| getTodayTotalDetailSteps = 1514045100000##0##549659##8661##16256##33821183
20171224-0:7:2:440|Step_SPUtils|30002312|setTodayTotalDetailSteps=1514045160000##0##549659##8661##16256##33866758
20171224-0:7:2:445|Step_ExtSDM|30002312|calculateCaloriesWithCache totalCalories=0
20171224-0:7:2:445|Step_ExtSDM|30002312|calculateAltitudeWithCache totalAltitude=0
20171224-0:7:4:137|Step_LSC|30002312|onStandStepChanged 3786
20171224-0:7:4:153|Step_LSC|30002312|onExtend:1514045224000 0 0 0
20171224-0:7:4:439|Step_SPUtils|30002312| getTodayTotalDetailSteps = 1514045160000##0##549659##8661##16256##33866758
20171224-0:7:4:439|Step_SPUtils|30002312|setTodayTotalDetailSteps=1514045160000##0##549659##8661##16256##33868758
20171224-0:7:4:447|Step_ExtSDM|30002312|calculateCaloriesWithCache totalCalories=0
20171224-0:7:4:447|Step_ExtSDM|30002312|calculateAltitudeWithCache totalAltitude=0
20171224-0:7:20:137|Step_LSC|30002312|onStandStepChanged 3786
20171224-0:7:20:149|Step_LSC|30002312|onExtend:1514045240000 0 0 5
20171224-0:7:20:438|Step_SPUtils|30002312| getTodayTotalDetailSteps = 1514045160000##0##549659##8661##16256##33868758
20171224-0:7:20:439|Step_SPUtils|30002312|setTodayTotalDetailSteps=1514045160000##0##549659##8661##16256##33884757
20171224-0:7:20:444|Step_ExtSDM|30002312|calculateCaloriesWithCache totalCalories=0
20171224-0:7:20:444|Step_ExtSDM|30002312|calculateAltitudeWithCache totalAltitude=0
20171224-0:7:21:138|Step_LSC|30002312|onStandStepChanged 3786
20171224-0:7:21:149|Step_LSC|30002312|onExtend:1514045241000 0 0 0
20171224-0:7:21:439|Step_SPUtils|30002312| getTodayTotalDetailSteps = 1514045160000##0##549659##8661##16256##33884757
20171224-0:7:21:440|Step_SPUtils|30002312|setTodayTotalDetailSteps=1514045160000##0##549659##8661##16256##33885759
20171224-0:7:21:447|Step_ExtSDM|30002312|calculateCaloriesWithCache totalCalories=0
20171224-0:7:21:447|Step_ExtSDM|30002312|calculateAltitudeWithCache totalAltitude=0
20171224-0:9:4:137|Step_LSC|30002312|onStandStepChanged 3786
20171224-0:9:4:148|Step_LSC|30002312|onExtend:1514045344000 0 0 5
20171224-0:9:4:440|Step_SPUtils|30002312| getTodayTotalDetailSteps = 1514045160000##0##549659##8661##16256##33885759
20171224-0:9:4:441|Step_SPUtils|30002312|setTodayTotalDetailSteps=1514045280000##0##549659##8661##16256##33988760
20171224-0:9:4:460|Step_ExtSDM|30002312|calculateCaloriesWithCache totalCalories=0
20171224-0:9:4:460|Step_ExtSDM|30002312|calculateAltitudeWithCache totalAltitude=0
20171224-0:9:6:137|Step_LSC|30002312|onStandStepChanged 3786
20171224-0:9:6:148|Step_LSC|30002312|onExtend:1514045346000 0 0 0
20171224-0:9:6:442|Step_SPUtils|30002312| getTodayTotalDetailSteps = 1514045280000##0##549659##8661##16256##33988760
20171224-0:9:6:442|Step_SPUtils|30002312|setTodayTotalDetailSteps=1514045280000##0##549659##8661##16256##33990761
20171224-0:9:6:450|Step_ExtSDM|30002312|calculateCaloriesWithCache totalCalories=0
20171224-0:9:6:450|Step_ExtSDM|30002312|calculateAltitudeWithCache totalAltitude=0
20171224-0:9:34:137|Step_LSC|30002312|onStandStepChanged 3786
20171224-0:9:34:153|Step_LSC|30002312|onExtend:1514045374000 0 0 5
20171224-0:9:34:439|Step_SPUtils|30002312| getTodayTotalDetailSteps = 1514045280000##0##549659##8661##16256##33990761
20171224-0:9:34:440|Step_SPUtils|30002312|setTodayTotalDetailSteps=1514045280000##0##549659##8661##16256##34018758
20171224-0:9:34:446|Step_ExtSDM|30002312|calculateCaloriesWithCache totalCalories=0
20171224-0:9:34:446|Step_ExtSDM|30002312|calculateAltitudeWithCache totalAltitude=0
20171224-0:9:35:137|Step_LSC|30002312|onStandStepChanged 3786
20171224-0:9:35:148|Step_LSC|30002312|onExtend:1514045375000 0 0 0
20171224-0:9:35:440|Step_SPUtils|30002312| getTodayTotalDetailSteps = 1514045280000##0##549659##8661##16256##34018758
20171224-0:9:35:441|Step_SPUtils|30002312|setTodayTotalDetailSteps=1514045280000##0##549659##8661##16256##34019759
20171224-0:9:35:448|Step_ExtSDM|30002312|calculateCaloriesWithCache totalCalories=0
20171224-0:9:35:448|Step_ExtSDM|30002312|calculateAltitudeWithCache totalAltitude=0
20171224-0:10:0:183|Step_LSC|30002312|processHandleBroadcastAction action:android.intent.action.TIME_TICK
20171224-0:10:9:136|Step_LSC|30002312|onStandStepChanged 3786
20171224-0:10:9:143|Step_LSC|30002312|onExtend:1514045409000 0 0 5
20171224-0:11:0:122|Step_LSC|30002312|processHandleBroadcastAction action:android.intent.action.TIME_TICK
20171224-0:12:0:138|Step_LSC|30002312|processHandleBroadcastAction action:android.intent.action.TIME_TICK
20171224-0:13:0:151|Step_LSC|30002312|processHandleBroadcastAction action:android.intent.action.TIME_TICK
20171224-0:14:0:160|Step_LSC|30002312|processHandleBroadcastAction action:android.intent.action.TIME_TICK
20171224-0:15:0:147|Step_LSC|30002312|processHandleBroadcastAction action:android.intent.action.TIME_TICK
20171224-0:16:0:149|Step_LSC|30002312|processHandleBroadcastAction action:android.intent.action.TIME_TICK
20171224-0:17:0:126|Step_LSC|30002312|processHandleBroadcastAction action:android.intent.action.TIME_TICK
20171224-0:18:0:103|Step_LSC|30002312|processHandleBroadcastAction action:android.intent.action.TIME_TICK
20171224-0:19:0:137|Step_LSC|30002312|processHandleBroadcastAction action:android.intent.action.TIME_TICK
20171224-0:20:0:128|Step_LSC|30002312|processHandleBroadcastAction action:android.intent.action.TIME_TICK
20171224-0:21:0:131|Step_LSC|30002312|processHandleBroadcastAction action:android.intent.action.TIME_TICK
20171224-0:22:0:135|Step_LSC|30002312|processHandleBroadcastAction action:android.intent.action.TIME_TICK
20171224-0:23:0:141|Step_LSC|30002312|processHandleBroadcastAction action:android.intent.action.TIME_TICK
20171224-0:24:0:114|Step_LSC|30002312|processHandleBroadcastAction action:android.intent.action.TIME_TICK
20171224-0:25:0:132|Step_LSC|30002312|processHandleBroadcastAction action:android.intent.action.TIME_TICK
20171224-0:32:41:114|Step_LSC|30002312|processHandleBroadcastAction action:android.intent.action.TIME_TICK
20171224-0:37:23:74|Step_LSC|30002312|processHandleBroadcastAction action:android.intent.action.TIME_TICK
20171224-0:38:23:301|Step_LSC|30002312|processHandleBroadcastAction action:android.intent.action.TIME_TICK
20171224-0:39:14:288|Step_LSC|30002312|processHandleBroadcastAction action:android.intent.action.TIME_TICK
20171224-0:42:46:681|Step_LSC|30002312|processHandleBroadcastAction action:android.intent.action.TIME_TICK
20171224-0:45:47:485|Step_LSC|30002312|processHandleBroadcastAction action:android.intent.action.TIME_TICK
20171224-0:48:29:111|Step_LSC|30002312|processHandleBroadcastAction action:android.intent.action.TIME_TICK
20171224-0:49:29:380|Step_LSC|30002312|processHandleBroadcastAction action:android.intent.action.TIME_TICK
20171224-0:51:1:747|Step_LSC|30002312|processHandleBroadcastAction action:android.intent.action.TIME_TICK
20171224-0:52:20:752|Step_LSC|30002312|processHandleBroadcastAction action:android.intent.action.TIME_TICK
20171224-0:53:59:235|Step_LSC|30002312|processHandleBroadcastAction action:android.intent.action.TIME_TICK
20171224-0:55:32:22|Step_LSC|30002312|processHandleBroadcastAction action:android.intent.action.TIME_TICK
20171224-0:58:53:985|Step_LSC|30002312|processHandleBroadcastAction action:android.intent.action.TIME_TICK
20171224-0:59:7:581|Step_LSC|30002312|processHandleBroadcastAction action:android.intent.action.TIME_TICK
20171224-1:0:0:794|Step_LSC|30002312|processHandleBroadcastAction action:android.intent.action.TIME_TICK