2015-10-18 18:01:53,744 INFO [AsyncDispatcher event handler] org.apache.hadoop.mapreduce.v2.app.job.impl.JobImpl: job_1445144423722_0020Job Transitioned from INITED to SETUP
2015-10-18 18:01:53,775 INFO [CommitterEvent Processor #0] org.apache.hadoop.mapreduce.v2.app.commit.CommitterEventHandler: Processing the event EventType: JOB_SETUP
2015-10-18 18:01:53,822 INFO [AsyncDispatcher event handler] org.apache.hadoop.mapreduce.v2.app.job.impl.JobImpl: job_1445144423722_0020Job Transitioned from SETUP to RUNNING
2015-10-18 18:01:53,838 INFO [AsyncDispatcher event handler] org.apache.hadoop.yarn.util.RackResolver: Resolved MSRA-SA-39.fareast.corp.microsoft.com to /default-rack
2015-10-18 18:01:53,869 INFO [AsyncDispatcher event handler] org.apache.hadoop.yarn.util.RackResolver: Resolved MSRA-SA-41.fareast.corp.microsoft.com to /default-rack
2015-10-18 18:01:53,869 INFO [AsyncDispatcher event handler] org.apache.hadoop.mapreduce.v2.app.job.impl.TaskImpl: task_1445144423722_0020_m_000000 Task Transitioned from NEW to SCHEDULED
2015-10-18 18:01:53,869 INFO [AsyncDispatcher event handler] org.apache.hadoop.yarn.util.RackResolver: Resolved MSRA-SA-39.fareast.corp.microsoft.com to /default-rack
2015-10-18 18:01:53,869 INFO [AsyncDispatcher event handler] org.apache.hadoop.yarn.util.RackResolver: Resolved MSRA-SA-41.fareast.corp.microsoft.com to /default-rack
2015-10-18 18:01:53,869 INFO [AsyncDispatcher event handler] org.apache.hadoop.mapreduce.v2.app.job.impl.TaskImpl: task_1445144423722_0020_m_000001 Task Transitioned from NEW to SCHEDULED
2015-10-18 18:01:53,869 INFO [AsyncDispatcher event handler] org.apache.hadoop.yarn.util.RackResolver: Resolved MSRA-SA-39.fareast.corp.microsoft.com to /default-rack
2015-10-18 18:01:53,869 INFO [AsyncDispatcher event handler] org.apache.hadoop.yarn.util.RackResolver: Resolved MSRA-SA-41.fareast.corp.microsoft.com to /default-rack
2015-10-18 18:01:53,869 INFO [AsyncDispatcher event handler] org.apache.hadoop.mapreduce.v2.app.job.impl.TaskImpl: task_1445144423722_0020_m_000002 Task Transitioned from NEW to SCHEDULED
2015-10-18 18:01:53,869 INFO [AsyncDispatcher event handler] org.apache.hadoop.yarn.util.RackResolver: Resolved MSRA-SA-39.fareast.corp.microsoft.com to /default-rack
2015-10-18 18:01:53,869 INFO [AsyncDispatcher event handler] org.apache.hadoop.yarn.util.RackResolver: Resolved MSRA-SA-41.fareast.corp.microsoft.com to /default-rack
2015-10-18 18:01:53,869 INFO [AsyncDispatcher event handler] org.apache.hadoop.mapreduce.v2.app.job.impl.TaskImpl: task_1445144423722_0020_m_000003 Task Transitioned from NEW to SCHEDULED
2015-10-18 18:01:53,869 INFO [AsyncDispatcher event handler] org.apache.hadoop.yarn.util.RackResolver: Resolved MSRA-SA-39.fareast.corp.microsoft.com to /default-rack
2015-10-18 18:01:53,869 INFO [AsyncDispatcher event handler] org.apache.hadoop.yarn.util.RackResolver: Resolved MSRA-SA-41.fareast.corp.microsoft.com to /default-rack
2015-10-18 18:01:53,869 INFO [AsyncDispatcher event handler] org.apache.hadoop.mapreduce.v2.app.job.impl.TaskImpl: task_1445144423722_0020_m_000004 Task Transitioned from NEW to SCHEDULED
2015-10-18 18:01:53,869 INFO [AsyncDispatcher event handler] org.apache.hadoop.yarn.util.RackResolver: Resolved MSRA-SA-39.fareast.corp.microsoft.com to /default-rack
2015-10-18 18:01:53,869 INFO [AsyncDispatcher event handler] org.apache.hadoop.yarn.util.RackResolver: Resolved MSRA-SA-41.fareast.corp.microsoft.com to /default-rack
2015-10-18 18:01:53,869 INFO [AsyncDispatcher event handler] org.apache.hadoop.mapreduce.v2.app.job.impl.TaskImpl: task_1445144423722_0020_m_000005 Task Transitioned from NEW to SCHEDULED
2015-10-18 18:01:53,885 INFO [AsyncDispatcher event handler] org.apache.hadoop.yarn.util.RackResolver: Resolved MSRA-SA-39.fareast.corp.microsoft.com to /default-rack
2015-10-18 18:01:53,885 INFO [AsyncDispatcher event handler] org.apache.hadoop.yarn.util.RackResolver: Resolved MSRA-SA-41.fareast.corp.microsoft.com to /default-rack
2015-10-18 18:01:53,885 INFO [AsyncDispatcher event handler] org.apache.hadoop.mapreduce.v2.app.job.impl.TaskImpl: task_1445144423722_0020_m_000006 Task Transitioned from NEW to SCHEDULED
2015-10-18 18:01:53,885 INFO [AsyncDispatcher event handler] org.apache.hadoop.yarn.util.RackResolver: Resolved MSRA-SA-39.fareast.corp.microsoft.com to /default-rack
2015-10-18 18:01:53,885 INFO [AsyncDispatcher event handler] org.apache.hadoop.yarn.util.RackResolver: Resolved MSRA-SA-41.fareast.corp.microsoft.com to /default-rack
2015-10-18 18:01:53,885 INFO [AsyncDispatcher event handler] org.apache.hadoop.mapreduce.v2.app.job.impl.TaskImpl: task_1445144423722_0020_m_000007 Task Transitioned from NEW to SCHEDULED
2015-10-18 18:01:53,885 INFO [AsyncDispatcher event handler] org.apache.hadoop.yarn.util.RackResolver: Resolved MSRA-SA-39.fareast.corp.microsoft.com to /default-rack
2015-10-18 18:01:53,885 INFO [AsyncDispatcher event handler] org.apache.hadoop.yarn.util.RackResolver: Resolved MSRA-SA-41.fareast.corp.microsoft.com to /default-rack
2015-10-18 18:01:53,885 INFO [AsyncDispatcher event handler] org.apache.hadoop.mapreduce.v2.app.job.impl.TaskImpl: task_1445144423722_0020_m_000008 Task Transitioned from NEW to SCHEDULED
2015-10-18 18:01:53,885 INFO [AsyncDispatcher event handler] org.apache.hadoop.yarn.util.RackResolver: Resolved MSRA-SA-39.fareast.corp.microsoft.com to /default-rack
2015-10-18 18:01:53,885 INFO [AsyncDispatcher event handler] org.apache.hadoop.yarn.util.RackResolver: Resolved MSRA-SA-41.fareast.corp.microsoft.com to /default-rack
2015-10-18 18:01:53,885 INFO [AsyncDispatcher event handler] org.apache.hadoop.mapreduce.v2.app.job.impl.TaskImpl: task_1445144423722_0020_m_000009 Task Transitioned from NEW to SCHEDULED
2015-10-18 18:01:53,885 INFO [AsyncDispatcher event handler] org.apache.hadoop.mapreduce.v2.app.job.impl.TaskImpl: task_1445144423722_0020_r_000000 Task Transitioned from NEW to SCHEDULED
2015-10-18 18:01:53,885 INFO [AsyncDispatcher event handler] org.apache.hadoop.mapreduce.v2.app.job.impl.TaskAttemptImpl: attempt_1445144423722_0020_m_000000_0 TaskAttempt Transitioned from NEW to UNASSIGNED
2015-10-18 18:01:53,885 INFO [AsyncDispatcher event handler] org.apache.hadoop.mapreduce.v2.app.job.impl.TaskAttemptImpl: attempt_1445144423722_0020_m_000001_0 TaskAttempt Transitioned from NEW to UNASSIGNED
2015-10-18 18:01:53,885 INFO [AsyncDispatcher event handler] org.apache.hadoop.mapreduce.v2.app.job.impl.TaskAttemptImpl: attempt_1445144423722_0020_m_000002_0 TaskAttempt Transitioned from NEW to UNASSIGNED
2015-10-18 18:01:53,885 INFO [AsyncDispatcher event handler] org.apache.hadoop.mapreduce.v2.app.job.impl.TaskAttemptImpl: attempt_1445144423722_0020_m_000003_0 TaskAttempt Transitioned from NEW to UNASSIGNED
2015-10-18 18:01:53,885 INFO [AsyncDispatcher event handler] org.apache.hadoop.mapreduce.v2.app.job.impl.TaskAttemptImpl: attempt_1445144423722_0020_m_000004_0 TaskAttempt Transitioned from NEW to UNASSIGNED
2015-10-18 18:01:53,885 INFO [AsyncDispatcher event handler] org.apache.hadoop.mapreduce.v2.app.job.impl.TaskAttemptImpl: attempt_1445144423722_0020_m_000005_0 TaskAttempt Transitioned from NEW to UNASSIGNED
2015-10-18 18:01:53,885 INFO [AsyncDispatcher event handler] org.apache.hadoop.mapreduce.v2.app.job.impl.TaskAttemptImpl: attempt_1445144423722_0020_m_000006_0 TaskAttempt Transitioned from NEW to UNASSIGNED
2015-10-18 18:01:53,885 INFO [AsyncDispatcher event handler] org.apache.hadoop.mapreduce.v2.app.job.impl.TaskAttemptImpl: attempt_1445144423722_0020_m_000007_0 TaskAttempt Transitioned from NEW to UNASSIGNED
2015-10-18 18:01:53,885 INFO [AsyncDispatcher event handler] org.apache.hadoop.mapreduce.v2.app.job.impl.TaskAttemptImpl: attempt_1445144423722_0020_m_000008_0 TaskAttempt Transitioned from NEW to UNASSIGNED
2015-10-18 18:01:53,885 INFO [AsyncDispatcher event handler] org.apache.hadoop.mapreduce.v2.app.job.impl.TaskAttemptImpl: attempt_1445144423722_0020_m_000009_0 TaskAttempt Transitioned from NEW to UNASSIGNED
2015-10-18 18:01:53,885 INFO [AsyncDispatcher event handler] org.apache.hadoop.mapreduce.v2.app.job.impl.TaskAttemptImpl: attempt_1445144423722_0020_r_000000_0 TaskAttempt Transitioned from NEW to UNASSIGNED
2015-10-18 18:04:13,346 INFO [IPC Server handler 14 on 62270] org.apache.hadoop.mapred.TaskAttemptListenerImpl: Progress of TaskAttempt attempt_1445144423722_0020_m_000001_0 is : 0.29115766
2015-10-18 18:04:13,596 INFO [IPC Server handler 23 on 62270] org.apache.hadoop.mapred.TaskAttemptListenerImpl: Progress of TaskAttempt attempt_1445144423722_0020_m_000003_0 is : 0.6199081
2015-10-18 18:04:13,674 INFO [IPC Server handler 9 on 62270] org.apache.hadoop.mapred.TaskAttemptListenerImpl: Progress of TaskAttempt attempt_1445144423722_0020_m_000002_0 is : 0.2898827
2015-10-18 18:04:13,971 INFO [IPC Server handler 11 on 62270] org.apache.hadoop.mapred.TaskAttemptListenerImpl: Progress of TaskAttempt attempt_1445144423722_0020_m_000000_0 is : 0.27696857
2015-10-18 18:04:14,018 INFO [IPC Server handler 27 on 62270] org.apache.hadoop.mapred.TaskAttemptListenerImpl: Progress of TaskAttempt attempt_1445144423722_0020_m_000005_0 is : 0.19247705
2015-10-18 18:04:14,159 INFO [IPC Server handler 5 on 62270] org.apache.hadoop.mapred.TaskAttemptListenerImpl: Progress of TaskAttempt attempt_1445144423722_0020_m_000004_0 is : 0.18529637
2015-10-18 18:04:14,159 INFO [IPC Server handler 5 on 62270] org.apache.hadoop.mapred.TaskAttemptListenerImpl: Progress of TaskAttempt attempt_1445144423722_0020_m_000007_0 is : 0.10681946
2015-10-18 18:04:14,315 INFO [IPC Server handler 14 on 62270] org.apache.hadoop.mapred.TaskAttemptListenerImpl: Progress of TaskAttempt attempt_1445144423722_0020_m_000003_0 is : 0.667
2015-10-18 18:04:15,049 INFO [IPC Server handler 8 on 62270] org.apache.hadoop.mapred.TaskAttemptListenerImpl: Progress of TaskAttempt attempt_1445144423722_0020_m_000006_0 is : 0.19266446
2015-10-18 18:04:16,440 INFO [IPC Server handler 0 on 62270] org.apache.hadoop.mapred.TaskAttemptListenerImpl: Progress of TaskAttempt attempt_1445144423722_0020_m_000001_0 is : 0.31981927
2015-10-18 18:04:16,768 INFO [IPC Server handler 19 on 62270] org.apache.hadoop.mapred.TaskAttemptListenerImpl: Progress of TaskAttempt attempt_1445144423722_0020_m_000002_0 is : 0.32958937
2015-10-18 18:04:17,128 INFO [IPC Server handler 18 on 62270] org.apache.hadoop.mapred.TaskAttemptListenerImpl: Progress of TaskAttempt attempt_1445144423722_0020_m_000005_0 is : 0.19247705
2015-10-18 18:04:17,237 INFO [IPC Server handler 14 on 62270] org.apache.hadoop.mapred.TaskAttemptListenerImpl: Progress of TaskAttempt attempt_1445144423722_0020_m_000004_0 is : 0.19242907
2015-10-18 18:04:17,237 INFO [IPC Server handler 0 on 62270] org.apache.hadoop.mapred.TaskAttemptListenerImpl: Progress of TaskAttempt attempt_1445144423722_0020_m_000007_0 is : 0.10681946
2015-10-18 18:04:17,362 INFO [IPC Server handler 29 on 62270] org.apache.hadoop.mapred.TaskAttemptListenerImpl: Progress of TaskAttempt attempt_1445144423722_0020_m_000000_0 is : 0.27696857
2015-10-18 18:04:17,425 INFO [IPC Server handler 2 on 62270] org.apache.hadoop.mapred.TaskAttemptListenerImpl: Progress of TaskAttempt attempt_1445144423722_0020_m_000003_0 is : 0.667
2015-10-18 18:04:18,190 INFO [IPC Server handler 18 on 62270] org.apache.hadoop.mapred.TaskAttemptListenerImpl: Progress of TaskAttempt attempt_1445144423722_0020_m_000006_0 is : 0.19266446
2015-10-18 18:04:18,987 INFO [IPC Server handler 3 on 62270] org.apache.hadoop.mapred.TaskAttemptListenerImpl: Progress of TaskAttempt attempt_1445144423722_0020_m_000008_0 is : 0.106881365
2015-10-18 18:04:19,753 INFO [IPC Server handler 19 on 62270] org.apache.hadoop.mapred.TaskAttemptListenerImpl: Progress of TaskAttempt attempt_1445144423722_0020_m_000009_0 is : 0.295472
2015-10-18 18:04:20,206 INFO [IPC Server handler 18 on 62270] org.apache.hadoop.mapred.TaskAttemptListenerImpl: Progress of TaskAttempt attempt_1445144423722_0020_m_000005_0 is : 0.19247705
2015-10-18 18:04:20,206 INFO [IPC Server handler 18 on 62270] org.apache.hadoop.mapred.TaskAttemptListenerImpl: Progress of TaskAttempt attempt_1445144423722_0020_m_000001_0 is : 0.3512319
2015-10-18 18:04:20,362 INFO [IPC Server handler 5 on 62270] org.apache.hadoop.mapred.TaskAttemptListenerImpl: Progress of TaskAttempt attempt_1445144423722_0020_m_000004_0 is : 0.19242907
2015-10-18 18:04:20,362 INFO [IPC Server handler 5 on 62270] org.apache.hadoop.mapred.TaskAttemptListenerImpl: Progress of TaskAttempt attempt_1445144423722_0020_m_000007_0 is : 0.10681946
2015-10-18 18:04:20,394 INFO [IPC Server handler 29 on 62270] org.apache.hadoop.mapred.TaskAttemptListenerImpl: Progress of TaskAttempt attempt_1445144423722_0020_m_000002_0 is : 0.36317363
2015-10-18 18:04:20,550 INFO [IPC Server handler 2 on 62270] org.apache.hadoop.mapred.TaskAttemptListenerImpl: Progress of TaskAttempt attempt_1445144423722_0020_m_000003_0 is : 0.667
2015-10-18 18:04:20,800 INFO [IPC Server handler 22 on 62270] org.apache.hadoop.mapred.TaskAttemptListenerImpl: Progress of TaskAttempt attempt_1445144423722_0020_m_000000_0 is : 0.27696857
2015-10-18 18:04:21,237 INFO [IPC Server handler 5 on 62270] org.apache.hadoop.mapred.TaskAttemptListenerImpl: Progress of TaskAttempt attempt_1445144423722_0020_m_000006_0 is : 0.19266446
2015-10-18 18:04:22,019 INFO [IPC Server handler 3 on 62270] org.apache.hadoop.mapred.TaskAttemptListenerImpl: Progress of TaskAttempt attempt_1445144423722_0020_m_000008_0 is : 0.106881365
2015-10-18 18:04:22,784 INFO [IPC Server handler 19 on 62270] org.apache.hadoop.mapred.TaskAttemptListenerImpl: Progress of TaskAttempt attempt_1445144423722_0020_m_000009_0 is : 0.295472
2015-10-18 18:04:23,269 INFO [IPC Server handler 15 on 62270] org.apache.hadoop.mapred.TaskAttemptListenerImpl: Progress of TaskAttempt attempt_1445144423722_0020_m_000005_0 is : 0.19247705
2015-10-18 18:04:23,409 INFO [IPC Server handler 10 on 62270] org.apache.hadoop.mapred.TaskAttemptListenerImpl: Progress of TaskAttempt attempt_1445144423722_0020_m_000004_0 is : 0.19242907
2015-10-18 18:04:23,409 INFO [IPC Server handler 14 on 62270] org.apache.hadoop.mapred.TaskAttemptListenerImpl: Progress of TaskAttempt attempt_1445144423722_0020_m_000007_0 is : 0.1337379
2015-10-18 18:04:23,581 INFO [IPC Server handler 2 on 62270] org.apache.hadoop.mapred.TaskAttemptListenerImpl: Progress of TaskAttempt attempt_1445144423722_0020_m_000003_0 is : 0.6854124
2015-10-18 18:04:23,706 INFO [IPC Server handler 4 on 62270] org.apache.hadoop.mapred.TaskAttemptListenerImpl: Progress of TaskAttempt attempt_1445144423722_0020_m_000001_0 is : 0.36319977
2015-10-18 18:04:23,972 INFO [IPC Server handler 3 on 62270] org.apache.hadoop.mapred.TaskAttemptListenerImpl: Progress of TaskAttempt attempt_1445144423722_0020_m_000002_0 is : 0.36317363
2015-10-18 18:04:24,238 INFO [IPC Server handler 6 on 62270] org.apache.hadoop.mapred.TaskAttemptListenerImpl: Progress of TaskAttempt attempt_1445144423722_0020_m_000000_0 is : 0.29998285
2015-10-18 18:04:24,284 INFO [IPC Server handler 20 on 62270] org.apache.hadoop.mapred.TaskAttemptListenerImpl: Progress of TaskAttempt attempt_1445144423722_0020_m_000006_0 is : 0.19266446
2015-10-18 18:04:25,034 INFO [IPC Server handler 6 on 62270] org.apache.hadoop.mapred.TaskAttemptListenerImpl: Progress of TaskAttempt attempt_1445144423722_0020_m_000008_0 is : 0.106881365
2015-10-18 18:04:25,785 INFO [IPC Server handler 19 on 62270] org.apache.hadoop.mapred.TaskAttemptListenerImpl: Progress of TaskAttempt attempt_1445144423722_0020_m_000009_0 is : 0.295472
2015-10-18 18:04:26,300 INFO [IPC Server handler 20 on 62270] org.apache.hadoop.mapred.TaskAttemptListenerImpl: Progress of TaskAttempt attempt_1445144423722_0020_m_000005_0 is : 0.27813601
2015-10-18 18:04:26,488 INFO [IPC Server handler 10 on 62270] org.apache.hadoop.mapred.TaskAttemptListenerImpl: Progress of TaskAttempt attempt_1445144423722_0020_m_000004_0 is : 0.25258622
2015-10-18 18:04:26,488 INFO [IPC Server handler 14 on 62270] org.apache.hadoop.mapred.TaskAttemptListenerImpl: Progress of TaskAttempt attempt_1445144423722_0020_m_000007_0 is : 0.19255035
2015-10-18 18:04:26,660 INFO [IPC Server handler 29 on 62270] org.apache.hadoop.mapred.TaskAttemptListenerImpl: Progress of TaskAttempt attempt_1445144423722_0020_m_000003_0 is : 0.7198902
2015-10-18 18:04:27,160 INFO [IPC Server handler 20 on 62270] org.apache.hadoop.mapred.TaskAttemptListenerImpl: Progress of TaskAttempt attempt_1445144423722_0020_m_000001_0 is : 0.36319977
2015-10-18 18:04:27,269 INFO [IPC Server handler 12 on 62270] org.apache.hadoop.mapred.TaskAttemptListenerImpl: Progress of TaskAttempt attempt_1445144423722_0020_m_000002_0 is : 0.36317363
2015-10-18 18:04:27,316 INFO [IPC Server handler 28 on 62270] org.apache.hadoop.mapred.TaskAttemptListenerImpl: Progress of TaskAttempt attempt_1445144423722_0020_m_000006_0 is : 0.27613032
2015-10-18 18:04:27,706 INFO [IPC Server handler 4 on 62270] org.apache.hadoop.mapred.TaskAttemptListenerImpl: Progress of TaskAttempt attempt_1445144423722_0020_m_000000_0 is : 0.33995733
2015-10-18 18:04:28,082 INFO [IPC Server handler 9 on 62270] org.apache.hadoop.mapred.TaskAttemptListenerImpl: Progress of TaskAttempt attempt_1445144423722_0020_m_000008_0 is : 0.106881365
2015-10-18 18:04:28,800 INFO [IPC Server handler 19 on 62270] org.apache.hadoop.mapred.TaskAttemptListenerImpl: Progress of TaskAttempt attempt_1445144423722_0020_m_000009_0 is : 0.295472
2015-10-18 18:04:29,332 INFO [IPC Server handler 12 on 62270] org.apache.hadoop.mapred.TaskAttemptListenerImpl: Progress of TaskAttempt attempt_1445144423722_0020_m_000005_0 is : 0.27813601
2015-10-18 18:04:29,503 INFO [IPC Server handler 10 on 62270] org.apache.hadoop.mapred.TaskAttemptListenerImpl: Progress of TaskAttempt attempt_1445144423722_0020_m_000004_0 is : 0.2781602
2015-10-18 18:04:29,503 INFO [IPC Server handler 10 on 62270] org.apache.hadoop.mapred.TaskAttemptListenerImpl: Progress of TaskAttempt attempt_1445144423722_0020_m_000007_0 is : 0.19255035
2015-10-18 18:04:29,707 INFO [IPC Server handler 0 on 62270] org.apache.hadoop.mapred.TaskAttemptListenerImpl: Progress of TaskAttempt attempt_1445144423722_0020_m_000003_0 is : 0.7607953
2015-10-18 18:04:30,379 INFO [IPC Server handler 12 on 62270] org.apache.hadoop.mapred.TaskAttemptListenerImpl: Progress of TaskAttempt attempt_1445144423722_0020_m_000006_0 is : 0.2783809
2015-10-18 18:04:30,644 INFO [IPC Server handler 0 on 62270] org.apache.hadoop.mapred.TaskAttemptListenerImpl: Progress of TaskAttempt attempt_1445144423722_0020_m_000001_0 is : 0.36319977
2015-10-18 18:04:30,816 INFO [IPC Server handler 4 on 62270] org.apache.hadoop.mapred.TaskAttemptListenerImpl: Progress of TaskAttempt attempt_1445144423722_0020_m_000002_0 is : 0.36317363
2015-10-18 18:04:31,082 INFO [IPC Server handler 9 on 62270] org.apache.hadoop.mapred.TaskAttemptListenerImpl: Progress of TaskAttempt attempt_1445144423722_0020_m_000008_0 is : 0.106881365
2015-10-18 18:04:31,300 INFO [IPC Server handler 12 on 62270] org.apache.hadoop.mapred.TaskAttemptListenerImpl: Progress of TaskAttempt attempt_1445144423722_0020_m_000000_0 is : 0.3624012
2015-10-18 18:04:31,847 INFO [IPC Server handler 4 on 62270] org.apache.hadoop.mapred.TaskAttemptListenerImpl: Progress of TaskAttempt attempt_1445144423722_0020_m_000009_0 is : 0.295472
2015-10-18 18:04:32,363 INFO [IPC Server handler 28 on 62270] org.apache.hadoop.mapred.TaskAttemptListenerImpl: Progress of TaskAttempt attempt_1445144423722_0020_m_000005_0 is : 0.27813601
2015-10-18 18:04:32,566 INFO [IPC Server handler 5 on 62270] org.apache.hadoop.mapred.TaskAttemptListenerImpl: Progress of TaskAttempt attempt_1445144423722_0020_m_000004_0 is : 0.2781602
2015-10-18 18:04:32,566 INFO [IPC Server handler 5 on 62270] org.apache.hadoop.mapred.TaskAttemptListenerImpl: Progress of TaskAttempt attempt_1445144423722_0020_m_000007_0 is : 0.19255035
2015-10-18 18:04:32,738 INFO [IPC Server handler 29 on 62270] org.apache.hadoop.mapred.TaskAttemptListenerImpl: Progress of TaskAttempt attempt_1445144423722_0020_m_000003_0 is : 0.80356
2015-10-18 18:04:33,410 INFO [IPC Server handler 15 on 62270] org.apache.hadoop.mapred.TaskAttemptListenerImpl: Progress of TaskAttempt attempt_1445144423722_0020_m_000006_0 is : 0.2783809
2015-10-18 18:04:34,098 INFO [IPC Server handler 9 on 62270] org.apache.hadoop.mapred.TaskAttemptListenerImpl: Progress of TaskAttempt attempt_1445144423722_0020_m_000001_0 is : 0.36319977
2015-10-18 18:04:34,098 INFO [IPC Server handler 23 on 62270] org.apache.hadoop.mapred.TaskAttemptListenerImpl: Progress of TaskAttempt attempt_1445144423722_0020_m_000008_0 is : 0.18216328
2015-10-18 18:04:34,363 INFO [IPC Server handler 3 on 62270] org.apache.hadoop.mapred.TaskAttemptListenerImpl: Progress of TaskAttempt attempt_1445144423722_0020_m_000002_0 is : 0.36317363
2015-10-18 18:04:34,832 INFO [IPC Server handler 29 on 62270] org.apache.hadoop.mapred.TaskAttemptListenerImpl: Progress of TaskAttempt attempt_1445144423722_0020_m_000000_0 is : 0.3624012
2015-10-18 18:04:34,894 INFO [IPC Server handler 2 on 62270] org.apache.hadoop.mapred.TaskAttemptListenerImpl: Progress of TaskAttempt attempt_1445144423722_0020_m_000009_0 is : 0.4956123
2015-10-18 18:04:35,410 INFO [IPC Server handler 20 on 62270] org.apache.hadoop.mapred.TaskAttemptListenerImpl: Progress of TaskAttempt attempt_1445144423722_0020_m_000005_0 is : 0.32285523
2015-10-18 18:04:35,660 INFO [IPC Server handler 11 on 62270] org.apache.hadoop.mapred.TaskAttemptListenerImpl: Progress of TaskAttempt attempt_1445144423722_0020_m_000007_0 is : 0.25511068
2015-10-18 18:04:35,660 INFO [IPC Server handler 11 on 62270] org.apache.hadoop.mapred.TaskAttemptListenerImpl: Progress of TaskAttempt attempt_1445144423722_0020_m_000004_0 is : 0.2781602
2015-10-18 18:04:35,816 INFO [IPC Server handler 0 on 62270] org.apache.hadoop.mapred.TaskAttemptListenerImpl: Progress of TaskAttempt attempt_1445144423722_0020_m_000003_0 is : 0.83331466
2015-10-18 18:04:36,441 INFO [IPC Server handler 12 on 62270] org.apache.hadoop.mapred.TaskAttemptListenerImpl: Progress of TaskAttempt attempt_1445144423722_0020_m_000006_0 is : 0.29597813
2015-10-18 18:04:37,098 INFO [IPC Server handler 23 on 62270] org.apache.hadoop.mapred.TaskAttemptListenerImpl: Progress of TaskAttempt attempt_1445144423722_0020_m_000008_0 is : 0.19258286
2015-10-18 18:04:37,754 INFO [IPC Server handler 5 on 62270] org.apache.hadoop.mapred.TaskAttemptListenerImpl: Progress of TaskAttempt attempt_1445144423722_0020_m_000001_0 is : 0.36319977
2015-10-18 18:04:37,957 INFO [IPC Server handler 29 on 62270] org.apache.hadoop.mapred.TaskAttemptListenerImpl: Progress of TaskAttempt attempt_1445144423722_0020_m_000009_0 is : 0.5323719
2015-10-18 18:04:37,957 INFO [IPC Server handler 2 on 62270] org.apache.hadoop.mapred.TaskAttemptListenerImpl: Progress of TaskAttempt attempt_1445144423722_0020_m_000002_0 is : 0.36317363
2015-10-18 18:04:38,473 INFO [IPC Server handler 6 on 62270] org.apache.hadoop.mapred.TaskAttemptListenerImpl: Progress of TaskAttempt attempt_1445144423722_0020_m_000000_0 is : 0.3624012
2015-10-18 18:04:38,473 INFO [IPC Server handler 20 on 62270] org.apache.hadoop.mapred.TaskAttemptListenerImpl: Progress of TaskAttempt attempt_1445144423722_0020_m_000005_0 is : 0.36390656
2015-10-18 18:04:38,723 INFO [IPC Server handler 17 on 62270] org.apache.hadoop.mapred.TaskAttemptListenerImpl: Progress of TaskAttempt attempt_1445144423722_0020_m_000007_0 is : 0.27825075
2015-10-18 18:04:38,723 INFO [IPC Server handler 21 on 62270] org.apache.hadoop.mapred.TaskAttemptListenerImpl: Progress of TaskAttempt attempt_1445144423722_0020_m_000004_0 is : 0.36388028
2015-10-18 18:04:38,848 INFO [IPC Server handler 0 on 62270] org.apache.hadoop.mapred.TaskAttemptListenerImpl: Progress of TaskAttempt attempt_1445144423722_0020_m_000003_0 is : 0.87672114
2015-10-18 18:04:39,457 INFO [IPC Server handler 3 on 62270] org.apache.hadoop.mapred.TaskAttemptListenerImpl: Progress of TaskAttempt attempt_1445144423722_0020_m_000006_0 is : 0.36404583
2015-10-18 18:04:40,129 INFO [IPC Server handler 4 on 62270] org.apache.hadoop.mapred.TaskAttemptListenerImpl: Progress of TaskAttempt attempt_1445144423722_0020_m_000008_0 is : 0.19258286
2015-10-18 18:04:40,957 INFO [IPC Server handler 14 on 62270] org.apache.hadoop.mapred.TaskAttemptListenerImpl: Progress of TaskAttempt attempt_1445144423722_0020_m_000009_0 is : 0.5323719
2015-10-18 18:04:41,270 INFO [IPC Server handler 9 on 62270] org.apache.hadoop.mapred.TaskAttemptListenerImpl: Progress of TaskAttempt attempt_1445144423722_0020_m_000001_0 is : 0.36319977
2015-10-18 18:04:41,489 INFO [IPC Server handler 22 on 62270] org.apache.hadoop.mapred.TaskAttemptListenerImpl: Progress of TaskAttempt attempt_1445144423722_0020_m_000005_0 is : 0.36390656
2015-10-18 18:04:41,535 INFO [IPC Server handler 3 on 62270] org.apache.hadoop.mapred.TaskAttemptListenerImpl: Progress of TaskAttempt attempt_1445144423722_0020_m_000002_0 is : 0.36317363
2015-10-18 18:04:41,739 INFO [IPC Server handler 17 on 62270] org.apache.hadoop.mapred.TaskAttemptListenerImpl: Progress of TaskAttempt attempt_1445144423722_0020_m_000004_0 is : 0.36388028
2015-10-18 18:04:41,739 INFO [IPC Server handler 17 on 62270] org.apache.hadoop.mapred.TaskAttemptListenerImpl: Progress of TaskAttempt attempt_1445144423722_0020_m_000007_0 is : 0.27825075
2015-10-18 18:04:41,879 INFO [IPC Server handler 5 on 62270] org.apache.hadoop.mapred.TaskAttemptListenerImpl: Progress of TaskAttempt attempt_1445144423722_0020_m_000003_0 is : 0.9185183
2015-10-18 18:04:42,145 INFO [IPC Server handler 4 on 62270] org.apache.hadoop.mapred.TaskAttemptListenerImpl: Progress of TaskAttempt attempt_1445144423722_0020_m_000000_0 is : 0.3624012
2015-10-18 18:04:42,536 INFO [IPC Server handler 22 on 62270] org.apache.hadoop.mapred.TaskAttemptListenerImpl: Progress of TaskAttempt attempt_1445144423722_0020_m_000006_0 is : 0.36404583
2015-10-18 18:04:43,395 INFO [IPC Server handler 9 on 62270] org.apache.hadoop.mapred.TaskAttemptListenerImpl: Progress of TaskAttempt attempt_1445144423722_0020_m_000008_0 is : 0.19258286
2015-10-18 18:04:44,036 INFO [IPC Server handler 8 on 62270] org.apache.hadoop.mapred.TaskAttemptListenerImpl: Progress of TaskAttempt attempt_1445144423722_0020_m_000009_0 is : 0.5323719
2015-10-18 18:04:44,598 INFO [IPC Server handler 22 on 62270] org.apache.hadoop.mapred.TaskAttemptListenerImpl: Progress of TaskAttempt attempt_1445144423722_0020_m_000005_0 is : 0.36390656
2015-10-18 18:04:44,864 INFO [IPC Server handler 17 on 62270] org.apache.hadoop.mapred.TaskAttemptListenerImpl: Progress of TaskAttempt attempt_1445144423722_0020_m_000001_0 is : 0.36319977
2015-10-18 18:04:44,864 INFO [IPC Server handler 21 on 62270] org.apache.hadoop.mapred.TaskAttemptListenerImpl: Progress of TaskAttempt attempt_1445144423722_0020_m_000004_0 is : 0.36388028
2015-10-18 18:04:44,879 INFO [IPC Server handler 7 on 62270] org.apache.hadoop.mapred.TaskAttemptListenerImpl: Progress of TaskAttempt attempt_1445144423722_0020_m_000007_0 is : 0.27825075
2015-10-18 18:04:45,176 INFO [IPC Server handler 4 on 62270] org.apache.hadoop.mapred.TaskAttemptListenerImpl: Progress of TaskAttempt attempt_1445144423722_0020_m_000002_0 is : 0.36317363
2015-10-18 18:04:45,176 INFO [IPC Server handler 4 on 62270] org.apache.hadoop.mapred.TaskAttemptListenerImpl: Progress of TaskAttempt attempt_1445144423722_0020_m_000003_0 is : 0.9543898
2015-10-18 18:04:45,567 INFO [IPC Server handler 22 on 62270] org.apache.hadoop.mapred.TaskAttemptListenerImpl: Progress of TaskAttempt attempt_1445144423722_0020_m_000006_0 is : 0.36404583
2015-10-18 18:04:45,754 INFO [IPC Server handler 12 on 62270] org.apache.hadoop.mapred.TaskAttemptListenerImpl: Progress of TaskAttempt attempt_1445144423722_0020_m_000000_0 is : 0.3624012
2015-10-18 18:04:45,754 INFO [IPC Server handler 12 on 62270] org.apache.hadoop.mapred.TaskAttemptListenerImpl: Progress of TaskAttempt attempt_1445144423722_0020_m_000009_0 is : 0.5323719
2015-10-18 18:04:46,661 INFO [IPC Server handler 22 on 62270] org.apache.hadoop.mapred.TaskAttemptListenerImpl: Progress of TaskAttempt attempt_1445144423722_0020_m_000008_0 is : 0.27811313
2015-10-18 18:04:47,255 INFO [IPC Server handler 19 on 62270] org.apache.hadoop.mapred.TaskAttemptListenerImpl: Progress of TaskAttempt attempt_1445144423722_0020_m_000009_0 is : 0.667
2015-10-18 18:04:47,942 INFO [IPC Server handler 21 on 62270] org.apache.hadoop.mapred.TaskAttemptListenerImpl: Progress of TaskAttempt attempt_1445144423722_0020_m_000005_0 is : 0.43890014
2015-10-18 18:04:47,942 INFO [IPC Server handler 21 on 62270] org.apache.hadoop.mapred.TaskAttemptListenerImpl: Progress of TaskAttempt attempt_1445144423722_0020_m_000004_0 is : 0.36388028
2015-10-18 18:04:47,942 INFO [IPC Server handler 21 on 62270] org.apache.hadoop.mapred.TaskAttemptListenerImpl: Progress of TaskAttempt attempt_1445144423722_0020_m_000007_0 is : 0.35880664
2015-10-18 18:04:48,395 INFO [IPC Server handler 24 on 62270] org.apache.hadoop.mapred.TaskAttemptListenerImpl: Progress of TaskAttempt attempt_1445144423722_0020_m_000003_0 is : 0.9854844
2015-10-18 18:04:48,864 INFO [IPC Server handler 3 on 62270] org.apache.hadoop.mapred.TaskAttemptListenerImpl: Progress of TaskAttempt attempt_1445144423722_0020_m_000006_0 is : 0.4156165
2015-10-18 18:04:49,177 INFO [IPC Server handler 11 on 62270] org.apache.hadoop.mapred.TaskAttemptListenerImpl: Progress of TaskAttempt attempt_1445144423722_0020_m_000000_0 is : 0.3624012
2015-10-18 18:04:49,895 INFO [IPC Server handler 9 on 62270] org.apache.hadoop.mapred.TaskAttemptListenerImpl: Progress of TaskAttempt attempt_1445144423722_0020_m_000008_0 is : 0.27811313
2015-10-18 18:04:49,895 INFO [IPC Server handler 9 on 62270] org.apache.hadoop.mapred.TaskAttemptListenerImpl: Progress of TaskAttempt attempt_1445144423722_0020_m_000003_0 is : 1.0
2015-10-18 18:04:50,208 INFO [IPC Server handler 11 on 62270] org.apache.hadoop.mapred.TaskAttemptListenerImpl: Progress of TaskAttempt attempt_1445144423722_0020_m_000001_0 is : 0.36319977
2015-10-18 18:04:50,208 INFO [IPC Server handler 26 on 62270] org.apache.hadoop.mapred.TaskAttemptListenerImpl: Done acknowledgement from attempt_1445144423722_0020_m_000003_0
2015-10-18 18:04:52,880 INFO [IPC Server handler 9 on 62270] org.apache.hadoop.mapred.TaskAttemptListenerImpl: Progress of TaskAttempt attempt_1445144423722_0020_m_000000_0 is : 0.3624012
2015-10-18 18:04:53,286 INFO [IPC Server handler 25 on 62270] org.apache.hadoop.mapred.TaskAttemptListenerImpl: Progress of TaskAttempt attempt_1445144423722_0020_m_000001_0 is : 0.37225527
2015-10-18 18:04:53,364 INFO [IPC Server handler 16 on 62270] org.apache.hadoop.mapred.TaskAttemptListenerImpl: Progress of TaskAttempt attempt_1445144423722_0020_m_000002_0 is : 0.3787692
2015-10-18 18:04:53,489 INFO [IPC Server handler 19 on 62270] org.apache.hadoop.mapred.TaskAttemptListenerImpl: Progress of TaskAttempt attempt_1445144423722_0020_m_000009_0 is : 0.667
2015-10-18 18:04:54,067 INFO [IPC Server handler 22 on 62270] org.apache.hadoop.mapred.TaskAttemptListenerImpl: Progress of TaskAttempt attempt_1445144423722_0020_m_000008_0 is : 0.27811313
2015-10-18 18:04:54,333 INFO [IPC Server handler 16 on 62270] org.apache.hadoop.mapred.TaskAttemptListenerImpl: Progress of TaskAttempt attempt_1445144423722_0020_m_000007_0 is : 0.3638923
2015-10-18 18:04:54,693 INFO [IPC Server handler 8 on 62270] org.apache.hadoop.mapred.TaskAttemptListenerImpl: Progress of TaskAttempt attempt_1445144423722_0020_m_000005_0 is : 0.44950968
2015-10-18 18:04:54,708 INFO [IPC Server handler 14 on 62270] org.apache.hadoop.mapred.TaskAttemptListenerImpl: Progress of TaskAttempt attempt_1445144423722_0020_m_000004_0 is : 0.44968578
2015-10-18 18:04:55,630 INFO [IPC Server handler 8 on 62270] org.apache.hadoop.mapred.TaskAttemptListenerImpl: Progress of TaskAttempt attempt_1445144423722_0020_m_000006_0 is : 0.44980705
2015-10-18 18:04:56,318 INFO [IPC Server handler 16 on 62270] org.apache.hadoop.mapred.TaskAttemptListenerImpl: Progress of TaskAttempt attempt_1445144423722_0020_m_000001_0 is : 0.37322965
2015-10-18 18:04:56,396 INFO [IPC Server handler 19 on 62270] org.apache.hadoop.mapred.TaskAttemptListenerImpl: Progress of TaskAttempt attempt_1445144423722_0020_m_000002_0 is : 0.38007197
2015-10-18 18:04:56,568 INFO [IPC Server handler 8 on 62270] org.apache.hadoop.mapred.TaskAttemptListenerImpl: Progress of TaskAttempt attempt_1445144423722_0020_m_000000_0 is : 0.3624012
2015-10-18 18:04:57,396 INFO [IPC Server handler 19 on 62270] org.apache.hadoop.mapred.TaskAttemptListenerImpl: Progress of TaskAttempt attempt_1445144423722_0020_m_000009_0 is : 0.76133776
2015-10-18 18:04:57,427 INFO [IPC Server handler 8 on 62270] org.apache.hadoop.mapred.TaskAttemptListenerImpl: Progress of TaskAttempt attempt_1445144423722_0020_m_000008_0 is : 0.34610128
2015-10-18 18:04:57,443 INFO [IPC Server handler 14 on 62270] org.apache.hadoop.mapred.TaskAttemptListenerImpl: Progress of TaskAttempt attempt_1445144423722_0020_m_000007_0 is : 0.3707891
2015-10-18 18:04:59,771 INFO [IPC Server handler 0 on 62270] org.apache.hadoop.mapred.TaskAttemptListenerImpl: Progress of TaskAttempt attempt_1445144423722_0020_m_000001_0 is : 0.37551183
2015-10-18 18:04:59,787 INFO [IPC Server handler 10 on 62270] org.apache.hadoop.mapred.TaskAttemptListenerImpl: Progress of TaskAttempt attempt_1445144423722_0020_m_000002_0 is : 0.38137424
2015-10-18 18:05:02,802 INFO [IPC Server handler 10 on 62270] org.apache.hadoop.mapred.TaskAttemptListenerImpl: Progress of TaskAttempt attempt_1445144423722_0020_m_000001_0 is : 0.37551183
2015-10-18 18:05:02,818 INFO [IPC Server handler 4 on 62270] org.apache.hadoop.mapred.TaskAttemptListenerImpl: Progress of TaskAttempt attempt_1445144423722_0020_m_000002_0 is : 0.38137424
2015-10-18 18:05:27,570 WARN [LeaseRenewer:msrabi@msra-sa-41:9000] org.apache.hadoop.ipc.Client: Address change detected. Old: msra-sa-41/10.190.173.170:9000 New: msra-sa-41:9000
2015-10-18 18:05:27,570 WARN [LeaseRenewer:msrabi@msra-sa-41:9000] org.apache.hadoop.hdfs.LeaseRenewer: Failed to renew lease for [DFSClient_NONMAPREDUCE_1537864556_1] for 30 seconds.  Will retry shortly ...
2015-10-18 18:05:28,570 WARN [LeaseRenewer:msrabi@msra-sa-41:9000] org.apache.hadoop.ipc.Client: Address change detected. Old: msra-sa-41/10.190.173.170:9000 New: msra-sa-41:9000
2015-10-18 18:05:28,570 WARN [LeaseRenewer:msrabi@msra-sa-41:9000] org.apache.hadoop.hdfs.LeaseRenewer: Failed to renew lease for [DFSClient_NONMAPREDUCE_1537864556_1] for 31 seconds.  Will retry shortly ...
2015-10-18 18:05:29,570 WARN [LeaseRenewer:msrabi@msra-sa-41:9000] org.apache.hadoop.ipc.Client: Address change detected. Old: msra-sa-41/10.190.173.170:9000 New: msra-sa-41:9000
2015-10-18 18:05:29,570 WARN [LeaseRenewer:msrabi@msra-sa-41:9000] org.apache.hadoop.hdfs.LeaseRenewer: Failed to renew lease for [DFSClient_NONMAPREDUCE_1537864556_1] for 32 seconds.  Will retry shortly ...
2015-10-18 18:05:30,570 WARN [LeaseRenewer:msrabi@msra-sa-41:9000] org.apache.hadoop.ipc.Client: Address change detected. Old: msra-sa-41/10.190.173.170:9000 New: msra-sa-41:9000
2015-10-18 18:05:30,570 WARN [LeaseRenewer:msrabi@msra-sa-41:9000] org.apache.hadoop.hdfs.LeaseRenewer: Failed to renew lease for [DFSClient_NONMAPREDUCE_1537864556_1] for 33 seconds.  Will retry shortly ...
2015-10-18 18:05:31,570 WARN [LeaseRenewer:msrabi@msra-sa-41:9000] org.apache.hadoop.ipc.Client: Address change detected. Old: msra-sa-41/10.190.173.170:9000 New: msra-sa-41:9000
2015-10-18 18:05:31,570 WARN [LeaseRenewer:msrabi@msra-sa-41:9000] org.apache.hadoop.hdfs.LeaseRenewer: Failed to renew lease for [DFSClient_NONMAPREDUCE_1537864556_1] for 34 seconds.  Will retry shortly ...
2015-10-18 18:05:32,570 WARN [LeaseRenewer:msrabi@msra-sa-41:9000] org.apache.hadoop.ipc.Client: Address change detected. Old: msra-sa-41/10.190.173.170:9000 New: msra-sa-41:9000
2015-10-18 18:05:32,570 WARN [LeaseRenewer:msrabi@msra-sa-41:9000] org.apache.hadoop.hdfs.LeaseRenewer: Failed to renew lease for [DFSClient_NONMAPREDUCE_1537864556_1] for 35 seconds.  Will retry shortly ...
2015-10-18 18:05:33,570 WARN [LeaseRenewer:msrabi@msra-sa-41:9000] org.apache.hadoop.ipc.Client: Address change detected. Old: msra-sa-41/10.190.173.170:9000 New: msra-sa-41:9000
2015-10-18 18:05:33,570 WARN [LeaseRenewer:msrabi@msra-sa-41:9000] org.apache.hadoop.hdfs.LeaseRenewer: Failed to renew lease for [DFSClient_NONMAPREDUCE_1537864556_1] for 36 seconds.  Will retry shortly ...
2015-10-18 18:05:34,570 WARN [LeaseRenewer:msrabi@msra-sa-41:9000] org.apache.hadoop.ipc.Client: Address change detected. Old: msra-sa-41/10.190.173.170:9000 New: msra-sa-41:9000
2015-10-18 18:05:34,570 WARN [LeaseRenewer:msrabi@msra-sa-41:9000] org.apache.hadoop.hdfs.LeaseRenewer: Failed to renew lease for [DFSClient_NONMAPREDUCE_1537864556_1] for 37 seconds.  Will retry shortly ...
2015-10-18 18:05:35,570 WARN [LeaseRenewer:msrabi@msra-sa-41:9000] org.apache.hadoop.ipc.Client: Address change detected. Old: msra-sa-41/10.190.173.170:9000 New: msra-sa-41:9000
2015-10-18 18:05:35,570 WARN [LeaseRenewer:msrabi@msra-sa-41:9000] org.apache.hadoop.hdfs.LeaseRenewer: Failed to renew lease for [DFSClient_NONMAPREDUCE_1537864556_1] for 38 seconds.  Will retry shortly ...
2015-10-18 18:05:36,570 WARN [LeaseRenewer:msrabi@msra-sa-41:9000] org.apache.hadoop.ipc.Client: Address change detected. Old: msra-sa-41/10.190.173.170:9000 New: msra-sa-41:9000
2015-10-18 18:05:36,570 WARN [LeaseRenewer:msrabi@msra-sa-41:9000] org.apache.hadoop.hdfs.LeaseRenewer: Failed to renew lease for [DFSClient_NONMAPREDUCE_1537864556_1] for 39 seconds.  Will retry shortly ...
2015-10-18 18:05:37,617 WARN [LeaseRenewer:msrabi@msra-sa-41:9000] org.apache.hadoop.ipc.Client: Address change detected. Old: msra-sa-41/10.190.173.170:9000 New: msra-sa-41:9000
2015-10-18 18:05:37,617 WARN [LeaseRenewer:msrabi@msra-sa-41:9000] org.apache.hadoop.hdfs.LeaseRenewer: Failed to renew lease for [DFSClient_NONMAPREDUCE_1537864556_1] for 40 seconds.  Will retry shortly ...
2015-10-18 18:05:38,617 WARN [LeaseRenewer:msrabi@msra-sa-41:9000] org.apache.hadoop.ipc.Client: Address change detected. Old: msra-sa-41/10.190.173.170:9000 New: msra-sa-41:9000
2015-10-18 18:05:38,617 WARN [LeaseRenewer:msrabi@msra-sa-41:9000] org.apache.hadoop.hdfs.LeaseRenewer: Failed to renew lease for [DFSClient_NONMAPREDUCE_1537864556_1] for 41 seconds.  Will retry shortly ...
2015-10-18 18:05:39,617 WARN [LeaseRenewer:msrabi@msra-sa-41:9000] org.apache.hadoop.ipc.Client: Address change detected. Old: msra-sa-41/10.190.173.170:9000 New: msra-sa-41:9000
2015-10-18 18:05:39,617 WARN [LeaseRenewer:msrabi@msra-sa-41:9000] org.apache.hadoop.hdfs.LeaseRenewer: Failed to renew lease for [DFSClient_NONMAPREDUCE_1537864556_1] for 42 seconds.  Will retry shortly ...
2015-10-18 18:05:40,617 WARN [LeaseRenewer:msrabi@msra-sa-41:9000] org.apache.hadoop.ipc.Client: Address change detected. Old: msra-sa-41/10.190.173.170:9000 New: msra-sa-41:9000
2015-10-18 18:05:40,617 WARN [LeaseRenewer:msrabi@msra-sa-41:9000] org.apache.hadoop.hdfs.LeaseRenewer: Failed to renew lease for [DFSClient_NONMAPREDUCE_1537864556_1] for 43 seconds.  Will retry shortly ...
2015-10-18 18:05:41,617 WARN [LeaseRenewer:msrabi@msra-sa-41:9000] org.apache.hadoop.ipc.Client: Address change detected. Old: msra-sa-41/10.190.173.170:9000 New: msra-sa-41:9000
2015-10-18 18:05:41,617 WARN [LeaseRenewer:msrabi@msra-sa-41:9000] org.apache.hadoop.hdfs.LeaseRenewer: Failed to renew lease for [DFSClient_NONMAPREDUCE_1537864556_1] for 44 seconds.  Will retry shortly ...
2015-10-18 18:05:42,633 WARN [LeaseRenewer:msrabi@msra-sa-41:9000] org.apache.hadoop.ipc.Client: Address change detected. Old: msra-sa-41/10.190.173.170:9000 New: msra-sa-41:9000
2015-10-18 18:05:42,633 WARN [LeaseRenewer:msrabi@msra-sa-41:9000] org.apache.hadoop.hdfs.LeaseRenewer: Failed to renew lease for [DFSClient_NONMAPREDUCE_1537864556_1] for 45 seconds.  Will retry shortly ...
2015-10-18 18:05:43,633 WARN [LeaseRenewer:msrabi@msra-sa-41:9000] org.apache.hadoop.ipc.Client: Address change detected. Old: msra-sa-41/10.190.173.170:9000 New: msra-sa-41:9000
2015-10-18 18:05:43,633 WARN [LeaseRenewer:msrabi@msra-sa-41:9000] org.apache.hadoop.hdfs.LeaseRenewer: Failed to renew lease for [DFSClient_NONMAPREDUCE_1537864556_1] for 46 seconds.  Will retry shortly ...
2015-10-18 18:05:44,633 WARN [LeaseRenewer:msrabi@msra-sa-41:9000] org.apache.hadoop.ipc.Client: Address change detected. Old: msra-sa-41/10.190.173.170:9000 New: msra-sa-41:9000
2015-10-18 18:05:44,633 WARN [LeaseRenewer:msrabi@msra-sa-41:9000] org.apache.hadoop.hdfs.LeaseRenewer: Failed to renew lease for [DFSClient_NONMAPREDUCE_1537864556_1] for 47 seconds.  Will retry shortly ...
2015-10-18 18:05:45,633 WARN [LeaseRenewer:msrabi@msra-sa-41:9000] org.apache.hadoop.ipc.Client: Address change detected. Old: msra-sa-41/10.190.173.170:9000 New: msra-sa-41:9000
2015-10-18 18:05:45,633 WARN [LeaseRenewer:msrabi@msra-sa-41:9000] org.apache.hadoop.hdfs.LeaseRenewer: Failed to renew lease for [DFSClient_NONMAPREDUCE_1537864556_1] for 48 seconds.  Will retry shortly ...
2015-10-18 18:05:46,633 WARN [LeaseRenewer:msrabi@msra-sa-41:9000] org.apache.hadoop.ipc.Client: Address change detected. Old: msra-sa-41/10.190.173.170:9000 New: msra-sa-41:9000
2015-10-18 18:05:46,633 WARN [LeaseRenewer:msrabi@msra-sa-41:9000] org.apache.hadoop.hdfs.LeaseRenewer: Failed to renew lease for [DFSClient_NONMAPREDUCE_1537864556_1] for 49 seconds.  Will retry shortly ...
2015-10-18 18:05:47,680 WARN [LeaseRenewer:msrabi@msra-sa-41:9000] org.apache.hadoop.ipc.Client: Address change detected. Old: msra-sa-41/10.190.173.170:9000 New: msra-sa-41:9000
2015-10-18 18:05:47,680 WARN [LeaseRenewer:msrabi@msra-sa-41:9000] org.apache.hadoop.hdfs.LeaseRenewer: Failed to renew lease for [DFSClient_NONMAPREDUCE_1537864556_1] for 50 seconds.  Will retry shortly ...
2015-10-18 18:05:48,680 WARN [LeaseRenewer:msrabi@msra-sa-41:9000] org.apache.hadoop.ipc.Client: Address change detected. Old: msra-sa-41/10.190.173.170:9000 New: msra-sa-41:9000
2015-10-18 18:05:48,680 WARN [LeaseRenewer:msrabi@msra-sa-41:9000] org.apache.hadoop.hdfs.LeaseRenewer: Failed to renew lease for [DFSClient_NONMAPREDUCE_1537864556_1] for 51 seconds.  Will retry shortly ...
2015-10-18 18:05:49,680 WARN [LeaseRenewer:msrabi@msra-sa-41:9000] org.apache.hadoop.ipc.Client: Address change detected. Old: msra-sa-41/10.190.173.170:9000 New: msra-sa-41:9000
2015-10-18 18:05:49,680 WARN [LeaseRenewer:msrabi@msra-sa-41:9000] org.apache.hadoop.hdfs.LeaseRenewer: Failed to renew lease for [DFSClient_NONMAPREDUCE_1537864556_1] for 52 seconds.  Will retry shortly ...
2015-10-18 18:05:50,680 WARN [LeaseRenewer:msrabi@msra-sa-41:9000] org.apache.hadoop.ipc.Client: Address change detected. Old: msra-sa-41/10.190.173.170:9000 New: msra-sa-41:9000
2015-10-18 18:05:50,680 WARN [LeaseRenewer:msrabi@msra-sa-41:9000] org.apache.hadoop.hdfs.LeaseRenewer: Failed to renew lease for [DFSClient_NONMAPREDUCE_1537864556_1] for 53 seconds.  Will retry shortly ...
2015-10-18 18:05:51,680 WARN [LeaseRenewer:msrabi@msra-sa-41:9000] org.apache.hadoop.ipc.Client: Address change detected. Old: msra-sa-41/10.190.173.170:9000 New: msra-sa-41:9000
2015-10-18 18:05:51,680 WARN [LeaseRenewer:msrabi@msra-sa-41:9000] org.apache.hadoop.hdfs.LeaseRenewer: Failed to renew lease for [DFSClient_NONMAPREDUCE_1537864556_1] for 54 seconds.  Will retry shortly ...
2015-10-18 18:05:52,680 WARN [LeaseRenewer:msrabi@msra-sa-41:9000] org.apache.hadoop.ipc.Client: Address change detected. Old: msra-sa-41/10.190.173.170:9000 New: msra-sa-41:9000
2015-10-18 18:05:52,680 WARN [LeaseRenewer:msrabi@msra-sa-41:9000] org.apache.hadoop.hdfs.LeaseRenewer: Failed to renew lease for [DFSClient_NONMAPREDUCE_1537864556_1] for 55 seconds.  Will retry shortly ...
2015-10-18 18:05:53,681 WARN [LeaseRenewer:msrabi@msra-sa-41:9000] org.apache.hadoop.ipc.Client: Address change detected. Old: msra-sa-41/10.190.173.170:9000 New: msra-sa-41:9000
2015-10-18 18:05:53,681 WARN [LeaseRenewer:msrabi@msra-sa-41:9000] org.apache.hadoop.hdfs.LeaseRenewer: Failed to renew lease for [DFSClient_NONMAPREDUCE_1537864556_1] for 56 seconds.  Will retry shortly ...
2015-10-18 18:05:54,681 WARN [LeaseRenewer:msrabi@msra-sa-41:9000] org.apache.hadoop.ipc.Client: Address change detected. Old: msra-sa-41/10.190.173.170:9000 New: msra-sa-41:9000
2015-10-18 18:05:54,681 WARN [LeaseRenewer:msrabi@msra-sa-41:9000] org.apache.hadoop.hdfs.LeaseRenewer: Failed to renew lease for [DFSClient_NONMAPREDUCE_1537864556_1] for 57 seconds.  Will retry shortly ...
2015-10-18 18:05:55,696 WARN [LeaseRenewer:msrabi@msra-sa-41:9000] org.apache.hadoop.ipc.Client: Address change detected. Old: msra-sa-41/10.190.173.170:9000 New: msra-sa-41:9000
2015-10-18 18:05:55,696 WARN [LeaseRenewer:msrabi@msra-sa-41:9000] org.apache.hadoop.hdfs.LeaseRenewer: Failed to renew lease for [DFSClient_NONMAPREDUCE_1537864556_1] for 58 seconds.  Will retry shortly ...
2015-10-18 18:05:56,696 WARN [LeaseRenewer:msrabi@msra-sa-41:9000] org.apache.hadoop.ipc.Client: Address change detected. Old: msra-sa-41/10.190.173.170:9000 New: msra-sa-41:9000
2015-10-18 18:06:29,092 WARN [LeaseRenewer:msrabi@msra-sa-41:9000] org.apache.hadoop.hdfs.LeaseRenewer: Failed to renew lease for [DFSClient_NONMAPREDUCE_1537864556_1] for 91 seconds.  Will retry shortly ...
2015-10-18 18:06:29,108 INFO [RMCommunicator Allocator] org.apache.hadoop.mapreduce.v2.app.rm.RMContainerAllocator: Before Scheduling: PendingReds:0 ScheduledMaps:3 ScheduledReds:1 AssignedMaps:9 AssignedReds:0 CompletedMaps:1 CompletedReds:0 ContAlloc:11 ContRel:1 HostLocal:7 RackLocal:3
2015-10-18 18:06:29,108 WARN [RMCommunicator Allocator] org.apache.hadoop.ipc.Client: Address change detected. Old: msra-sa-41/10.190.173.170:8030 New: msra-sa-41:8030
2015-10-18 18:06:30,092 WARN [LeaseRenewer:msrabi@msra-sa-41:9000] org.apache.hadoop.ipc.Client: Address change detected. Old: msra-sa-41/10.190.173.170:9000 New: msra-sa-41:9000
2015-10-18 18:06:30,092 WARN [LeaseRenewer:msrabi@msra-sa-41:9000] org.apache.hadoop.hdfs.LeaseRenewer: Failed to renew lease for [DFSClient_NONMAPREDUCE_1537864556_1] for 92 seconds.  Will retry shortly ...
2015-10-18 18:06:30,108 INFO [RMCommunicator Allocator] org.apache.hadoop.ipc.Client: Retrying connect to server: msra-sa-41:8030. Already tried 0 time(s); retry policy is RetryUpToMaximumCountWithFixedSleep(maxRetries=10, sleepTime=1000 MILLISECONDS)
2015-10-18 18:06:30,108 ERROR [RMCommunicator Allocator] org.apache.hadoop.mapreduce.v2.app.rm.RMContainerAllocator: ERROR IN CONTACTING RM. 
2015-10-18 18:06:31,092 WARN [LeaseRenewer:msrabi@msra-sa-41:9000] org.apache.hadoop.ipc.Client: Address change detected. Old: msra-sa-41/10.190.173.170:9000 New: msra-sa-41:9000
2015-10-18 18:06:31,092 WARN [LeaseRenewer:msrabi@msra-sa-41:9000] org.apache.hadoop.hdfs.LeaseRenewer: Failed to renew lease for [DFSClient_NONMAPREDUCE_1537864556_1] for 93 seconds.  Will retry shortly ...
2015-10-18 18:06:31,108 WARN [RMCommunicator Allocator] org.apache.hadoop.ipc.Client: Address change detected. Old: msra-sa-41/10.190.173.170:8030 New: msra-sa-41:8030
2015-10-18 18:06:32,092 WARN [LeaseRenewer:msrabi@msra-sa-41:9000] org.apache.hadoop.ipc.Client: Address change detected. Old: msra-sa-41/10.190.173.170:9000 New: msra-sa-41:9000
2015-10-18 18:06:32,092 WARN [LeaseRenewer:msrabi@msra-sa-41:9000] org.apache.hadoop.hdfs.LeaseRenewer: Failed to renew lease for [DFSClient_NONMAPREDUCE_1537864556_1] for 94 seconds.  Will retry shortly ...
2015-10-18 18:06:32,108 INFO [RMCommunicator Allocator] org.apache.hadoop.ipc.Client: Retrying connect to server: msra-sa-41:8030. Already tried 0 time(s); retry policy is RetryUpToMaximumCountWithFixedSleep(maxRetries=10, sleepTime=1000 MILLISECONDS)
2015-10-18 18:06:32,108 ERROR [RMCommunicator Allocator] org.apache.hadoop.mapreduce.v2.app.rm.RMContainerAllocator: ERROR IN CONTACTING RM. 
2015-10-18 18:06:33,092 WARN [LeaseRenewer:msrabi@msra-sa-41:9000] org.apache.hadoop.ipc.Client: Address change detected. Old: msra-sa-41/10.190.173.170:9000 New: msra-sa-41:9000
2015-10-18 18:06:33,092 WARN [LeaseRenewer:msrabi@msra-sa-41:9000] org.apache.hadoop.hdfs.LeaseRenewer: Failed to renew lease for [DFSClient_NONMAPREDUCE_1537864556_1] for 95 seconds.  Will retry shortly ...
2015-10-18 18:06:33,108 WARN [RMCommunicator Allocator] org.apache.hadoop.ipc.Client: Address change detected. Old: msra-sa-41/10.190.173.170:8030 New: msra-sa-41:8030
2015-10-18 18:06:34,092 WARN [LeaseRenewer:msrabi@msra-sa-41:9000] org.apache.hadoop.ipc.Client: Address change detected. Old: msra-sa-41/10.190.173.170:9000 New: msra-sa-41:9000
2015-10-18 18:06:34,092 WARN [LeaseRenewer:msrabi@msra-sa-41:9000] org.apache.hadoop.hdfs.LeaseRenewer: Failed to renew lease for [DFSClient_NONMAPREDUCE_1537864556_1] for 96 seconds.  Will retry shortly ...
2015-10-18 18:06:34,108 INFO [RMCommunicator Allocator] org.apache.hadoop.ipc.Client: Retrying connect to server: msra-sa-41:8030. Already tried 0 time(s); retry policy is RetryUpToMaximumCountWithFixedSleep(maxRetries=10, sleepTime=1000 MILLISECONDS)
2015-10-18 18:06:34,108 ERROR [RMCommunicator Allocator] org.apache.hadoop.mapreduce.v2.app.rm.RMContainerAllocator: ERROR IN CONTACTING RM. 
2015-10-18 18:06:35,093 WARN [LeaseRenewer:msrabi@msra-sa-41:9000] org.apache.hadoop.ipc.Client: Address change detected. Old: msra-sa-41/10.190.173.170:9000 New: msra-sa-41:9000
2015-10-18 18:06:35,093 WARN [LeaseRenewer:msrabi@msra-sa-41:9000] org.apache.hadoop.hdfs.LeaseRenewer: Failed to renew lease for [DFSClient_NONMAPREDUCE_1537864556_1] for 97 seconds.  Will retry shortly ...
2015-10-18 18:06:35,108 WARN [RMCommunicator Allocator] org.apache.hadoop.ipc.Client: Address change detected. Old: msra-sa-41/10.190.173.170:8030 New: msra-sa-41:8030
2015-10-18 18:06:36,093 WARN [LeaseRenewer:msrabi@msra-sa-41:9000] org.apache.hadoop.ipc.Client: Address change detected. Old: msra-sa-41/10.190.173.170:9000 New: msra-sa-41:9000
2015-10-18 18:06:36,093 WARN [LeaseRenewer:msrabi@msra-sa-41:9000] org.apache.hadoop.hdfs.LeaseRenewer: Failed to renew lease for [DFSClient_NONMAPREDUCE_1537864556_1] for 98 seconds.  Will retry shortly ...
2015-10-18 18:06:36,108 INFO [RMCommunicator Allocator] org.apache.hadoop.ipc.Client: Retrying connect to server: msra-sa-41:8030. Already tried 0 time(s); retry policy is RetryUpToMaximumCountWithFixedSleep(maxRetries=10, sleepTime=1000 MILLISECONDS)
2015-10-18 18:06:36,108 ERROR [RMCommunicator Allocator] org.apache.hadoop.mapreduce.v2.app.rm.RMContainerAllocator: ERROR IN CONTACTING RM. 
2015-10-18 18:06:37,108 WARN [RMCommunicator Allocator] org.apache.hadoop.ipc.Client: Address change detected. Old: msra-sa-41/10.190.173.170:8030 New: msra-sa-41:8030
2015-10-18 18:06:37,108 WARN [LeaseRenewer:msrabi@msra-sa-41:9000] org.apache.hadoop.ipc.Client: Address change detected. Old: msra-sa-41/10.190.173.170:9000 New: msra-sa-41:9000
2015-10-18 18:06:37,108 WARN [LeaseRenewer:msrabi@msra-sa-41:9000] org.apache.hadoop.hdfs.LeaseRenewer: Failed to renew lease for [DFSClient_NONMAPREDUCE_1537864556_1] for 99 seconds.  Will retry shortly ...
2015-10-18 18:06:38,108 INFO [RMCommunicator Allocator] org.apache.hadoop.ipc.Client: Retrying connect to server: msra-sa-41:8030. Already tried 0 time(s); retry policy is RetryUpToMaximumCountWithFixedSleep(maxRetries=10, sleepTime=1000 MILLISECONDS)
2015-10-18 18:06:38,108 ERROR [RMCommunicator Allocator] org.apache.hadoop.mapreduce.v2.app.rm.RMContainerAllocator: ERROR IN CONTACTING RM. 
2015-10-18 18:06:38,140 WARN [LeaseRenewer:msrabi@msra-sa-41:9000] org.apache.hadoop.ipc.Client: Address change detected. Old: msra-sa-41/10.190.173.170:9000 New: msra-sa-41:9000
2015-10-18 18:06:38,140 WARN [LeaseRenewer:msrabi@msra-sa-41:9000] org.apache.hadoop.hdfs.LeaseRenewer: Failed to renew lease for [DFSClient_NONMAPREDUCE_1537864556_1] for 100 seconds.  Will retry shortly ...
2015-10-18 18:06:39,108 WARN [RMCommunicator Allocator] org.apache.hadoop.ipc.Client: Address change detected. Old: msra-sa-41/10.190.173.170:8030 New: msra-sa-41:8030
2015-10-18 18:06:39,140 WARN [LeaseRenewer:msrabi@msra-sa-41:9000] org.apache.hadoop.ipc.Client: Address change detected. Old: msra-sa-41/10.190.173.170:9000 New: msra-sa-41:9000
2015-10-18 18:06:39,140 WARN [LeaseRenewer:msrabi@msra-sa-41:9000] org.apache.hadoop.hdfs.LeaseRenewer: Failed to renew lease for [DFSClient_NONMAPREDUCE_1537864556_1] for 101 seconds.  Will retry shortly ...
2015-10-18 18:06:40,108 INFO [RMCommunicator Allocator] org.apache.hadoop.ipc.Client: Retrying connect to server: msra-sa-41:8030. Already tried 0 time(s); retry policy is RetryUpToMaximumCountWithFixedSleep(maxRetries=10, sleepTime=1000 MILLISECONDS)
2015-10-18 18:06:40,108 ERROR [RMCommunicator Allocator] org.apache.hadoop.mapreduce.v2.app.rm.RMContainerAllocator: ERROR IN CONTACTING RM. 
2015-10-18 18:06:40,140 WARN [LeaseRenewer:msrabi@msra-sa-41:9000] org.apache.hadoop.ipc.Client: Address change detected. Old: msra-sa-41/10.190.173.170:9000 New: msra-sa-41:9000
2015-10-18 18:06:40,140 WARN [LeaseRenewer:msrabi@msra-sa-41:9000] org.apache.hadoop.hdfs.LeaseRenewer: Failed to renew lease for [DFSClient_NONMAPREDUCE_1537864556_1] for 102 seconds.  Will retry shortly ...
2015-10-18 18:06:41,109 WARN [RMCommunicator Allocator] org.apache.hadoop.ipc.Client: Address change detected. Old: msra-sa-41/10.190.173.170:8030 New: msra-sa-41:8030
2015-10-18 18:06:41,140 WARN [LeaseRenewer:msrabi@msra-sa-41:9000] org.apache.hadoop.ipc.Client: Address change detected. Old: msra-sa-41/10.190.173.170:9000 New: msra-sa-41:9000
2015-10-18 18:06:41,140 WARN [LeaseRenewer:msrabi@msra-sa-41:9000] org.apache.hadoop.hdfs.LeaseRenewer: Failed to renew lease for [DFSClient_NONMAPREDUCE_1537864556_1] for 103 seconds.  Will retry shortly ...
2015-10-18 18:06:42,109 INFO [RMCommunicator Allocator] org.apache.hadoop.ipc.Client: Retrying connect to server: msra-sa-41:8030. Already tried 0 time(s); retry policy is RetryUpToMaximumCountWithFixedSleep(maxRetries=10, sleepTime=1000 MILLISECONDS)
2015-10-18 18:06:42,109 ERROR [RMCommunicator Allocator] org.apache.hadoop.mapreduce.v2.app.rm.RMContainerAllocator: ERROR IN CONTACTING RM. 
2015-10-18 18:06:42,140 WARN [LeaseRenewer:msrabi@msra-sa-41:9000] org.apache.hadoop.ipc.Client: Address change detected. Old: msra-sa-41/10.190.173.170:9000 New: msra-sa-41:9000
2015-10-18 18:06:42,140 WARN [LeaseRenewer:msrabi@msra-sa-41:9000] org.apache.hadoop.hdfs.LeaseRenewer: Failed to renew lease for [DFSClient_NONMAPREDUCE_1537864556_1] for 104 seconds.  Will retry shortly ...
2015-10-18 18:06:43,124 WARN [RMCommunicator Allocator] org.apache.hadoop.ipc.Client: Address change detected. Old: msra-sa-41/10.190.173.170:8030 New: msra-sa-41:8030
2015-10-18 18:06:43,156 WARN [LeaseRenewer:msrabi@msra-sa-41:9000] org.apache.hadoop.ipc.Client: Address change detected. Old: msra-sa-41/10.190.173.170:9000 New: msra-sa-41:9000
2015-10-18 18:06:43,156 WARN [LeaseRenewer:msrabi@msra-sa-41:9000] org.apache.hadoop.hdfs.LeaseRenewer: Failed to renew lease for [DFSClient_NONMAPREDUCE_1537864556_1] for 105 seconds.  Will retry shortly ...
2015-10-18 18:06:44,124 INFO [RMCommunicator Allocator] org.apache.hadoop.ipc.Client: Retrying connect to server: msra-sa-41:8030. Already tried 0 time(s); retry policy is RetryUpToMaximumCountWithFixedSleep(maxRetries=10, sleepTime=1000 MILLISECONDS)
2015-10-18 18:06:44,124 ERROR [RMCommunicator Allocator] org.apache.hadoop.mapreduce.v2.app.rm.RMContainerAllocator: ERROR IN CONTACTING RM. 
2015-10-18 18:06:44,156 WARN [LeaseRenewer:msrabi@msra-sa-41:9000] org.apache.hadoop.ipc.Client: Address change detected. Old: msra-sa-41/10.190.173.170:9000 New: msra-sa-41:9000
2015-10-18 18:06:44,156 WARN [LeaseRenewer:msrabi@msra-sa-41:9000] org.apache.hadoop.hdfs.LeaseRenewer: Failed to renew lease for [DFSClient_NONMAPREDUCE_1537864556_1] for 106 seconds.  Will retry shortly ...
2015-10-18 18:06:45,124 WARN [RMCommunicator Allocator] org.apache.hadoop.ipc.Client: Address change detected. Old: msra-sa-41/10.190.173.170:8030 New: msra-sa-41:8030
2015-10-18 18:06:45,156 WARN [LeaseRenewer:msrabi@msra-sa-41:9000] org.apache.hadoop.ipc.Client: Address change detected. Old: msra-sa-41/10.190.173.170:9000 New: msra-sa-41:9000
2015-10-18 18:06:45,156 WARN [LeaseRenewer:msrabi@msra-sa-41:9000] org.apache.hadoop.hdfs.LeaseRenewer: Failed to renew lease for [DFSClient_NONMAPREDUCE_1537864556_1] for 107 seconds.  Will retry shortly ...
2015-10-18 18:06:46,124 INFO [RMCommunicator Allocator] org.apache.hadoop.ipc.Client: Retrying connect to server: msra-sa-41:8030. Already tried 0 time(s); retry policy is RetryUpToMaximumCountWithFixedSleep(maxRetries=10, sleepTime=1000 MILLISECONDS)
2015-10-18 18:06:46,124 ERROR [RMCommunicator Allocator] org.apache.hadoop.mapreduce.v2.app.rm.RMContainerAllocator: ERROR IN CONTACTING RM. 
2015-10-18 18:06:46,156 WARN [LeaseRenewer:msrabi@msra-sa-41:9000] org.apache.hadoop.ipc.Client: Address change detected. Old: msra-sa-41/10.190.173.170:9000 New: msra-sa-41:9000
2015-10-18 18:06:46,156 WARN [LeaseRenewer:msrabi@msra-sa-41:9000] org.apache.hadoop.hdfs.LeaseRenewer: Failed to renew lease for [DFSClient_NONMAPREDUCE_1537864556_1] for 108 seconds.  Will retry shortly ...
2015-10-18 18:06:47,125 WARN [RMCommunicator Allocator] org.apache.hadoop.ipc.Client: Address change detected. Old: msra-sa-41/10.190.173.170:8030 New: msra-sa-41:8030
2015-10-18 18:06:47,156 WARN [LeaseRenewer:msrabi@msra-sa-41:9000] org.apache.hadoop.ipc.Client: Address change detected. Old: msra-sa-41/10.190.173.170:9000 New: msra-sa-41:9000
2015-10-18 18:06:47,156 WARN [LeaseRenewer:msrabi@msra-sa-41:9000] org.apache.hadoop.hdfs.LeaseRenewer: Failed to renew lease for [DFSClient_NONMAPREDUCE_1537864556_1] for 109 seconds.  Will retry shortly ...
2015-10-18 18:06:48,140 INFO [RMCommunicator Allocator] org.apache.hadoop.ipc.Client: Retrying connect to server: msra-sa-41:8030. Already tried 0 time(s); retry policy is RetryUpToMaximumCountWithFixedSleep(maxRetries=10, sleepTime=1000 MILLISECONDS)
2015-10-18 18:06:48,140 ERROR [RMCommunicator Allocator] org.apache.hadoop.mapreduce.v2.app.rm.RMContainerAllocator: ERROR IN CONTACTING RM. 
2015-10-18 18:06:48,203 WARN [LeaseRenewer:msrabi@msra-sa-41:9000] org.apache.hadoop.ipc.Client: Address change detected. Old: msra-sa-41/10.190.173.170:9000 New: msra-sa-41:9000
2015-10-18 18:06:48,203 WARN [LeaseRenewer:msrabi@msra-sa-41:9000] org.apache.hadoop.hdfs.LeaseRenewer: Failed to renew lease for [DFSClient_NONMAPREDUCE_1537864556_1] for 110 seconds.  Will retry shortly ...
2015-10-18 18:06:49,140 WARN [RMCommunicator Allocator] org.apache.hadoop.ipc.Client: Address change detected. Old: msra-sa-41/10.190.173.170:8030 New: msra-sa-41:8030
2015-10-18 18:06:49,203 WARN [LeaseRenewer:msrabi@msra-sa-41:9000] org.apache.hadoop.ipc.Client: Address change detected. Old: msra-sa-41/10.190.173.170:9000 New: msra-sa-41:9000
2015-10-18 18:06:49,203 WARN [LeaseRenewer:msrabi@msra-sa-41:9000] org.apache.hadoop.hdfs.LeaseRenewer: Failed to renew lease for [DFSClient_NONMAPREDUCE_1537864556_1] for 111 seconds.  Will retry shortly ...
2015-10-18 18:06:50,140 INFO [RMCommunicator Allocator] org.apache.hadoop.ipc.Client: Retrying connect to server: msra-sa-41:8030. Already tried 0 time(s); retry policy is RetryUpToMaximumCountWithFixedSleep(maxRetries=10, sleepTime=1000 MILLISECONDS)
2015-10-18 18:06:50,140 ERROR [RMCommunicator Allocator] org.apache.hadoop.mapreduce.v2.app.rm.RMContainerAllocator: ERROR IN CONTACTING RM. 
2015-10-18 18:06:50,203 WARN [LeaseRenewer:msrabi@msra-sa-41:9000] org.apache.hadoop.ipc.Client: Address change detected. Old: msra-sa-41/10.190.173.170:9000 New: msra-sa-41:9000
2015-10-18 18:06:50,203 WARN [LeaseRenewer:msrabi@msra-sa-41:9000] org.apache.hadoop.hdfs.LeaseRenewer: Failed to renew lease for [DFSClient_NONMAPREDUCE_1537864556_1] for 112 seconds.  Will retry shortly ...
2015-10-18 18:06:51,140 WARN [RMCommunicator Allocator] org.apache.hadoop.ipc.Client: Address change detected. Old: msra-sa-41/10.190.173.170:8030 New: msra-sa-41:8030
2015-10-18 18:06:51,203 WARN [LeaseRenewer:msrabi@msra-sa-41:9000] org.apache.hadoop.ipc.Client: Address change detected. Old: msra-sa-41/10.190.173.170:9000 New: msra-sa-41:9000
2015-10-18 18:06:51,203 WARN [LeaseRenewer:msrabi@msra-sa-41:9000] org.apache.hadoop.hdfs.LeaseRenewer: Failed to renew lease for [DFSClient_NONMAPREDUCE_1537864556_1] for 113 seconds.  Will retry shortly ...
2015-10-18 18:06:52,140 INFO [RMCommunicator Allocator] org.apache.hadoop.ipc.Client: Retrying connect to server: msra-sa-41:8030. Already tried 0 time(s); retry policy is RetryUpToMaximumCountWithFixedSleep(maxRetries=10, sleepTime=1000 MILLISECONDS)
2015-10-18 18:06:52,140 ERROR [RMCommunicator Allocator] org.apache.hadoop.mapreduce.v2.app.rm.RMContainerAllocator: ERROR IN CONTACTING RM. 
2015-10-18 18:06:52,203 WARN [LeaseRenewer:msrabi@msra-sa-41:9000] org.apache.hadoop.ipc.Client: Address change detected. Old: msra-sa-41/10.190.173.170:9000 New: msra-sa-41:9000
2015-10-18 18:06:52,203 WARN [LeaseRenewer:msrabi@msra-sa-41:9000] org.apache.hadoop.hdfs.LeaseRenewer: Failed to renew lease for [DFSClient_NONMAPREDUCE_1537864556_1] for 114 seconds.  Will retry shortly ...
2015-10-18 18:06:53,140 WARN [RMCommunicator Allocator] org.apache.hadoop.ipc.Client: Address change detected. Old: msra-sa-41/10.190.173.170:8030 New: msra-sa-41:8030
2015-10-18 18:06:53,203 WARN [LeaseRenewer:msrabi@msra-sa-41:9000] org.apache.hadoop.ipc.Client: Address change detected. Old: msra-sa-41/10.190.173.170:9000 New: msra-sa-41:9000
2015-10-18 18:06:53,203 WARN [LeaseRenewer:msrabi@msra-sa-41:9000] org.apache.hadoop.hdfs.LeaseRenewer: Failed to renew lease for [DFSClient_NONMAPREDUCE_1537864556_1] for 115 seconds.  Will retry shortly ...
2015-10-18 18:06:54,141 INFO [RMCommunicator Allocator] org.apache.hadoop.ipc.Client: Retrying connect to server: msra-sa-41:8030. Already tried 0 time(s); retry policy is RetryUpToMaximumCountWithFixedSleep(maxRetries=10, sleepTime=1000 MILLISECONDS)
2015-10-18 18:06:54,141 ERROR [RMCommunicator Allocator] org.apache.hadoop.mapreduce.v2.app.rm.RMContainerAllocator: ERROR IN CONTACTING RM. 
2015-10-18 18:06:54,203 WARN [LeaseRenewer:msrabi@msra-sa-41:9000] org.apache.hadoop.ipc.Client: Address change detected. Old: msra-sa-41/10.190.173.170:9000 New: msra-sa-41:9000
2015-10-18 18:06:54,203 WARN [LeaseRenewer:msrabi@msra-sa-41:9000] org.apache.hadoop.hdfs.LeaseRenewer: Failed to renew lease for [DFSClient_NONMAPREDUCE_1537864556_1] for 116 seconds.  Will retry shortly ...
2015-10-18 18:06:55,141 WARN [RMCommunicator Allocator] org.apache.hadoop.ipc.Client: Address change detected. Old: msra-sa-41/10.190.173.170:8030 New: msra-sa-41:8030
2015-10-18 18:06:55,203 WARN [LeaseRenewer:msrabi@msra-sa-41:9000] org.apache.hadoop.ipc.Client: Address change detected. Old: msra-sa-41/10.190.173.170:9000 New: msra-sa-41:9000
2015-10-18 18:06:55,203 WARN [LeaseRenewer:msrabi@msra-sa-41:9000] org.apache.hadoop.hdfs.LeaseRenewer: Failed to renew lease for [DFSClient_NONMAPREDUCE_1537864556_1] for 117 seconds.  Will retry shortly ...
2015-10-18 18:06:56,156 INFO [RMCommunicator Allocator] org.apache.hadoop.ipc.Client: Retrying connect to server: msra-sa-41:8030. Already tried 0 time(s); retry policy is RetryUpToMaximumCountWithFixedSleep(maxRetries=10, sleepTime=1000 MILLISECONDS)
2015-10-18 18:06:56,156 ERROR [RMCommunicator Allocator] org.apache.hadoop.mapreduce.v2.app.rm.RMContainerAllocator: ERROR IN CONTACTING RM. 
2015-10-18 18:06:56,203 WARN [LeaseRenewer:msrabi@msra-sa-41:9000] org.apache.hadoop.ipc.Client: Address change detected. Old: msra-sa-41/10.190.173.170:9000 New: msra-sa-41:9000
2015-10-18 18:06:56,203 WARN [LeaseRenewer:msrabi@msra-sa-41:9000] org.apache.hadoop.hdfs.LeaseRenewer: Failed to renew lease for [DFSClient_NONMAPREDUCE_1537864556_1] for 118 seconds.  Will retry shortly ...
2015-10-18 18:06:57,156 WARN [RMCommunicator Allocator] org.apache.hadoop.ipc.Client: Address change detected. Old: msra-sa-41/10.190.173.170:8030 New: msra-sa-41:8030
2015-10-18 18:06:57,203 WARN [LeaseRenewer:msrabi@msra-sa-41:9000] org.apache.hadoop.ipc.Client: Address change detected. Old: msra-sa-41/10.190.173.170:9000 New: msra-sa-41:9000
2015-10-18 18:06:57,203 WARN [LeaseRenewer:msrabi@msra-sa-41:9000] org.apache.hadoop.hdfs.LeaseRenewer: Failed to renew lease for [DFSClient_NONMAPREDUCE_1537864556_1] for 119 seconds.  Will retry shortly ...
2015-10-18 18:06:58,156 INFO [RMCommunicator Allocator] org.apache.hadoop.ipc.Client: Retrying connect to server: msra-sa-41:8030. Already tried 0 time(s); retry policy is RetryUpToMaximumCountWithFixedSleep(maxRetries=10, sleepTime=1000 MILLISECONDS)
2015-10-18 18:06:58,156 ERROR [RMCommunicator Allocator] org.apache.hadoop.mapreduce.v2.app.rm.RMContainerAllocator: ERROR IN CONTACTING RM. 
2015-10-18 18:06:58,203 WARN [LeaseRenewer:msrabi@msra-sa-41:9000] org.apache.hadoop.ipc.Client: Address change detected. Old: msra-sa-41/10.190.173.170:9000 New: msra-sa-41:9000
2015-10-18 18:06:58,203 WARN [LeaseRenewer:msrabi@msra-sa-41:9000] org.apache.hadoop.hdfs.LeaseRenewer: Failed to renew lease for [DFSClient_NONMAPREDUCE_1537864556_1] for 120 seconds.  Will retry shortly ...
2015-10-18 18:06:59,188 WARN [RMCommunicator Allocator] org.apache.hadoop.ipc.Client: Address change detected. Old: msra-sa-41/10.190.173.170:8030 New: msra-sa-41:8030
2015-10-18 18:06:59,203 WARN [LeaseRenewer:msrabi@msra-sa-41:9000] org.apache.hadoop.ipc.Client: Address change detected. Old: msra-sa-41/10.190.173.170:9000 New: msra-sa-41:9000