350766 node-109 unix.hw state_change.unavailable 1084680778 1 Component State Change: Component alt0 is in the unavailable state (HWID=3180)
344518 node-246 unix.hw state_change.unavailable 1084270955 1 Component State Change: Component alt0 is in the unavailable state (HWID=5089)
344448 node-153 unix.hw state_change.unavailable 1084270952 1 Component State Change: Component alt0 is in the unavailable state (HWID=4088)
366633 node-200 unix.hw state_change.unavailable 1085100843 1 Component State Change: Component alt0 is in the unavailable state (HWID=2538)
366463 node-122 unix.hw state_change.unavailable 1085084674 1 Component State Change: Component alt0 is in the unavailable state (HWID=2480)
438190 node-228 unix.hw state_change.unavailable 1097194780 1 Component State Change: Component alt0 is in the unavailable state (HWID=3713)
225111 node-10 unix.hw state_change.unavailable 1117296789 1 Component State Change: Component alt0 is in the unavailable state (HWID=3891)
360778 node-130 unix.hw state_change.unavailable 1141108031 1 Component State Change: Component alt0 is in the unavailable state (HWID=2478)
401569 node-169 unix.hw state_change.unavailable 1142550406 1 Component State Change: Component alt0 is in the unavailable state (HWID=2969)
401855 node-187 unix.hw state_change.unavailable 1142553646 1 Component State Change: Component alt0 is in the unavailable state (HWID=4159)
460773 node-199 unix.hw state_change.unavailable 1145552100 1 Component State Change: Component alt0 is in the unavailable state (HWID=2608)
3515 node-216 action start 1075629790 1 wait  (command 2057)
41108 node-93 action start 1076538873 1 boot  (command 2152)
39962 node-134 action start 1076538533 1 wait  (command 2154)
38426 node-17 action start 1076537141 1 boot  (command 2141)
33697 node-251 action start 1076435713 1 boot  (command 2110)
46302 node-114 action start 1076546290 1 boot  (command 2160)
76306 node-57 action start 1077204892 1 halt  (command 2221)
75035 node-116 action start 1077172847 1 wait  (command 2217)
75026 node-119 action start 1077172842 1 wait  (command 2217)
66410 node-226 action start 1076874863 1 wait  (command 2201)
64231 node-224 action start 1076871482 1 wait  (command 2199)
61193 node-25 action start 1076865929 1 boot  (command 2183)
59888 node-105 action start 1076865608 1 wait  (command 2189)
106268 node-178 action start 1077739942 1 wait  (command 2302)
95046 node-118 action start 1077647123 1 wait  (command 2270)
93084 node-239 action start 1077645240 1 wait  (command 2257)
93083 node-242 action start 1077645240 1 boot  (command 2257)
137423 node-28 action start 1077809713 1 boot  (command 2316)
138728 node-25 action start 1077810165 1 boot  (command 2316)
139640 node-120 action start 1077810494 1 wait  (command 2322)
143923 node-195 action start 1077816813 1 wait  (command 2354)
146443 node-123 action start 1077817656 1 wait  (command 2347)
157583 node-196 action start 1077873102 1 boot  (command 2368)
160960 node-3 action start 1077875823 1 boot  (command 2392)
162927 node-2 action start 1077877886 1 boot  (command 2406)
163146 node-206 action start 1077878060 1 boot  (command 2417)
164418 node-45 action start 1077881141 1 boot  (command 2423)
165793 node-89 action start 1077881713 1 wait  (command 2424)
177730 node-200 action start 1077894469 1 wait  (command 2449)
185712 node-60 action start 1077902963 1 boot  (command 2464)
186693 node-125 action start 1077903223 1 wait  (command 2468)
222526 node-206 action start 1078490898 1 boot  (command 2520)
217214 node-241 action start 1078468230 1 wait  (command 2517)
217168 node-248 action start 1078468218 1 boot  (command 2517)
217100 node-148 action start 1078468203 1 wait  (command 2511)
217007 node-179 action start 1078468187 1 wait  (command 2513)
214978 node-161 action start 1078467481 1 boot  (command 2514)
201811 node-76 action start 1078162366 1 wait  (command 2484)
264003 node-176 action start 1079249218 1 boot  (command 2625)
256981 node-58 action start 1079070194 1 wait  (command 2607)
256874 node-90 action start 1079070177 1 boot  (command 2616)
256848 node-185 action start 1079070175 1 boot  (command 2619)
256223 node-82 action start 1079070000 1 boot  (command 2616)
256162 node-80 action start 1079069993 1 boot  (command 2616)
254534 node-129 action start 1079069377 1 boot  (command 2602)
247848 node-157 action start 1079049069 1 wait  (command 2582)
245027 node-175 action start 1079048210 1 boot  (command 2584)
236520 node-43 action start 1079015170 1 wait  (command 2549)
235608 node-34 action start 1079014799 1 boot  (command 2550)
235599 node-2 action start 1079014796 1 boot  (command 2548)
233507 node-227 action start 1079012648 1 boot  (command 2538)
274455 node-100 action start 1079616550 1 wait  (command 2683)
276059 node-190 action start 1079617054 1 boot  (command 2686)
276581 node-120 action start 1079617260 1 wait  (command 2682)
294548 node-216 action start 1081392152 1 wait  (command 2763)
301979 node-1 action start 1081998493 1 wait  (command 2800)
300380 node-109 action start 1081880821 1 boot  (command 2790)
307531 node-9 action start 1082038490 1 wait  (command 2817)
307999 node-112 action start 1082038630 1 wait  (command 2823)
309387 node-27 action start 1082039069 1 wait  (command 2817)
326403 node-150 action start 1083202417 1 wait  (command 2900)
324109 node-232 action start 1083200791 1 wait  (command 2885)
338620 node-237 action start 1083304818 1 wait  (command 2909)
362348 node-220 action start 1085071596 1 boot  (command 2960)
360562 node-229 action start 1085071024 1 wait  (command 2963)
374171 node-26 action start 1086022370 1 boot  (command 2999)
373784 node-147 action start 1085979758 1 halt  (command 2992)
402485 node-205 action start 1089897107 1 wait  (command 3087)
402097 node-73 action start 1089897051 1 wait  (command 3079)
401359 node-34 action start 1089896823 1 wait  (command 3078)
429535 node-124 action start 1095347018 1 wait  (command 3141)
426656 node-33 action start 1095346191 1 boot  (command 3138)
437355 node-19 action start 1096995511 1 boot  (command 3169)
437261 node-10 action start 1096995263 1 boot  (command 3169)
443445 node-80 action start 1098389763 1 boot  (command 3194)
19244 node-194 action start 1100785255 1 boot  (command 3320)
19258 node-167 action start 1100785255 1 boot  (command 3318)
20797 node-188 action start 1100785975 1 boot  (command 3317)
21457 node-216 action start 1100786301 1 wait  (command 3319)
32761 node-17 action start 1102475613 1 wait  (command 3334)
32609 node-10 action start 1102475187 1 boot  (command 3334)
70287 node-70 action start 1108647096 1 wait  (command 3412)
70708 node-115 action start 1108647304 1 boot  (command 3413)
112147 node-82 action start 1111072078 1 boot  (command 3473)
136495 node-150 action start 1111865182 1 wait  (command 3523)
136459 node-208 action start 1111865169 1 wait  (command 3525)
134514 node-254 action start 1111862672 1 wait  (command 3519)
134299 node-251 action start 1111862280 1 boot  (command 3519)
128650 node-231 action start 1111855559 1 boot  (command 3512)
163965 node-195 action start 1114095465 1 boot  (command 3579)
164990 node-114 action start 1114095917 1 boot  (command 3572)
165357 node-246 action start 1114095982 1 boot  (command 3580)
208690 node-65 action start 1116601343 1 wait  (command 3612)
208761 node-147 action start 1116601359 1 boot  (command 3615)
210411 node-40 action start 1116601982 1 wait  (command 3609)
211063 node-18 action start 1116604606 1 boot  (command 3624)
212813 node-239 action start 1116611765 1 wait  (command 3649)
213303 node-83 action start 1116611976 1 boot  (command 3639)
252407 node-46 action start 1118929077 1 wait  (command 3690)
252602 node-145 action start 1118929116 1 boot  (command 3696)
252613 node-174 action start 1118929118 1 wait  (command 3698)
276418 node-84 action start 1119845504 1 wait  (command 3709)
55715 node-89 action start 1126813838 1 wait  (command 3837)
55940 node-255 action start 1126814027 1 wait  (command 3847)
173915 node-59 action start 1131220838 1 boot  (command 3951)
172312 node-27 action start 1131216880 1 boot  (command 3928)
170334 node-161 action start 1131215738 1 boot  (command 3939)
191604 node-13 action start 1131239917 1 boot  (command 3964)
193032 node-46 action start 1131241563 1 wait  (command 3973)
194265 node-186 action start 1131242308 1 wait  (command 3981)
194301 node-185 action start 1131242355 1 wait  (command 3981)
220288 node-194 action start 1132159257 1 boot  (command 4024)
288620 node-150 action start 1134671414 1 wait  (command 4061)
329026 node-111 action start 1140100216 1 wait  (command 4110)
328665 node-234 action start 1140100074 1 boot  (command 4118)
328498 node-218 action start 1140099980 1 wait  (command 4116)
328095 node-194 action start 1140099718 1 wait  (command 4117)
328040 node-67 action start 1140099563 1 boot  (command 4109)
374387 node-116 action start 1141676760 1 wait  (command 4145)
397088 node-148 action start 1142527921 1 boot  (command 4176)
397742 node-56 action start 1142528184 1 boot  (command 4170)
397899 node-150 action start 1142528212 1 wait  (command 4176)
398541 node-154 action start 1142528540 1 wait  (command 4176)
2594656 node-D0 clusterfilesystem clusterfilesystem.no_server 1074279038 1 ClusterFileSystem: There is no server for ServerFileSystem domain storage234
2609055 node-D7 clusterfilesystem clusterfilesystem.no_server 1074464654 1 ClusterFileSystem: There is no server for ServerFileSystem domain storage1412
2608601 node-D7 clusterfilesystem clusterfilesystem.no_server 1074462833 1 ClusterFileSystem: There is no server for ServerFileSystem domain storage1024
2608475 node-D7 clusterfilesystem clusterfilesystem.no_server 1074462062 1 ClusterFileSystem: There is no server for ServerFileSystem domain storage1534
2596321 node-D7 clusterfilesystem clusterfilesystem.no_server 1074289164 1 ClusterFileSystem: There is no server for ServerFileSystem domain storage1231
32255 node-D7 clusterfilesystem clusterfilesystem.no_server 1076398960 1 ClusterFileSystem: There is no server for ServerFileSystem domain storage934
58466 node-D0 clusterfilesystem clusterfilesystem.no_server 1076864677 1 ClusterFileSystem: There is no server for ServerFileSystem domain storage131
57981 node-D7 clusterfilesystem clusterfilesystem.no_server 1076864401 1 ClusterFileSystem: There is no server for ServerFileSystem domain storage1144
57709 node-D0 clusterfilesystem clusterfilesystem.no_server 1076864348 1 ClusterFileSystem: There is no server for ServerFileSystem domain storage444
171644 node-D0 clusterfilesystem clusterfilesystem.no_server 1077889836 1 ClusterFileSystem: There is no server for ServerFileSystem domain storage141
172740 node-D7 clusterfilesystem clusterfilesystem.no_server 1077891659 1 ClusterFileSystem: There is no server for ServerFileSystem domain storage1622
172788 node-D7 clusterfilesystem clusterfilesystem.no_server 1077891661 1 ClusterFileSystem: There is no server for ServerFileSystem domain storage1612
183109 node-D7 clusterfilesystem clusterfilesystem.no_server 1077901705 1 ClusterFileSystem: There is no server for ServerFileSystem domain storage1622
213053 node-D7 clusterfilesystem clusterfilesystem.no_server 1078465745 1 ClusterFileSystem: There is no server for ServerFileSystem domain storage1542
213050 node-D7 clusterfilesystem clusterfilesystem.no_server 1078465745 1 ClusterFileSystem: There is no server for ServerFileSystem domain storage1644
229271 node-D0 clusterfilesystem clusterfilesystem.no_server 1078963582 1 ClusterFileSystem: There is no server for ServerFileSystem domain storage242
311726 node-D7 clusterfilesystem clusterfilesystem.no_server 1082041350 1 ClusterFileSystem: There is no server for ServerFileSystem domain storage1031
400170 node-D7 clusterfilesystem clusterfilesystem.no_server 1089893907 1 ClusterFileSystem: There is no server for ServerFileSystem domain storage1331
399288 node-D0 clusterfilesystem clusterfilesystem.no_server 1089893729 1 ClusterFileSystem: There is no server for ServerFileSystem domain storage742
399278 node-D0 clusterfilesystem clusterfilesystem.no_server 1089893727 1 ClusterFileSystem: There is no server for ServerFileSystem domain storage221
417925 node-D0 clusterfilesystem clusterfilesystem.no_server 1093627911 1 ClusterFileSystem: There is no server for ServerFileSystem domain storage622
420807 node-D0 clusterfilesystem clusterfilesystem.no_server 1094568654 1 ClusterFileSystem: There is no server for ServerFileSystem domain storage112
442349 node-D7 clusterfilesystem clusterfilesystem.no_server 1098365526 1 ClusterFileSystem: There is no server for ServerFileSystem domain storage1432
51652 node-D0 clusterfilesystem clusterfilesystem.no_server 1106588485 1 ClusterFileSystem: There is no server for ServerFileSystem domain storage142
68757 node-D0 clusterfilesystem clusterfilesystem.no_server 1108645899 1 ClusterFileSystem: There is no server for ServerFileSystem domain storage742
69243 node-D7 clusterfilesystem clusterfilesystem.no_server 1108646021 1 ClusterFileSystem: There is no server for ServerFileSystem domain storage1231
110887 node-D7 clusterfilesystem clusterfilesystem.no_server 1111067897 1 ClusterFileSystem: There is no server for ServerFileSystem domain storage1311
256889 node-D0 clusterfilesystem clusterfilesystem.no_server 1118940596 1 ClusterFileSystem: There is no server for ServerFileSystem domain storage411
220014 node-D0 clusterfilesystem clusterfilesystem.no_server 1132158358 1 ClusterFileSystem: There is no server for ServerFileSystem domain storage132
286137 node-D0 clusterfilesystem clusterfilesystem.no_server 1134669644 1 ClusterFileSystem: There is no server for ServerFileSystem domain storage832
286151 node-D0 clusterfilesystem clusterfilesystem.no_server 1134669644 1 ClusterFileSystem: There is no server for ServerFileSystem domain storage531
327002 node-D0 clusterfilesystem clusterfilesystem.no_server 1140098601 1 ClusterFileSystem: There is no server for ServerFileSystem domain storage321
268543 Interconnect-0N00 switch_module fan 1119372267 1 Fan speeds ( 3552 3534 3375 **** 3515 3479 )
268265 Interconnect-0N00 switch_module fan 1119290224 1 Fan speeds ( 3552 3534 3375 **** 3515 3479 )
292663 Interconnect-0N00 switch_module fan 1121581239 1 Fan speeds ( 3552 3534 3375 **** 3515 3479 )
291810 Interconnect-0N00 switch_module fan 1121525534 1 Fan speeds ( 3552 3534 3375 **** 3515 3479 )
289739 Interconnect-0N00 switch_module fan 1121303273 1 Fan speeds ( 3552 3534 3375 4245 3515 3479 )
327293 Interconnect-0N00 switch_module fan 1123408044 1 Fan speeds ( 3552 3534 3375 **** 3515 3479 )
26132 Interconnect-0N00 switch_module fan 1124831967 1 Fan speeds ( 3552 3534 3375 11637 3515 3479 )
37743 Interconnect-0N00 switch_module fan 1125827345 1 Fan speeds ( 3552 3534 3375 **** 3515 3479 )
37524 Interconnect-0N00 switch_module fan 1125819002 1 Fan speeds ( 3552 3534 3375 **** 3515 3479 )
36180 Interconnect-0N00 switch_module fan 1125718237 1 Fan speeds ( 3552 3534 3375 4245 3515 3479 )
35581 Interconnect-0N00 switch_module fan 1125706262 1 Fan speeds ( 3552 3534 3375 **** 3515 3479 )
35374 Interconnect-0N00 switch_module fan 1125677285 1 Fan speeds ( 3552 3534 3375 **** 3515 3479 )
34697 Interconnect-0N00 switch_module fan 1125668027 1 Fan speeds ( 3552 3534 3375 **** 3515 3479 )
34204 Interconnect-0N00 switch_module fan 1125664672 1 Fan speeds ( 3552 3534 3375 4470 3515 3479 )
34116 Interconnect-0N00 switch_module fan 1125660960 1 Fan speeds ( 3552 3534 3375 **** 3515 3479 )
33940 Interconnect-0N00 switch_module fan 1125651957 1 Fan speeds ( 3552 3534 3375 **** 3515 3479 )
33385 Interconnect-0N00 switch_module fan 1125557358 1 Fan speeds ( 3552 3534 3375 **** 3515 3479 )
33086 Interconnect-0N00 switch_module fan 1125545019 1 Fan speeds ( 3552 3534 3375 **** 3515 3479 )
45567 Interconnect-0N00 switch_module fan 1126010536 1 Fan speeds ( 3552 3534 3375 **** 3515 3479 )
45526 Interconnect-0N00 switch_module fan 1126010284 1 Fan speeds ( 3552 3534 3375 **** 3515 3479 )
45496 Interconnect-0N00 switch_module fan 1126001523 1 Fan speeds ( 3552 3534 3375 **** 3515 3479 )
45232 Interconnect-0N00 switch_module fan 1125974682 1 Fan speeds ( 3552 3534 3375 **** 3515 3479 )
44885 Interconnect-0N00 switch_module fan 1125968635 1 Fan speeds ( 3552 3534 3375 **** 3515 3479 )
44792 Interconnect-0N00 switch_module fan 1125967289 1 Fan speeds ( 3552 3534 3375 **** 3515 3479 )
44437 Interconnect-0N00 switch_module fan 1125958618 1 Fan speeds ( 3552 3534 3375 **** 3515 3479 )
44077 Interconnect-0N00 switch_module fan 1125942184 1 Fan speeds ( 3552 3534 3375 **** 3515 3479 )
43807 Interconnect-0N00 switch_module fan 1125941020 1 Fan speeds ( 3552 3534 3375 **** 3515 3479 )
43763 Interconnect-0N00 switch_module fan 1125940778 1 Fan speeds ( 3552 3534 3375 **** 3515 3479 )
43379 Interconnect-0N00 switch_module fan 1125938946 1 Fan speeds ( 3552 3534 3375 **** 3515 3479 )
43219 Interconnect-0N00 switch_module fan 1125938127 1 Fan speeds ( 3552 3534 3375 **** 3515 3479 )
42827 Interconnect-0N00 switch_module fan 1125936247 1 Fan speeds ( 3552 3534 3375 **** 3515 3479 )
42774 Interconnect-0N00 switch_module fan 1125935993 1 Fan speeds ( 3552 3534 3375 **** 3515 3479 )
42301 Interconnect-0N00 switch_module fan 1125933864 1 Fan speeds ( 3552 3534 3375 **** 3515 3479 )
42057 Interconnect-0N00 switch_module fan 1125932744 1 Fan speeds ( 3552 3534 3375 **** 3515 3479 )
41384 Interconnect-0N00 switch_module fan 1125929387 1 Fan speeds ( 3552 3534 3375 **** 3515 3479 )
41142 Interconnect-0N00 switch_module fan 1125922192 1 Fan speeds ( 3552 3534 3375 **** 3515 3479 )
41066 Interconnect-0N00 switch_module fan 1125920701 1 Fan speeds ( 3552 3534 3375 **** 3515 3479 )
40628 Interconnect-0N00 switch_module fan 1125915215 1 Fan speeds ( 3552 3534 3375 **** 3515 3479 )
40627 Interconnect-0N00 switch_module fan 1125915213 1 Fan speeds ( 3552 3534 3375 4166 3515 3479 )
40365 Interconnect-0N00 switch_module fan 1125913604 1 Fan speeds ( 3552 3534 3375 **** 3515 3479 )
40096 Interconnect-0N00 switch_module fan 1125911516 1 Fan speeds ( 3552 3534 3375 **** 3515 3479 )
39347 Interconnect-0N00 switch_module fan 1125873598 1 Fan speeds ( 3552 3534 3375 **** 3515 3479 )
104906 Interconnect-0N00 switch_module fan 1128271361 1 Fan speeds ( 3552 3534 3375 **** 3515 3479 )
104883 Interconnect-0N00 switch_module fan 1128271267 1 Fan speeds ( 3552 3534 3375 **** 3515 3479 )
121157 Interconnect-0N00 switch_module fan 1129314010 1 Fan speeds ( 3552 3534 3375 **** 3515 3479 )
120901 Interconnect-0N00 switch_module fan 1129307838 1 Fan speeds ( 3552 3534 3375 **** 3515 3479 )
120373 Interconnect-0N00 switch_module fan 1129295995 1 Fan speeds ( 3552 3534 3375 **** 3515 3479 )
120348 Interconnect-0N00 switch_module fan 1129295109 1 Fan speeds ( 3552 3534 3375 **** 3515 3479 )
119419 Interconnect-0N00 switch_module fan 1129159678 1 Fan speeds ( 3552 3534 3375 **** 3515 3479 )
119213 Interconnect-0N00 switch_module fan 1129157128 1 Fan speeds ( 3552 3534 3375 **** 3515 3479 )
119202 Interconnect-0N00 switch_module fan 1129156854 1 Fan speeds ( 3552 3534 3375 **** 3515 3479 )
119142 Interconnect-0N00 switch_module fan 1129155779 1 Fan speeds ( 3552 3534 3375 **** 3515 3479 )
119082 Interconnect-0N00 switch_module fan 1129155045 1 Fan speeds ( 3552 3534 3375 4530 3515 3479 )
118806 Interconnect-0N00 switch_module fan 1129150679 1 Fan speeds ( 3552 3534 3375 **** 3515 3479 )
117431 Interconnect-0N00 switch_module fan 1128907389 1 Fan speeds ( 3552 3534 3375 **** 3515 3479 )
117146 Interconnect-0N00 switch_module fan 1128901378 1 Fan speeds ( 3552 3534 3375 **** 3515 3479 )
116927 Interconnect-0N00 switch_module fan 1128899272 1 Fan speeds ( 3552 3534 3375 **** 3515 3479 )
116705 Interconnect-0N00 switch_module fan 1128888604 1 Fan speeds ( 3552 3534 3375 4192 3515 3479 )
116664 Interconnect-0N00 switch_module fan 1128887986 1 Fan speeds ( 3552 3534 3375 **** 3515 3479 )
236285 Interconnect-0N00 switch_module fan 1132421073 1 Fan speeds ( 3552 3534 3391 **** 3515 3479 )
243687 Interconnect-0N00 switch_module fan 1132558950 1 Fan speeds ( 3552 3534 3391 **** 3515 3479 )
260011 Interconnect-0N00 switch_module fan 1133183830 1 Fan speeds ( 3552 3534 3391 **** 3515 3479 )
259847 Interconnect-0N00 switch_module fan 1133182195 1 Fan speeds ( 3552 3534 3391 **** 3515 3479 )
259763 Interconnect-0N00 switch_module fan 1133181426 1 Fan speeds ( 3552 3534 3391 **** 3515 3479 )
259536 Interconnect-0N00 switch_module fan 1133178458 1 Fan speeds ( 3552 3534 3391 **** 3515 3479 )
259457 Interconnect-0N00 switch_module fan 1133177775 1 Fan speeds ( 3552 3534 3391 **** 3515 3479 )
259180 Interconnect-0N00 switch_module fan 1133174442 1 Fan speeds ( 3552 3534 3391 **** 3515 3479 )
259133 Interconnect-0N00 switch_module fan 1133174185 1 Fan speeds ( 3552 3534 3391 **** 3515 3479 )
259101 Interconnect-0N00 switch_module fan 1133174025 1 Fan speeds ( 3552 3534 3391 **** 3515 3479 )
258955 Interconnect-0N00 switch_module fan 1133173381 1 Fan speeds ( 3552 3534 3391 **** 3515 3479 )
258413 Interconnect-0N00 switch_module fan 1133169111 1 Fan speeds ( 3552 3534 3391 **** 3515 3479 )
258185 Interconnect-0N00 switch_module fan 1133168036 1 Fan speeds ( 3552 3534 3391 4299 3515 3479 )
257965 Interconnect-0N00 switch_module fan 1133166706 1 Fan speeds ( 3552 3534 3391 **** 3515 3479 )
257953 Interconnect-0N00 switch_module fan 1133166616 1 Fan speeds ( 3552 3534 3391 **** 3515 3479 )
257691 Interconnect-0N00 switch_module fan 1133165477 1 Fan speeds ( 3552 3534 3391 **** 3515 3479 )
349086 Interconnect-0N00 switch_module fan 1140616724 1 Fan speeds ( 3552 3552 3391 **** 3515 3497 )
349016 Interconnect-0N00 switch_module fan 1140616395 1 Fan speeds ( 3552 3552 3391 **** 3515 3497 )
380336 Interconnect-0N00 switch_module fan 1141884709 1 Fan speeds ( 3534 3534 3375 **** 3497 3479 )
379923 Interconnect-0N00 switch_module fan 1141832424 1 Fan speeds ( 3534 3534 3375 **** 3497 3479 )
379647 Interconnect-0N00 switch_module fan 1141828356 1 Fan speeds ( 3534 3534 3375 4272 3497 3479 )
379641 Interconnect-0N00 switch_module fan 1141828195 1 Fan speeds ( 3534 3534 3375 4470 3497 3479 )
445104 Interconnect-0N00 switch_module fan 1144366153 1 Fan speeds ( 3534 3534 3375 **** 3497 3479 )
442494 Interconnect-0N00 switch_module fan 1143993115 1 Fan speeds ( 3534 3534 3375 **** 3497 3479 )
442338 Interconnect-0N00 switch_module fan 1143991258 1 Fan speeds ( 3534 3534 3375 **** 3497 3479 )
442189 Interconnect-0N00 switch_module fan 1143988225 1 Fan speeds ( 3534 3534 3375 **** 3497 3479 )
442187 Interconnect-0N00 switch_module fan 1143988205 1 Fan speeds ( 3534 3534 3375 **** 3497 3479 )
441407 Interconnect-0N00 switch_module fan 1143980889 1 Fan speeds ( 3534 3534 3375 4115 3497 3479 )
441258 Interconnect-0N00 switch_module fan 1143979891 1 Fan speeds ( 3534 3534 3375 **** 3497 3479 )
441254 Interconnect-0N00 switch_module fan 1143979871 1 Fan speeds ( 3534 3534 3375 **** 3497 3479 )
441208 Interconnect-0N00 switch_module fan 1143979502 1 Fan speeds ( 3534 3534 3375 **** 3497 3479 )
30700 Interconnect-1T00 switch_module bcast-error 1076189965 1 Link error
115576 Interconnect-1T00 switch_module bcast-error 1077793578 1 Link error
115153 Interconnect-0T00 switch_module bcast-error 1077757190 1 Link error
259323 Interconnect-1T00 switch_module bcast-error 1079076297 1 Link error
285855 Interconnect-1T00 switch_module bcast-error 1080298218 1 Link in reset
285823 Interconnect-0T00 switch_module bcast-error 1080292236 1 Link error
289491 Interconnect-0T00 switch_module bcast-error 1080825593 1 Link error
288385 Interconnect-0T00 switch_module bcast-error 1080668603 1 Link error
295965 Interconnect-1T00 switch_module bcast-error 1081534663 1 Link error
293098 Interconnect-1T00 switch_module bcast-error 1081296321 1 Link error
303852 Interconnect-1T00 switch_module bcast-error 1082033409 1 Link in reset
323647 Interconnect-1T00 switch_module bcast-error 1083198788 1 Link ok
26281 Interconnect-0T00 switch_module bcast-error 1124878893 1 Link error on broadcast tree Interconnect-0T00:00:2:1
407973 Interconnect-1T00 switch_module bcast-error 1142703109 1 Link error on broadcast tree Interconnect-1T00:00:3:6
408176 Interconnect-1T00 switch_module bcast-error 1142743438 1 Link error on broadcast tree Interconnect-1T00:00:2:0
408221 Interconnect-1T00 switch_module bcast-error 1142752287 1 Link error on broadcast tree Interconnect-1T00:00:2:0
191911 node-D4 clusterfilesystem fdmn.full 1077949575 1 ServerFileSystem: ServerFileSystem domain root14_local is full
280513 node-D0 clusterfilesystem fdmn.full 1079715693 1 ServerFileSystem: ServerFileSystem domain root10_local is full
284487 node-D3 clusterfilesystem fdmn.full 1080155118 1 ServerFileSystem: ServerFileSystem domain root22_local is full
289398 node-D5 clusterfilesystem fdmn.full 1080811198 1 ServerFileSystem: ServerFileSystem domain root13_local is full
383570 node-D7 clusterfilesystem fdmn.full 1086596948 1 ServerFileSystem: ServerFileSystem domain root26_tmp is full
389984 node-D3 clusterfilesystem fdmn.full 1087531181 1 ServerFileSystem: ServerFileSystem domain root7_local is full
178949 node-D2 clusterfilesystem fdmn.full 1114672353 1 ServerFileSystem: ServerFileSystem domain root1_local is full
178450 node-D4 clusterfilesystem fdmn.full 1114553373 1 ServerFileSystem: ServerFileSystem domain root22_local is full
177934 node-D3 clusterfilesystem fdmn.full 1114546822 1 ServerFileSystem: ServerFileSystem domain root3_local is full
218553 node-D4 clusterfilesystem fdmn.full 1117133933 1 ServerFileSystem: ServerFileSystem domain root25_local is full
218536 node-D1 clusterfilesystem fdmn.full 1117131308 1 ServerFileSystem: ServerFileSystem domain root26_local is full
218505 node-D3 clusterfilesystem fdmn.full 1117130918 1 ServerFileSystem: ServerFileSystem domain root22_local is full
2558879 node-D3 clusterfilesystem clusterfilesystem.not_served 1073126274 1 ClusterFileSystem: ServerFileSystem domain cluster_root_backup is no longer served by node node-96
2567825 node-D5 clusterfilesystem clusterfilesystem.not_served 1074100162 1 ClusterFileSystem: ServerFileSystem domain root_domain is no longer served by node node-160
2568742 node-D4 clusterfilesystem clusterfilesystem.not_served 1074120046 1 ClusterFileSystem: ServerFileSystem domain root3_domain is no longer served by node node-128
2569870 node-D7 clusterfilesystem clusterfilesystem.not_served 1074121737 1 ClusterFileSystem: ServerFileSystem domain root9_domain is no longer served by node node-224
2570007 node-D7 clusterfilesystem clusterfilesystem.not_served 1074121911 1 ClusterFileSystem: ServerFileSystem domain root10_domain is no longer served by node node-224
2571489 node-D3 clusterfilesystem clusterfilesystem.not_served 1074124407 1 ClusterFileSystem: ServerFileSystem domain root28_domain is no longer served by node node-96
2572034 node-D0 clusterfilesystem clusterfilesystem.not_served 1074125608 1 ClusterFileSystem: ServerFileSystem domain root30_domain is no longer served by node node-0
2572991 node-D1 clusterfilesystem clusterfilesystem.not_served 1074129956 1 ClusterFileSystem: ServerFileSystem domain root26_domain is no longer served by node node-57
2589848 node-D0 clusterfilesystem clusterfilesystem.not_served 1074257445 1 ClusterFileSystem: ServerFileSystem domain root29_local is no longer served by node node-28
2589995 node-D0 clusterfilesystem clusterfilesystem.not_served 1074257629 1 ClusterFileSystem: ServerFileSystem domain root12_domain is no longer served by node node-11
37555 node-D6 clusterfilesystem clusterfilesystem.not_served 1076533718 1 ClusterFileSystem: ServerFileSystem domain root5_domain is no longer served by node node-196
36350 node-D5 clusterfilesystem clusterfilesystem.not_served 1076533356 1 ClusterFileSystem: ServerFileSystem domain root28_domain is no longer served by node node-187
69304 node-D7 clusterfilesystem clusterfilesystem.not_served 1076959081 1 ClusterFileSystem: ServerFileSystem domain root5_tmp is no longer served by node node-228
156291 node-D7 clusterfilesystem clusterfilesystem.not_served 1077864767 1 ClusterFileSystem: ServerFileSystem domain storage1422 is no longer served by node node-245
156587 node-D0 clusterfilesystem clusterfilesystem.not_served 1077865593 1 ClusterFileSystem: ServerFileSystem domain storage343 is no longer served by node node-11
159914 node-D3 clusterfilesystem clusterfilesystem.not_served 1077875435 1 ClusterFileSystem: ServerFileSystem domain root19_domain is no longer served by node node-114
160172 node-D2 clusterfilesystem clusterfilesystem.not_served 1077875490 1 ClusterFileSystem: ServerFileSystem domain root14_local is no longer served by node node-77
160413 node-D1 clusterfilesystem clusterfilesystem.not_served 1077875542 1 ClusterFileSystem: ServerFileSystem domain root6_domain is no longer served by node node-37
209092 node-D0 clusterfilesystem clusterfilesystem.not_served 1078438019 1 ClusterFileSystem: ServerFileSystem domain storage534 is no longer served by node node-18
253842 node-D0 clusterfilesystem clusterfilesystem.not_served 1079069186 1 ClusterFileSystem: ServerFileSystem domain root12_tmp is no longer served by node node-11
253687 node-D5 clusterfilesystem clusterfilesystem.not_served 1079069131 1 ClusterFileSystem: ServerFileSystem domain root23_local is no longer served by node node-182
254062 node-D1 clusterfilesystem clusterfilesystem.not_served 1079069211 1 ClusterFileSystem: ServerFileSystem domain root14_tmp is no longer served by node node-45
252335 node-D0 clusterfilesystem clusterfilesystem.not_served 1079068559 1 ClusterFileSystem: ServerFileSystem domain storage211 is no longer served by node node-4
305331 node-D5 clusterfilesystem clusterfilesystem.not_served 1082036035 1 ClusterFileSystem: ServerFileSystem domain root8_domain is no longer served by node node-167
304677 node-D6 clusterfilesystem clusterfilesystem.not_served 1082035793 1 ClusterFileSystem: ServerFileSystem domain root25_local is no longer served by node node-216
182781 node-D5 clusterfilesystem clusterfilesystem.not_served 1114854715 1 ClusterFileSystem: ServerFileSystem domain cluster_usr_backup is no longer served by node node-160
190287 node-D4 clusterfilesystem clusterfilesystem.not_served 1115830055 1 ClusterFileSystem: ServerFileSystem domain root_domain is no longer served by node node-128
203954 node-D7 clusterfilesystem clusterfilesystem.not_served 1116530480 1 ClusterFileSystem: ServerFileSystem domain root24_local is no longer served by node node-247
203956 node-D7 clusterfilesystem clusterfilesystem.not_served 1116530480 1 ClusterFileSystem: ServerFileSystem domain root18_tmp is no longer served by node node-241
204008 node-D7 clusterfilesystem clusterfilesystem.not_served 1116530487 1 ClusterFileSystem: ServerFileSystem domain root17_domain is no longer served by node node-240
218198 node-D0 clusterfilesystem clusterfilesystem.not_served 1117056658 1 ClusterFileSystem: ServerFileSystem domain sc_cluster_backup is no longer served by node node-0
280288 node-D6 clusterfilesystem clusterfilesystem.not_served 1120297769 1 ClusterFileSystem: ServerFileSystem domain cluster_usr_backup is no longer served by node node-192
19318 node-D7 clusterfilesystem clusterfilesystem.not_served 1124532600 1 ClusterFileSystem: ServerFileSystem domain cluster_var_backup is no longer served by node node-224
72165 node-D3 clusterfilesystem clusterfilesystem.not_served 1127045031 1 ClusterFileSystem: ServerFileSystem domain root1_tmp_backup is no longer served by node node-96
197958 node-D3 clusterfilesystem clusterfilesystem.not_served 1131282056 1 ClusterFileSystem: ServerFileSystem domain root1_domain_backup is no longer served by node node-96
226890 node-D6 clusterfilesystem clusterfilesystem.not_served 1132171167 1 ClusterFileSystem: ServerFileSystem domain root28_domain is no longer served by node node-219
2599698 node-D5 domain status 1074297720 1 inconsistent nodesets node-160 0x0001edfe <ok> node-161 0x1001fdfe <ok> node-162 0x1001fdfe <ok> node-163 0x1001fdfe <ok>
160937 node-D1 domain status 1077875820 1 inconsistent nodesets node-32 0x00000002 <ok> node-34 0x000001fe <ok> node-33 0x000001fe <ok> node-35 0x000001fe <ok>
300890 node-220 node status 1081931335 1 not responding
310009 node-13 node status 1082040658 1 running
315748 node-19 node status 1082665230 1 configured out
329774 node-235 node status 1083207608 0 running
329596 node-57 node status 1083207607 1 running
323276 node-189 node status 1083197700 1 not responding
323246 node-170 node status 1083197700 1 not responding
321846 node-91 node status 1083195752 1 configured out
321826 node-65 node status 1083195751 1 configured out
316706 node-90 node status 1082894753 1 running
340207 node-245 node status 1083317700 0 running
329646 node-107 node status 1083207607 0 running
339296 node-125 node status 1083307405 0 configured out
340120 node-158 node status 1083317700 0 running
340209 node-247 node status 1083317700 0 running
344357 node-88 node status 1084269621 0 configured out
344301 node-52 node status 1084269345 0 configured out
343802 node-52 node status 1084264230 1 configured out
366141 node-95 node status 1085078720 1 running
366113 node-67 node status 1085078720 1 running
371329 full partition status 1085797473 1 running
370250 full partition status 1085689890 1 blocked
369970 full partition status 1085682780 1 blocked
369548 node-112 node status 1085659157 1 not responding
369300 node-79 node status 1085569402 1 running
369186 node-168 node status 1085568282 0 running
368987 node-95 node status 1085567825 1 configured out
379999 node-231 node status 1086028827 0 running
379995 node-227 node status 1086028827 0 running
379993 node-225 node status 1086028827 0 running
379872 node-103 node status 1086028827 0 running
379859 node-90 node status 1086028826 1 running
372036 node-219 node status 1085921340 1 configured out
371847 node-49 node status 1085921312 1 configured out
371602 node--tc6 tserver status 1085921002 1 not-responding
379912 node-144 node status 1086028827 0 running
386689 full partition status 1087478923 1 running
386783 node-224 node status 1087499940 1 active
392804 node-41 node status 1088023736 0 running
392696 node-126 node status 1088023734 0 running
392653 node-51 node status 1088023733 1 running
392736 node-198 node status 1088023734 0 running
392729 node-159 node status 1088023734 0 running
392693 node-123 node status 1088023734 0 running
399657 node-155 node status 1089893790 1 not responding
399519 node-85 node status 1089893761 1 configured out
399366 node-39 node status 1089893731 1 configured out
399176 node-54 node status 1089893717 1 not responding
398501 node-235 node status 1089811825 1 running
410509 node-221 node status 1091255504 1 running
409269 node-195 node status 1091248620 1 configured out
371878 node-64 node status 1085921340 -1 configured out
413605 node-154 node status 1092321126 1 running
413350 node-41 node status 1092320602 1 running
416005 full partition status 1092949734 1 running
368988 node-96 node status 1085567825 -1 configured out
418211 node-D0 domain status 1093628640 1 inconsistent nodesets node-1 0x000001fc <ok> node-2 0x000001fc <ok> node-7 0x000001fc <ok> node-4 0x000001fc <ok> node-6 0x000001fc <ok> node-5 0x000001fc <ok> node-3 0x000001fc <ok> node-14 0x0003fdfc <ok> node-13 0x0003fdfc <ok> node-12 0x0003fdfc <ok> node-10 0x0003fdfc <ok> node-16 0x0003fdfc <ok> node-15 0x0003fdfc <ok>
413243 node-191 node status 1092320499 0 configured out
417113 full partition status 1093473150 1 blocked
413275 node-222 node status 1092320499 0 configured out
421363 full partition status 1094571984 1 running
421349 node-18 node status 1094571950 1 running
432939 node-254 node status 1095349520 0 running
413246 node-193 node status 1092320499 1 configured out
425784 node-186 node status 1095342830 1 not responding
425734 node-133 node status 1095342780 1 configured out
425522 node-37 node status 1095342574 1 not responding
425174 node-109 node status 1095341304 1 running
425071 node-174 node status 1095341277 1 active
424807 node-53 node status 1095339932 1 not responding
424635 node-211 node status 1095338588 1 configured out
424634 node-210 node status 1095338588 1 configured out
432838 node-153 node status 1095349520 0 running
432843 node-158 node status 1095349520 1 running
371910 node-96 node status 1085921340 -1 configured out
442459 node-42 node status 1098366960 1 not responding
448690 node-48 node status 1098394861 1 running
448947 node-66 node status 1098395762 1 configured out
449708 full partition status 1098490050 1 blocked
453178 full partition status 1098987334 1 running
451647 node-9 node status 1098825692 1 configured out
450090 node-14 node status 1098716306 1 not responding
360067 node-96 node status 1085056650 -1 configured out
369020 node-160 node status 1085567825 -1 configured out
382264 node-0 node status 1086300660 -1 configured out
457562 node-238 node status 1100413674 1 configured out
448744 node-102 node status 1098394861 0 running
18624 node-205 node status 1100784210 1 configured out
18387 node-184 node status 1100784181 1 configured out
24011 node-77 node status 1100788549 1 running
24024 node-90 node status 1100788549 1 running
24139 node-205 node status 1100788549 0 running
30351 full partition status 1102218393 1 running
24181 node-247 node status 1100788549 1 running
27536 node-0 node status 1101792840 1 configured out
33966 node-16 node status 1102693232 1 configured out
32980 node-26 node status 1102476182 1 running
41359 full partition status 1104950640 1 blocked
53241 node-175 node status 1107152281 1 configured out
56392 node-224 node status 1107904598 1 running
73494 node-29 node status 1108652943 1 running
73690 node-165 node status 1108653007 1 running
77384 node-233 node status 1108744158 1 running
84322 full partition status 1109007900 1 blocked
91139 node-172 node status 1109725656 1 configured out
97235 full partition status 1110138244 1 running
110520 node-73 node status 1111066002 1 not responding
117663 node-151 node status 1111074926 0 running
117632 node-120 node status 1111074926 0 running
117588 node-76 node status 1111074926 1 running
117564 node-52 node status 1111074926 1 running
111216 node-192 node status 1111071420 1 configured out
110959 node-252 node status 1111068030 1 configured out
110554 node-174 node status 1111067067 1 not responding
138134 node-73 node status 1111869296 1 running
117751 node-239 node status 1111074926 1 running
117724 node-212 node status 1111074926 1 running
126627 node-160 node status 1111828200 1 not responding
141504 node-104 node status 1112420952 1 running
140900 node-239 node status 1112389915 0 running
140782 node-220 node status 1112389862 1 not responding
846 node-95 node status 1123709833 1 running
923 node-172 node status 1123709833 1 running
1004 node-253 node status 1123709833 1 running
14730 node-172 node status 1124378018 1 running
26628 full partition status 1124999460 1 blocked
46680 node-126 node status 1126168979 1 running
46615 node-181 node status 1126168951 1 running
56225 node-74 node status 1126814969 1 running
56504 node-55 node status 1126815181 1 configured out
58843 full partition status 1126818053 1 closing
56256 node-105 node status 1126814969 0 running
56261 node-110 node status 1126814969 0 running
56327 node-175 node status 1126814970 0 running
89931 full partition status 1128014704 1 running
98836 node-83 node status 1128237754 1 running
56298 node-146 node status 1126814970 0 running
56335 node-183 node status 1126814970 0 running
56329 node-177 node status 1126814970 0 running
56404 node-254 node status 1126814970 0 running
116947 node-202 node status 1128899526 1 running
56349 node-198 node status 1126814970 1 running
46114 node-182 node status 1126165404 -1 configured out
169688 node-44 node status 1131210631 1 not responding
169664 node-40 node status 1131210631 1 not responding
168084 full partition status 1131032850 1 blocked
197110 node-253 node status 1131247704 1 running
205176 node-15 node status 1131532770 1 not responding
205095 full partition status 1131530296 1 running
204732 node-44 node status 1131527920 1 active
203294 node-215 node status 1131298338 1 not responding
219581 node-76 node status 1132157850 1 configured out
220122 node-D3 domain status 1132158690 1 not responding
260401 full partition status 1133290901 1 running
46105 full partition status 1126164412 -1 running
274783 full partition status 1133702160 1 blocked
285000 node-11 node status 1134656644 1 running
286085 node-4 node status 1134669635 1 not responding
286957 node-162 node status 1134670027 1 not responding
290042 node-183 node status 1134672259 1 running
289977 node-127 node status 1134672205 0 running
309872 full partition status 1135802130 1 blocked
323320 node-255 node status 1139735822 1 not responding
327050 node-7 node status 1140098610 1 configured out
366404 node-237 node status 1141512720 1 configured out
378400 node-232 node status 1141679919 0 running
378260 node-92 node status 1141679919 1 running
378195 node-27 node status 1141679919 1 running
372004 node-90 node status 1141671840 0 configured out
371954 node-40 node status 1141671840 1 configured out
371941 node-27 node status 1141671840 1 configured out
401242 node-145 node status 1142533309 0 running
401248 node-151 node status 1142533309 0 running
401202 node-104 node status 1142533309 0 running
415345 node-D0 domain status 1142942280 1 inconsistent nodesets node-31 0x1fffffffe <ok> node-0 0xfffffffe <ok> node-1 0xfffffffe <ok> node-2 0xfffffffe <ok> node-30 0xfffffffe <ok>
350670 node-240 node temperature 1084653390 1 ambient=35
350386 node-234 node temperature 1084631343 1 ambient=31
350295 node-239 node temperature 1084629363 1 ambient=31
350242 node-108 node temperature 1084626810 1 ambient=31
350134 node-109 node temperature 1084621410 1 ambient=30
349094 node-111 node temperature 1084529940 1 ambient=31
348979 node-112 node temperature 1084518061 1 ambient=29
348683 gige7 gige temperature 1084476183 1 warning
346095 gige7 gige temperature 1084427882 1 normal
346052 node-137 node temperature 1084418581 1 ambient=26
346034 gige7 gige temperature 1084413482 1 normal
345974 gige6 gige temperature 1084380782 1 warning
345944 gige6 gige temperature 1084370883 1 normal
345634 node-237 node temperature 1084314360 1 ambient=33
367104 gige7 gige temperature 1085206086 1 normal
371489 node-237 node temperature 1085883660 1 ambient=31
371437 gige7 gige temperature 1085855902 1 warning
369384 gige4 gige temperature 1085598845 1 critical
383080 node-239 node temperature 1086491940 1 ambient=34
382894 node-238 node temperature 1086438690 1 ambient=35
381787 node-111 node temperature 1086206761 1 ambient=30
381569 gige4 gige temperature 1086197563 1 warning
381210 node-166 node temperature 1086194970 1 ambient=35
381139 node-16 node temperature 1086194820 1 ambient=33
380887 node-247 node temperature 1086178590 1 ambient=33
380233 gige7 gige temperature 1086096701 1 normal
376418 node-47 node temperature 1086025702 1 ambient=30
376386 node-105 node temperature 1086025689 1 ambient=28
375624 node-194 node temperature 1086025505 1 ambient=27
374004 gige4 gige temperature 1085997759 1 warning
372299 gige6 gige temperature 1085939607 1 warning
385237 gige3 gige temperature 1086927360 1 normal
385089 gige3 gige temperature 1086882060 1 normal
384693 gige7 gige temperature 1086805621 1 warning
384641 node-225 node temperature 1086794700 1 ambient=32
384130 node-239 node temperature 1086699270 1 ambient=31
383593 node-238 node temperature 1086602640 1 ambient=35
383318 node-108 node temperature 1086543570 1 ambient=32
386596 node-20 node temperature 1087478914 1 ambient=28
386775 gige7 gige temperature 1087499233 1 warning
387324 node-225 node temperature 1087501911 1 ambient=30
391092 gige7 gige temperature 1087643842 1 normal
391300 gige6 gige temperature 1087728445 1 warning
393242 gige7 gige temperature 1088265456 1 normal
392859 gige7 gige temperature 1088038353 1 normal
392847 gige7 gige temperature 1088034153 1 normal
391811 gige7 gige temperature 1087867648 1 normal
391646 node-234 node temperature 1087853310 1 ambient=31
395148 gige7 gige temperature 1088937476 1 normal
394089 node-188 node temperature 1088608620 1 ambient=31
393440 gige7 gige temperature 1088371359 1 warning
396477 gige7 gige temperature 1089388091 1 normal
395945 gige5 gige temperature 1089210393 1 warning
395216 gige5 gige temperature 1088965285 1 warning
395178 gige6 gige temperature 1088948576 1 warning
407464 gige7 gige temperature 1090176813 1 warning
409366 node-212 node temperature 1091251446 1 ambient=29
409190 gige7 gige temperature 1091231048 1 warning
409063 gige6 gige temperature 1091154558 1 normal
408905 gige7 gige temperature 1091074742 1 warning
408669 gige6 gige temperature 1090924449 1 warning
411736 gige7 gige temperature 1091851474 1 normal
410909 gige7 gige temperature 1091423054 1 normal
415132 gige7 gige temperature 1092507298 1 warning
416347 gige6 gige temperature 1093125020 1 normal
416032 gige7 gige temperature 1092958814 1 warning
415725 gige7 gige temperature 1092870612 1 normal
415585 gige7 gige temperature 1092794408 1 normal
415440 gige7 gige temperature 1092718806 1 normal
415407 gige7 gige temperature 1092699905 1 warning
415297 gige7 gige temperature 1092632401 1 warning
415274 gige7 gige temperature 1092610501 1 normal
417446 gige7 gige temperature 1093560329 1 normal
417398 gige7 gige temperature 1093553730 1 warning
417284 gige7 gige temperature 1093529428 1 warning
419465 gige7 gige temperature 1093902333 1 warning
419403 gige7 gige temperature 1093856733 1 warning
422863 node-11 node temperature 1094755801 1 ambient=29
421827 gige7 gige temperature 1094640341 1 normal
420523 gige7 gige temperature 1094479239 1 normal
431406 node-108 node temperature 1095349170 1 ambient=30
429727 node-153 node temperature 1095347103 1 ambient=30
425381 node-154 node temperature 1095341774 1 ambient=33
433158 node-132 node temperature 1095352261 1 ambient=32
433405 gige7 gige temperature 1095412800 1 normal
433626 node-167 node temperature 1095486301 1 ambient=27
433841 gige7 gige temperature 1095539107 1 warning
435317 gige7 gige temperature 1096178141 1 normal
435259 gige7 gige temperature 1096137336 1 normal
435206 node-41 node temperature 1096130881 1 ambient=32
434839 gige5 gige temperature 1095964227 1 normal
434251 gige7 gige temperature 1095742219 1 warning
434198 node-93 node temperature 1095712050 1 ambient=33
434077 gige7 gige temperature 1095656714 1 warning
434057 gige7 gige temperature 1095644114 1 normal
436643 gige6 gige temperature 1096581363 1 normal
436603 gige7 gige temperature 1096548961 1 normal
436574 gige7 gige temperature 1096527660 1 warning
436113 node-22 node temperature 1096388010 1 ambient=29
440293 gige7 gige temperature 1098009695 1 warning
439731 gige7 gige temperature 1097861497 1 warning
439698 gige4 gige temperature 1097832089 1 normal
439070 gige7 gige temperature 1097642792 1 warning
453662 node-127 node temperature 1099084141 1 ambient=32
453378 node-111 node temperature 1099068271 1 ambient=29
453317 gige7 gige temperature 1099041896 1 normal
453176 node-53 node temperature 1098987302 1 ambient=36
452826 node-206 node temperature 1098903930 1 ambient=29
452434 node-203 node temperature 1098866010 1 ambient=30
451528 gige7 gige temperature 1098821990 1 warning
451472 node-246 node temperature 1098818850 1 ambient=29
456184 gige7 gige temperature 1099776905 1 normal
455679 node-122 node temperature 1099504413 1 ambient=32
455240 node-10 node temperature 1099408230 1 ambient=30
455088 node-111 node temperature 1099356810 1 ambient=32
455065 node-113 node temperature 1099355101 1 ambient=30
455027 node-93 node temperature 1099354051 1 ambient=33
455001 node-107 node temperature 1099351950 1 ambient=31
454698 gige5 gige temperature 1099335170 1 normal
454690 node-153 node temperature 1099334221 1 ambient=33
457137 gige7 gige temperature 1100184616 1 normal
456744 node-133 node temperature 1100077083 1 ambient=33
24290 node-213 node temperature 1100796480 1 ambient=31
24877 node-255 node temperature 1100880930 1 ambient=33
25358 gige4 gige temperature 1100910194 1 critical
25493 gige6 gige temperature 1100956034 1 normal
26895 node-36 node temperature 1101549755 1 ambient=27
26727 gige7 gige temperature 1101454038 1 normal
26462 node-255 node temperature 1101295260 1 ambient=33
26313 gige3 gige temperature 1101216972 1 normal
26135 node-43 node temperature 1101154260 1 ambient=33
28128 gige7 gige temperature 1102067235 1 normal
27901 gige7 gige temperature 1101934034 1 warning
27802 gige7 gige temperature 1101859333 1 normal
27654 gige6 gige temperature 1101803531 1 warning
27294 gige5 gige temperature 1101737723 1 normal
34281 node-115 node temperature 1102771261 1 ambient=29
33709 node-255 node temperature 1102628970 1 ambient=33
33505 node-255 node temperature 1102575540 1 ambient=36
33189 node-244 node temperature 1102493340 1 ambient=30
33160 gige7 gige temperature 1102486347 1 normal
33137 gige6 gige temperature 1102480648 1 warning
31458 gige7 gige temperature 1102388245 1 warning
31380 node-230 node temperature 1102354830 1 ambient=28
31352 node-235 node temperature 1102353540 1 ambient=26
30505 gige3 gige temperature 1102334781 1 warning
30504 gige5 gige temperature 1102331115 1 normal
35981 node-10 node temperature 1103220120 1 ambient=29
36262 gige4 gige temperature 1103307514 1 normal
37165 node-86 node temperature 1103662741 1 ambient=25
37077 node-35 node temperature 1103654431 1 ambient=29
36752 gige6 gige temperature 1103575367 1 warning
36566 gige6 gige temperature 1103486264 1 warning
37260 gige3 gige temperature 1103681506 1 warning
37291 gige7 gige temperature 1103691161 1 warning
37307 gige3 gige temperature 1103694707 1 warning
37322 gige4 gige temperature 1103700221 1 normal
37628 gige4 gige temperature 1103811222 1 warning
37715 node-187 node temperature 1103815680 1 ambient=34
37818 node-163 node temperature 1103824141 1 ambient=28
37868 node-197 node temperature 1103826540 1 ambient=27
38135 gige6 gige temperature 1103925772 1 normal
39618 gige3 gige temperature 1104640924 1 warning
39589 gige6 gige temperature 1104627481 1 normal
39407 gige7 gige temperature 1104551270 1 warning
39391 gige7 gige temperature 1104545871 1 warning
39355 gige3 gige temperature 1104532022 1 normal
39302 gige6 gige temperature 1104505981 1 warning
39219 gige6 gige temperature 1104471779 1 normal
39036 gige7 gige temperature 1104388669 1 warning
38659 gige6 gige temperature 1104182576 1 warning
38486 gige6 gige temperature 1104108775 1 normal
41132 gige7 gige temperature 1104916076 1 warning
41131 gige7 gige temperature 1104915777 1 normal
40791 node-71 node temperature 1104864150 1 ambient=27
40790 gige7 gige temperature 1104863876 1 normal
40785 node-208 node temperature 1104861840 1 ambient=33
40769 node-39 node temperature 1104858241 1 ambient=27
40766 gige7 gige temperature 1104857875 1 warning
40705 node-169 node temperature 1104854462 1 ambient=30
40636 node-80 node temperature 1104852811 1 ambient=33
40559 node-174 node temperature 1104852241 1 ambient=27
40385 gige3 gige temperature 1104800827 1 normal
39995 node-15 node temperature 1104762876 1 ambient=27
2560209 Interconnect-1N01 switch_module error 1073192214 1 Link ok
2558342 Interconnect-1N01 switch_module error 1073114649 1 Link ok
2558132 Interconnect-1N01 switch_module error 1073080543 1 Link ok
2558082 Interconnect-1N01 switch_module error 1073073636 1 Link ok
2557405 Interconnect-1T01 switch_module error 1072965457 1 Link error
2557080 Interconnect-1N01 switch_module error 1072913499 1 Link error
2556365 Interconnect-1N01 switch_module error 1072790564 1 Link in reset
2550228 Interconnect-1N01 switch_module error 1072442018 1 Link ok
2553872 Interconnect-0N03 switch_module error 1072642871 1 Link ok
2553727 Interconnect-1N03 switch_module error 1072642564 1 Link in reset
2553390 Interconnect-1N03 switch_module error 1072641409 1 Link ok
2553308 Interconnect-1N03 switch_module error 1072638589 1 Link error
2560289 Interconnect-1N01 switch_module error 1073206850 1 Link ok
2560175 Interconnect-1N01 switch_module error 1073185824 1 Link ok
2559445 Interconnect-1N01 switch_module error 1073128433 1 Link ok
2558415 Interconnect-1T02 switch_module error 1073119551 1 Link error
2561694 Interconnect-1N01 switch_module error 1073459190 1 Link in reset
2561093 Interconnect-1N01 switch_module error 1073345520 1 Link ok
2560515 Interconnect-1N01 switch_module error 1073246148 1 Link ok
2560493 Interconnect-1N01 switch_module error 1073242467 1 Link in reset
2566680 Interconnect-1N03 switch_module error 1073991556 1 Link in reset
2565131 Interconnect-1N01 switch_module error 1073923347 1 Link in reset
2565070 Interconnect-1N01 switch_module error 1073911806 1 Link in reset
2570091 Interconnect-0N01 switch_module error 1074122028 1 Linkerror event interval expired
2570813 Interconnect-1N01 switch_module error 1074123216 1 Linkerror event interval expired
2572181 Interconnect-0N01 switch_module error 1074125925 1 Linkerror event interval expired
2572865 Interconnect-1N00 switch_module error 1074129389 1 Linkerror event interval expired
2572925 Interconnect-1N02 switch_module error 1074129669 1 Linkerror event interval expired
2573009 Interconnect-0N00 switch_module error 1074130036 1 Linkerror event interval expired
2573041 Interconnect-0N00 switch_module error 1074130207 1 Linkerror event interval expired
2573682 Interconnect-0N02 switch_module error 1074131794 1 Linkerror event interval expired
2573870 Interconnect-1N02 switch_module error 1074131950 1 Linkerror event interval expired
2574049 Interconnect-1N02 switch_module error 1074132111 1 Linkerror event interval expired
2574588 Interconnect-1N03 switch_module error 1074137477 1 Linkerror event interval expired
2575083 Interconnect-1N01 switch_module error 1074161541 1 Linkerror event interval expired
2575089 Interconnect-1N01 switch_module error 1074162647 1 Linkerror event interval expired
2575104 Interconnect-1N01 switch_module error 1074165830 1 Linkerror event interval expired
2575213 Interconnect-0N02 switch_module error 1074175913 1 Linkerror event interval expired
2575239 Interconnect-1N02 switch_module error 1074175929 1 Linkerror event interval expired
2575308 Interconnect-1N02 switch_module error 1074175999 1 Linkerror event interval expired
2576243 Interconnect-0N02 switch_module error 1074178679 1 Linkerror event interval expired
2577675 Interconnect-1N02 switch_module error 1074187413 1 Linkerror event interval expired
2577929 Interconnect-0N01 switch_module error 1074189714 1 Linkerror event interval expired
2579066 Interconnect-1N02 switch_module error 1074207069 1 Linkerror event interval expired
2579144 Interconnect-1N01 switch_module error 1074208208 1 Linkerror event interval expired
2580497 Interconnect-1N01 switch_module error 1074217133 1 Linkerror event interval expired
2580613 Interconnect-0N01 switch_module error 1074217167 1 Linkerror event interval expired
2580989 Interconnect-1N01 switch_module error 1074217255 1 Linkerror event interval expired
2581234 Interconnect-1N03 switch_module error 1074217317 1 Linkerror event interval expired
2581250 Interconnect-1N03 switch_module error 1074217320 1 Linkerror event interval expired
2583068 Interconnect-1N03 switch_module error 1074225629 1 Linkerror event interval expired
2583136 Interconnect-1N03 switch_module error 1074225798 1 Linkerror event interval expired
2583982 Interconnect-1N00 switch_module error 1074230178 1 Linkerror event interval expired
2584628 Interconnect-0N01 switch_module error 1074232068 1 Linkerror event interval expired
2584639 Interconnect-0N01 switch_module error 1074232126 1 Linkerror event interval expired
2585028 Interconnect-1N02 switch_module error 1074233208 1 Linkerror event interval expired
2585588 Interconnect-0N02 switch_module error 1074234738 1 Linkerror event interval expired
2585665 Interconnect-1N03 switch_module error 1074234966 1 Linkerror event interval expired
2585816 Interconnect-1N03 switch_module error 1074235394 1 Linkerror event interval expired
2586025 Interconnect-1N03 switch_module error 1074236020 1 Linkerror event interval expired
2586061 Interconnect-1N03 switch_module error 1074236099 1 Linkerror event interval expired
2586170 Interconnect-1N03 switch_module error 1074236447 1 Linkerror event interval expired
2586186 Interconnect-1N03 switch_module error 1074236525 1 Linkerror event interval expired
2586431 Interconnect-0N03 switch_module error 1074237429 1 Linkerror event interval expired
2587495 Interconnect-0N00 switch_module error 1074241888 1 Linkerror event interval expired
2588164 Interconnect-1N02 switch_module error 1074242677 1 Linkerror event interval expired
2588737 Interconnect-0N03 switch_module error 1074243063 1 Linkerror event interval expired
2588743 Interconnect-0N03 switch_module error 1074243064 1 Linkerror event interval expired
2590123 Interconnect-1N00 switch_module error 1074261819 1 Linkerror event interval expired
2594227 Interconnect-1N01 switch_module error 1074272896 1 Linkerror event interval expired
2595676 Interconnect-1N01 switch_module error 1074288628 1 Linkerror event interval expired
2597017 Interconnect-1N00 switch_module error 1074290313 1 Linkerror event interval expired
2597376 Interconnect-1N00 switch_module error 1074290438 1 Linkerror event interval expired
2597537 Interconnect-0N01 switch_module error 1074290483 1 Linkerror event interval expired
2597642 Interconnect-0N02 switch_module error 1074290511 1 Linkerror event interval expired
2597772 Interconnect-1N02 switch_module error 1074290544 1 Linkerror event interval expired
2599314 Interconnect-1N01 switch_module error 1074297487 1 Linkerror event interval expired
2600221 Interconnect-0N02 switch_module error 1074297871 1 Linkerror event interval expired
2615716 Interconnect-1N01 switch_module error 1074900640 1 Linkerror event interval expired
2615428 Interconnect-1N01 switch_module error 1074848454 1 Linkerror event interval expired
2615364 Interconnect-1N01 switch_module error 1074835654 1 Linkerror event interval expired
2615204 Interconnect-1N01 switch_module error 1074801720 1 Linkerror event interval expired
2614572 Interconnect-1N01 switch_module error 1074747779 1 Linkerror event interval expired
2614352 Interconnect-1N01 switch_module error 1074709464 1 Linkerror event interval expired
2612089 Interconnect-1N01 switch_module error 1074510127 1 Linkerror event interval expired
2590181 Interconnect-0N00 switch_module error 1074261994 1 Linkerror event interval expired
2591699 Interconnect-1T03 switch_module error 1074268486 1 Linkerror event interval expired
2595669 Interconnect-1N01 switch_module error 1074287600 1 Linkerror event interval expired
2597578 Interconnect-1N02 switch_module error 1074290494 1 Linkerror event interval expired
2597608 Interconnect-0N01 switch_module error 1074290502 1 Linkerror event interval expired
2597811 Interconnect-1N02 switch_module error 1074290555 1 Linkerror event interval expired
2597893 Interconnect-0N02 switch_module error 1074290575 1 Linkerror event interval expired
2598048 Interconnect-0N03 switch_module error 1074290616 1 Linkerror event interval expired
2598092 Interconnect-0N03 switch_module error 1074290638 1 Linkerror event interval expired
2598112 Interconnect-1N03 switch_module error 1074290649 1 Linkerror event interval expired
2598151 Interconnect-0N03 switch_module error 1074290671 1 Linkerror event interval expired
2598235 Interconnect-1N01 switch_module error 1074294936 1 Linkerror event interval expired
2598907 Interconnect-0N00 switch_module error 1074296653 1 Linkerror event interval expired
2600960 Interconnect-0N02 switch_module error 1074298131 1 Linkerror event interval expired
2606824 Interconnect-1N01 switch_module error 1074356930 1 Linkerror event interval expired
115237 Interconnect-1N01 switch_module error 1077763844 1 Linkerror event interval expired
106635 Interconnect-1N01 switch_module error 1077740032 1 Linkerror event interval expired
105870 Interconnect-1N02 switch_module error 1077739756 1 Linkerror event interval expired
105792 Interconnect-0N01 switch_module error 1077739731 1 Linkerror event interval expired
102642 Interconnect-0N02 switch_module error 1077735930 1 Linkerror event interval expired
102627 Interconnect-1N03 switch_module error 1077735926 1 Linkerror event interval expired
102593 Interconnect-1N02 switch_module error 1077735915 1 Linkerror event interval expired
102079 Interconnect-0N01 switch_module error 1077735752 1 Linkerror event interval expired
101832 Interconnect-1N00 switch_module error 1077735628 1 Linkerror event interval expired
100619 Interconnect-0N03 switch_module error 1077716299 1 Linkerror event interval expired
100546 Interconnect-0N03 switch_module error 1077711917 1 Linkerror event interval expired
100398 Interconnect-1N02 switch_module error 1077691525 1 Linkerror event interval expired
100284 Interconnect-1N01 switch_module error 1077676650 1 Linkerror event interval expired
100157 Interconnect-1T01 switch_module error 1077654632 1 Linkerror event interval expired
135982 Interconnect-1N01 switch_module error 1077808440 1 Linkerror event interval expired
136333 Interconnect-0N02 switch_module error 1077808562 1 Linkerror event interval expired
138084 Interconnect-1N01 switch_module error 1077809945 1 Linkerror event interval expired
138177 Interconnect-0N00 switch_module error 1077809967 1 Linkerror event interval expired
138184 Interconnect-0N02 switch_module error 1077809969 1 Linkerror event interval expired
139225 Interconnect-1N01 switch_module error 1077810259 1 Linkerror event interval expired
139238 Interconnect-1N02 switch_module error 1077810262 1 Linkerror event interval expired
141757 Interconnect-1N00 switch_module error 1077815530 1 Linkerror event interval expired
141792 Interconnect-0N00 switch_module error 1077815549 1 Linkerror event interval expired
141816 Interconnect-1N00 switch_module error 1077815561 1 Linkerror event interval expired
141819 Interconnect-0N00 switch_module error 1077815564 1 Linkerror event interval expired
142130 Interconnect-0N01 switch_module error 1077815632 1 Linkerror event interval expired
142380 Interconnect-1N01 switch_module error 1077815724 1 Linkerror event interval expired
142698 Interconnect-1N02 switch_module error 1077815841 1 Linkerror event interval expired
142994 Interconnect-0N03 switch_module error 1077816061 1 Linkerror event interval expired
145825 Interconnect-1N02 switch_module error 1077817398 1 Linkerror event interval expired
156575 Interconnect-1N03 switch_module error 1077865581 1 Linkerror event interval expired
157160 Interconnect-1N03 switch_module error 1077867221 1 Linkerror event interval expired
157378 Interconnect-1N03 switch_module error 1077868285 1 Linkerror event interval expired
157601 Interconnect-1N03 switch_module error 1077873194 1 Linkerror event interval expired
160886 Interconnect-1N01 switch_module error 1077875763 1 Linkerror event interval expired
161403 Interconnect-0N03 switch_module error 1077876337 1 Linkerror event interval expired
161699 Interconnect-1N00 switch_module error 1077877379 1 Linkerror event interval expired
162068 Interconnect-1N00 switch_module error 1077877486 1 Linkerror event interval expired
162291 Interconnect-1N02 switch_module error 1077877544 1 Linkerror event interval expired
162735 Interconnect-0N03 switch_module error 1077877671 1 Linkerror event interval expired
163650 Interconnect-1N03 switch_module error 1077878624 1 Linkerror event interval expired
163677 Interconnect-1T01 switch_module error 1077878640 1 Linkerror event interval expired
165107 Interconnect-1N00 switch_module error 1077881440 1 Linkerror event interval expired
173860 Interconnect-0N00 switch_module error 1077892961 1 Linkerror event interval expired
174001 Interconnect-0N00 switch_module error 1077893002 1 Linkerror event interval expired
174925 Interconnect-0N03 switch_module error 1077893261 1 Linkerror event interval expired
176394 Interconnect-1N01 switch_module error 1077893959 1 Linkerror event interval expired
176521 Interconnect-0N00 switch_module error 1077893995 1 Linkerror event interval expired
177328 Interconnect-0N01 switch_module error 1077894231 1 Linkerror event interval expired
178485 Interconnect-1N01 switch_module error 1077896308 1 Linkerror event interval expired
207120 Interconnect-0N02 switch_module error 1116534650 1 link errors remain current
285082 Interconnect-0N02 switch_module error 1120712655 1 link errors remain current
66621 Interconnect-1T01 switch_module error 1127018764 1 link errors remain current
74687 Interconnect-1T01 switch_module error 1127530580 1 link errors remain current
73130 Interconnect-1T01 switch_module error 1127205865 1 link errors remain current
80945 Interconnect-1T01 switch_module error 1127633812 1 link errors remain current
90917 Interconnect-1T01 switch_module error 1128098598 1 link errors remain current
88545 Interconnect-1T01 switch_module error 1127812228 1 link errors remain current
112591 Interconnect-1T01 switch_module error 1128795669 1 link errors remain current
106636 Interconnect-1N01 switch_module error 1128546820 1 link errors remain current
106563 Interconnect-0N03 switch_module error 1128538056 1 link errors remain current
119191 Interconnect-1T01 switch_module error 1129156719 1 link errors remain current
117927 Interconnect-1T01 switch_module error 1129005435 1 link errors remain current
163591 Interconnect-1T01 switch_module error 1130665941 1 link errors remain current
155348 Interconnect-1T01 switch_module error 1130288994 1 link errors remain current
154298 Interconnect-1T01 switch_module error 1130114502 1 link errors remain current
163678 Interconnect-1T01 switch_module error 1130673545 1 link errors remain current
167309 Interconnect-1T01 switch_module error 1130861712 1 link errors remain current
166452 Interconnect-0N03 switch_module error 1130779845 1 link errors remain current
165502 Interconnect-1T01 switch_module error 1130700556 1 link errors remain current
165392 Interconnect-1T01 switch_module error 1130688133 1 link errors remain current
197294 Interconnect-0N01 switch_module error 1131268024 1 link errors remain current
212267 Interconnect-1T01 switch_module error 1131857400 1 link errors remain current
203897 Interconnect-0N01 switch_module error 1131386680 1 link errors remain current
203650 Interconnect-0N01 switch_module error 1131341748 1 link errors remain current
203182 Interconnect-1T01 switch_module error 1131293685 1 link errors remain current
227118 Interconnect-1N00 switch_module error 1132212763 1 link errors remain current
229109 Interconnect-1N00 switch_module error 1132369090 1 link errors remain current
236414 Interconnect-1T01 switch_module error 1132422989 1 link errors remain current
236835 Interconnect-1T01 switch_module error 1132474878 1 link errors remain current
244496 Interconnect-1T01 switch_module error 1133000231 1 link errors remain current
244394 Interconnect-1T01 switch_module error 1132933346 1 link errors remain current
262885 Interconnect-1T01 switch_module error 1133518990 1 link errors remain current
261997 Interconnect-1T01 switch_module error 1133387468 1 link errors remain current
280293 Interconnect-1T01 switch_module error 1134279282 1 link errors remain current
292522 Interconnect-1T01 switch_module error 1134758547 1 link errors remain current
298653 Interconnect-1T01 switch_module error 1134866941 1 link errors remain current
307604 Interconnect-1T01 switch_module error 1135453027 1 link errors remain current
304336 Interconnect-1T01 switch_module error 1135418418 1 link errors remain current
303787 Interconnect-1T01 switch_module error 1135214320 1 link errors remain current
303668 Interconnect-1T01 switch_module error 1135179178 1 link errors remain current
314828 Interconnect-1T01 switch_module error 1138020376 1 link errors remain current
335192 Interconnect-1N03 switch_module error 1140228727 1 link errors remain current
335191 Interconnect-0N03 switch_module error 1140228727 1 link errors remain current
327915 Interconnect-0N02 switch_module error 1140099136 1 link errors remain current
379417 Interconnect-1N00 switch_module error 1141791316 1 link errors remain current
379300 Interconnect-1N00 switch_module error 1141770248 1 link errors remain current
379111 Interconnect-0T01 switch_module error 1141726583 1 link errors remain current
396457 Interconnect-1N00 switch_module error 1142527572 1 link errors remain current
415687 Interconnect-0T00 switch_module error 1143027001 1 link errors remain current
414825 Interconnect-1N00 switch_module error 1142865108 1 link errors remain current
414569 Interconnect-1N02 switch_module error 1142843014 1 link errors remain current
414493 Interconnect-1N02 switch_module error 1142837578 1 link errors remain current
414390 Interconnect-1N00 switch_module error 1142825359 1 link errors remain current
443580 Interconnect-1T01 switch_module error 1144142493 1 link errors remain current
479886 Interconnect-1T02 switch_module error 1146011009 1 link errors remain current
