type=DAEMON_START msg=audit(1632849518.587:6664): op=start ver=2.8.4 format=raw kernel=4.19.0-13-amd64 auid=4294967295 pid=314 uid=0 ses=4294967295 subj=unconfined  res=success
type=CONFIG_CHANGE msg=audit(1632849518.808:21): audit_backlog_limit=8192 old=64 auid=4294967295 ses=4294967295 subj==unconfined res=1
type=CONFIG_CHANGE msg=audit(1632849518.816:22): audit_failure=1 old=1 auid=4294967295 ses=4294967295 subj==unconfined res=1
type=CONFIG_CHANGE msg=audit(1632849518.820:23): audit_backlog_wait_time=0 old=15000 auid=4294967295 ses=4294967295 subj==unconfined res=1
type=SERVICE_START msg=audit(1632849518.836:24): pid=1 uid=0 auid=4294967295 ses=4294967295 subj==unconfined msg='unit=auditd comm="systemd" exe="/lib/systemd/systemd" hostname=? addr=? terminal=? res=success'
type=SYSTEM_BOOT msg=audit(1632849518.880:25): pid=366 uid=0 auid=4294967295 ses=4294967295 subj==unconfined msg=' comm="systemd-update-utmp" exe="/lib/systemd/systemd-update-utmp" hostname=? addr=? terminal=? res=success'
type=SERVICE_START msg=audit(1632849518.896:26): pid=1 uid=0 auid=4294967295 ses=4294967295 subj==unconfined msg='unit=systemd-update-utmp comm="systemd" exe="/lib/systemd/systemd" hostname=? addr=? terminal=? res=success'
type=SERVICE_START msg=audit(1632849519.012:27): pid=1 uid=0 auid=4294967295 ses=4294967295 subj==unconfined msg='unit=networking comm="systemd" exe="/lib/systemd/systemd" hostname=? addr=? terminal=? res=success'
type=SERVICE_START msg=audit(1632849520.408:28): pid=1 uid=0 auid=4294967295 ses=4294967295 subj==unconfined msg='unit=dbus comm="systemd" exe="/lib/systemd/systemd" hostname=? addr=? terminal=? res=success'
type=SERVICE_START msg=audit(1632849520.444:29): pid=1 uid=0 auid=4294967295 ses=4294967295 subj==unconfined msg='unit=anacron comm="systemd" exe="/lib/systemd/systemd" hostname=? addr=? terminal=? res=success'
type=SERVICE_START msg=audit(1632849520.508:30): pid=1 uid=0 auid=4294967295 ses=4294967295 subj==unconfined msg='unit=cups comm="systemd" exe="/lib/systemd/systemd" hostname=? addr=? terminal=? res=success'
type=SERVICE_START msg=audit(1632849520.624:31): pid=1 uid=0 auid=4294967295 ses=4294967295 subj==unconfined msg='unit=cron comm="systemd" exe="/lib/systemd/systemd" hostname=? addr=? terminal=? res=success'
type=SERVICE_START msg=audit(1632849521.212:32): pid=1 uid=0 auid=4294967295 ses=4294967295 subj==unconfined msg='unit=triggerhappy comm="systemd" exe="/lib/systemd/systemd" hostname=? addr=? terminal=? res=success'
type=SERVICE_START msg=audit(1632849521.216:33): pid=1 uid=0 auid=4294967295 ses=4294967295 subj==unconfined msg='unit=rsyslog comm="systemd" exe="/lib/systemd/systemd" hostname=? addr=? terminal=? res=success'
type=SERVICE_STOP msg=audit(1632849521.252:34): pid=1 uid=0 auid=4294967295 ses=4294967295 subj==unconfined msg='unit=anacron comm="systemd" exe="/lib/systemd/systemd" hostname=? addr=? terminal=? res=success'
type=SERVICE_START msg=audit(1632849521.256:35): pid=1 uid=0 auid=4294967295 ses=4294967295 subj==unconfined msg='unit=rng-tools comm="systemd" exe="/lib/systemd/systemd" hostname=? addr=? terminal=? res=failed'
type=SERVICE_START msg=audit(1632849521.412:36): pid=1 uid=0 auid=4294967295 ses=4294967295 subj==unconfined msg='unit=wpa_supplicant comm="systemd" exe="/lib/systemd/systemd" hostname=? addr=? terminal=? res=success'
type=SERVICE_START msg=audit(1632849521.416:37): pid=1 uid=0 auid=4294967295 ses=4294967295 subj==unconfined msg='unit=avahi-daemon comm="systemd" exe="/lib/systemd/systemd" hostname=? addr=? terminal=? res=success'
type=SERVICE_START msg=audit(1632849521.492:38): pid=1 uid=0 auid=4294967295 ses=4294967295 subj==unconfined msg='unit=cups-browsed comm="systemd" exe="/lib/systemd/systemd" hostname=? addr=? terminal=? res=success'
type=SERVICE_START msg=audit(1632849521.520:39): pid=1 uid=0 auid=4294967295 ses=4294967295 subj==unconfined msg='unit=alsa-state comm="systemd" exe="/lib/systemd/systemd" hostname=? addr=? terminal=? res=success'
type=SERVICE_START msg=audit(1632849521.544:40): pid=1 uid=0 auid=4294967295 ses=4294967295 subj==unconfined msg='unit=dhcpcd comm="systemd" exe="/lib/systemd/systemd" hostname=? addr=? terminal=? res=success'
type=SERVICE_START msg=audit(1632849521.628:41): pid=1 uid=0 auid=4294967295 ses=4294967295 subj==unconfined msg='unit=rc-local comm="systemd" exe="/lib/systemd/systemd" hostname=? addr=? terminal=? res=success'
type=SERVICE_START msg=audit(1632849521.676:42): pid=1 uid=0 auid=4294967295 ses=4294967295 subj==unconfined msg='unit=systemd-logind comm="systemd" exe="/lib/systemd/systemd" hostname=? addr=? terminal=? res=success'
type=SERVICE_START msg=audit(1632849522.116:43): pid=1 uid=0 auid=4294967295 ses=4294967295 subj==unconfined msg='unit=dphys-swapfile comm="systemd" exe="/lib/systemd/systemd" hostname=? addr=? terminal=? res=success'
type=SERVICE_START msg=audit(1632849522.232:44): pid=1 uid=0 auid=4294967295 ses=4294967295 subj==unconfined msg='unit=systemd-user-sessions comm="systemd" exe="/lib/systemd/systemd" hostname=? addr=? terminal=? res=success'
type=SERVICE_START msg=audit(1632849522.360:45): pid=1 uid=0 auid=4294967295 ses=4294967295 subj==unconfined msg='unit=alsa-restore comm="systemd" exe="/lib/systemd/systemd" hostname=? addr=? terminal=? res=success'
type=SERVICE_START msg=audit(1632849522.404:46): pid=1 uid=0 auid=4294967295 ses=4294967295 subj==unconfined msg='unit=ntp comm="systemd" exe="/lib/systemd/systemd" hostname=? addr=? terminal=? res=success'
type=SERVICE_START msg=audit(1632849522.432:47): pid=1 uid=0 auid=4294967295 ses=4294967295 subj==unconfined msg='unit=mosquitto comm="systemd" exe="/lib/systemd/systemd" hostname=? addr=? terminal=? res=success'
type=SERVICE_START msg=audit(1632849522.943:48): pid=1 uid=0 auid=4294967295 ses=4294967295 subj==unconfined msg='unit=raspi-config comm="systemd" exe="/lib/systemd/systemd" hostname=? addr=? terminal=? res=success'
type=SERVICE_START msg=audit(1632849523.347:49): pid=1 uid=0 auid=4294967295 ses=4294967295 subj==unconfined msg='unit=polkit comm="systemd" exe="/lib/systemd/systemd" hostname=? addr=? terminal=? res=success'
type=SERVICE_START msg=audit(1632849524.339:50): pid=1 uid=0 auid=4294967295 ses=4294967295 subj==unconfined msg='unit=udisks2 comm="systemd" exe="/lib/systemd/systemd" hostname=? addr=? terminal=? res=success'
type=SERVICE_START msg=audit(1632849524.875:51): pid=1 uid=0 auid=4294967295 ses=4294967295 subj==unconfined msg='unit=containerd comm="systemd" exe="/lib/systemd/systemd" hostname=? addr=? terminal=? res=success'
type=SERVICE_START msg=audit(1632849524.955:52): pid=1 uid=0 auid=4294967295 ses=4294967295 subj==unconfined msg='unit=exim4 comm="systemd" exe="/lib/systemd/systemd" hostname=? addr=? terminal=? res=success'
type=AVC msg=audit(1632849527.055:53): apparmor="STATUS" operation="profile_load" profile="unconfined" name="docker-default" pid=856 comm="apparmor_parser"
type=SYSCALL msg=audit(1632849527.055:53): arch=c000003e syscall=1 success=yes exit=7945 a0=4 a1=562ff67bf3d0 a2=1f09 a3=0 items=0 ppid=855 pid=856 auid=4294967295 uid=0 gid=0 euid=0 suid=0 fsuid=0 egid=0 sgid=0 fsgid=0 tty=(none) ses=4294967295 comm="apparmor_parser" exe="/sbin/apparmor_parser" subj==unconfined key=(null)
type=PROCTITLE msg=audit(1632849527.055:53): proctitle=61707061726D6F725F706172736572002D4B72002F7661722F6C69622F646F636B65722F746D702F646F636B65722D64656661756C74343038343130303538
type=SERVICE_START msg=audit(1632849528.567:54): pid=1 uid=0 auid=4294967295 ses=4294967295 subj==unconfined msg='unit=apt-daily comm="systemd" exe="/lib/systemd/systemd" hostname=? addr=? terminal=? res=success'
type=SERVICE_STOP msg=audit(1632849528.567:55): pid=1 uid=0 auid=4294967295 ses=4294967295 subj==unconfined msg='unit=apt-daily comm="systemd" exe="/lib/systemd/systemd" hostname=? addr=? terminal=? res=success'
type=SERVICE_START msg=audit(1632849536.765:56): pid=1 uid=0 auid=4294967295 ses=4294967295 subj==unconfined msg='unit=docker comm="systemd" exe="/lib/systemd/systemd" hostname=? addr=? terminal=? res=success'
type=ADD_USER msg=audit(1632849541.785:57): pid=1288 uid=0 auid=4294967295 ses=4294967295 subj==unconfined msg='op=adding user acct="vboxadd" exe="/usr/sbin/useradd" hostname=? addr=? terminal=? res=failed'
type=ADD_USER msg=audit(1632849541.785:58): pid=1288 uid=0 auid=4294967295 ses=4294967295 subj==unconfined msg='op=adding user acct="vboxadd" exe="/usr/sbin/useradd" hostname=? addr=? terminal=? res=failed'
type=ADD_USER msg=audit(1632849541.797:59): pid=1289 uid=0 auid=4294967295 ses=4294967295 subj==unconfined msg='op=adding user acct="vboxadd" exe="/usr/sbin/useradd" hostname=? addr=? terminal=? res=failed'
type=ADD_USER msg=audit(1632849541.797:60): pid=1289 uid=0 auid=4294967295 ses=4294967295 subj==unconfined msg='op=adding user acct="vboxadd" exe="/usr/sbin/useradd" hostname=? addr=? terminal=? res=failed'
type=SERVICE_START msg=audit(1632849542.528:61): pid=1 uid=0 auid=4294967295 ses=4294967295 subj==unconfined msg='unit=vboxadd comm="systemd" exe="/lib/systemd/systemd" hostname=? addr=? terminal=? res=success'
type=SERVICE_START msg=audit(1632849542.668:62): pid=1 uid=0 auid=4294967295 ses=4294967295 subj==unconfined msg='unit=vboxadd-service comm="systemd" exe="/lib/systemd/systemd" hostname=? addr=? terminal=? res=success'
type=SERVICE_START msg=audit(1632845944.686:63): pid=1 uid=0 auid=4294967295 ses=4294967295 subj==unconfined msg='unit=plymouth-quit-wait comm="systemd" exe="/lib/systemd/systemd" hostname=? addr=? terminal=? res=success'
type=SERVICE_STOP msg=audit(1632845944.694:64): pid=1 uid=0 auid=4294967295 ses=4294967295 subj==unconfined msg='unit=plymouth-quit-wait comm="systemd" exe="/lib/systemd/systemd" hostname=? addr=? terminal=? res=success'
type=SERVICE_START msg=audit(1632845944.698:65): pid=1 uid=0 auid=4294967295 ses=4294967295 subj==unconfined msg='unit=getty@tty1 comm="systemd" exe="/lib/systemd/systemd" hostname=? addr=? terminal=? res=success'
type=SERVICE_START msg=audit(1632845944.706:66): pid=1 uid=0 auid=4294967295 ses=4294967295 subj==unconfined msg='unit=lightdm comm="systemd" exe="/lib/systemd/systemd" hostname=? addr=? terminal=? res=success'
type=SYSTEM_RUNLEVEL msg=audit(1632845944.730:67): pid=1382 uid=0 auid=4294967295 ses=4294967295 subj==unconfined msg='old-level=N new-level=5 comm="systemd-update-utmp" exe="/lib/systemd/systemd-update-utmp" hostname=? addr=? terminal=? res=success'
type=SERVICE_START msg=audit(1632845944.734:68): pid=1 uid=0 auid=4294967295 ses=4294967295 subj==unconfined msg='unit=systemd-update-utmp-runlevel comm="systemd" exe="/lib/systemd/systemd" hostname=? addr=? terminal=? res=success'
type=SERVICE_STOP msg=audit(1632845944.734:69): pid=1 uid=0 auid=4294967295 ses=4294967295 subj==unconfined msg='unit=systemd-update-utmp-runlevel comm="systemd" exe="/lib/systemd/systemd" hostname=? addr=? terminal=? res=success'
type=USER_ACCT msg=audit(1632845944.810:70): pid=1381 uid=0 auid=4294967295 ses=4294967295 subj==unconfined msg='op=PAM:accounting grantors=pam_permit acct="pi" exe="/bin/login" hostname=raspberry addr=? terminal=/dev/tty1 res=success'
type=LOGIN msg=audit(1632845944.810:71): pid=1381 uid=0 subj==unconfined old-auid=4294967295 auid=1000 tty=tty1 old-ses=4294967295 ses=1 res=1
type=SERVICE_START msg=audit(1632845944.950:72): pid=1 uid=0 auid=4294967295 ses=4294967295 subj==unconfined msg='unit=user-runtime-dir@1000 comm="systemd" exe="/lib/systemd/systemd" hostname=? addr=? terminal=? res=success'
type=USER_ACCT msg=audit(1632845944.966:73): pid=1388 uid=0 auid=4294967295 ses=4294967295 subj==unconfined msg='op=PAM:accounting grantors=pam_permit acct="pi" exe="/lib/systemd/systemd" hostname=? addr=? terminal=? res=success'
type=LOGIN msg=audit(1632845944.966:74): pid=1388 uid=0 subj==unconfined old-auid=4294967295 auid=1000 tty=(none) old-ses=4294967295 ses=2 res=1
type=USER_START msg=audit(1632845944.966:75): pid=1388 uid=0 auid=1000 ses=2 subj==unconfined msg='op=PAM:session_open grantors=pam_selinux,pam_selinux,pam_loginuid,pam_limits,pam_permit,pam_unix,pam_systemd acct="pi" exe="/lib/systemd/systemd" hostname=? addr=? terminal=? res=success'
type=SERVICE_START msg=audit(1632845945.234:76): pid=1 uid=0 auid=4294967295 ses=4294967295 subj==unconfined msg='unit=user@1000 comm="systemd" exe="/lib/systemd/systemd" hostname=? addr=? terminal=? res=success'
type=USER_START msg=audit(1632845945.290:77): pid=1381 uid=0 auid=1000 ses=1 subj==unconfined msg='op=PAM:session_open grantors=pam_selinux,pam_loginuid,pam_selinux,pam_env,pam_env,pam_limits,pam_lastlog,pam_mail,pam_keyinit,pam_permit,pam_unix,pam_systemd acct="pi" exe="/bin/login" hostname=raspberry addr=? terminal=/dev/tty1 res=success'
type=CRED_ACQ msg=audit(1632845945.294:78): pid=1381 uid=0 auid=1000 ses=1 subj==unconfined msg='op=PAM:setcred grantors=pam_securetty,pam_permit,pam_group acct="pi" exe="/bin/login" hostname=raspberry addr=? terminal=/dev/tty1 res=success'
type=USER_LOGIN msg=audit(1632845945.294:79): pid=1381 uid=0 auid=1000 ses=1 subj==unconfined msg='op=login acct="pi" exe="/bin/login" hostname=raspberry addr=? terminal=/dev/tty1 res=success'
type=USER_AUTH msg=audit(1632845946.142:80): pid=1424 uid=0 auid=4294967295 ses=4294967295 subj==unconfined msg='op=PAM:authentication grantors=pam_succeed_if,pam_permit acct="pi" exe="/usr/sbin/lightdm" hostname=? addr=? terminal=:0 res=success'
type=USER_ACCT msg=audit(1632845946.142:81): pid=1424 uid=0 auid=4294967295 ses=4294967295 subj==unconfined msg='op=PAM:accounting grantors=pam_permit acct="pi" exe="/usr/sbin/lightdm" hostname=? addr=? terminal=:0 res=success'
type=CRED_ACQ msg=audit(1632845946.194:82): pid=1424 uid=0 auid=4294967295 ses=4294967295 subj==unconfined msg='op=PAM:setcred grantors=pam_permit acct="pi" exe="/usr/sbin/lightdm" hostname=? addr=? terminal=:0 res=success'
type=LOGIN msg=audit(1632845946.194:83): pid=1424 uid=0 subj==unconfined old-auid=4294967295 auid=1000 tty=(none) old-ses=4294967295 ses=3 res=1
type=USER_START msg=audit(1632845946.226:84): pid=1424 uid=0 auid=1000 ses=3 subj==unconfined msg='op=PAM:session_open grantors=pam_env,pam_env,pam_selinux,pam_limits,pam_loginuid,pam_permit,pam_unix,pam_systemd,pam_selinux acct="pi" exe="/usr/sbin/lightdm" hostname=? addr=? terminal=:0 res=success'
type=USER_LOGIN msg=audit(1632845946.238:85): pid=1424 uid=0 auid=1000 ses=3 subj==unconfined msg='op=login id=1000 exe="/usr/sbin/lightdm" hostname=raspberry addr=? terminal=/dev/tty7 res=success'
type=SERVICE_START msg=audit(1632845947.958:86): pid=1 uid=0 auid=4294967295 ses=4294967295 subj==unconfined msg='unit=rtkit-daemon comm="systemd" exe="/lib/systemd/systemd" hostname=? addr=? terminal=? res=success'
type=SERVICE_START msg=audit(1632846724.549:87): pid=1 uid=0 auid=4294967295 ses=4294967295 subj==unconfined msg='unit=anacron comm="systemd" exe="/lib/systemd/systemd" hostname=? addr=? terminal=? res=success'
type=SERVICE_STOP msg=audit(1632846724.557:88): pid=1 uid=0 auid=4294967295 ses=4294967295 subj==unconfined msg='unit=anacron comm="systemd" exe="/lib/systemd/systemd" hostname=? addr=? terminal=? res=success'
type=USER_ACCT msg=audit(1632846731.403:89): pid=1682 uid=1000 auid=1000 ses=3 subj==unconfined msg='op=PAM:accounting grantors=pam_permit acct="pi" exe="/usr/bin/sudo" hostname=? addr=? terminal=/dev/pts/0 res=success'
type=USER_CMD msg=audit(1632846731.411:90): pid=1682 uid=1000 auid=1000 ses=3 subj==unconfined msg='cwd="/home/pi" cmd=73657276696365206D6F7371756974746F2073746F70 terminal=pts/0 res=success'
type=CRED_REFR msg=audit(1632846731.411:91): pid=1682 uid=0 auid=1000 ses=3 subj==unconfined msg='op=PAM:setcred grantors=pam_permit acct="root" exe="/usr/bin/sudo" hostname=? addr=? terminal=/dev/pts/0 res=success'
type=USER_START msg=audit(1632846731.411:92): pid=1682 uid=0 auid=1000 ses=3 subj==unconfined msg='op=PAM:session_open grantors=pam_permit,pam_unix acct="root" exe="/usr/bin/sudo" hostname=? addr=? terminal=/dev/pts/0 res=success'
type=SERVICE_STOP msg=audit(1632846733.108:93): pid=1 uid=0 auid=4294967295 ses=4294967295 subj==unconfined msg='unit=mosquitto comm="systemd" exe="/lib/systemd/systemd" hostname=? addr=? terminal=? res=success'
type=USER_END msg=audit(1632846733.112:94): pid=1682 uid=0 auid=1000 ses=3 subj==unconfined msg='op=PAM:session_close grantors=pam_permit,pam_unix acct="root" exe="/usr/bin/sudo" hostname=? addr=? terminal=/dev/pts/0 res=success'
type=CRED_DISP msg=audit(1632846733.112:95): pid=1682 uid=0 auid=1000 ses=3 subj==unconfined msg='op=PAM:setcred grantors=pam_permit acct="root" exe="/usr/bin/sudo" hostname=? addr=? terminal=/dev/pts/0 res=success'
type=ANOM_PROMISCUOUS msg=audit(1632846768.436:96): dev=veth73b3967 prom=256 old_prom=0 auid=4294967295 uid=0 gid=0 ses=4294967295
type=SYSCALL msg=audit(1632846768.436:96): arch=c000003e syscall=44 success=yes exit=40 a0=c a1=c000c487b0 a2=28 a3=0 items=0 ppid=1 pid=826 auid=4294967295 uid=0 gid=0 euid=0 suid=0 fsuid=0 egid=0 sgid=0 fsgid=0 tty=(none) ses=4294967295 comm="dockerd" exe="/usr/bin/dockerd" subj==unconfined key=(null)
type=PROCTITLE msg=audit(1632846768.436:96): proctitle=2F7573722F62696E2F646F636B657264002D480066643A2F2F002D2D636F6E7461696E6572643D2F72756E2F636F6E7461696E6572642F636F6E7461696E6572642E736F636B
type=ANOM_PROMISCUOUS msg=audit(1632846779.540:97): dev=veth3eb8db1 prom=256 old_prom=0 auid=4294967295 uid=0 gid=0 ses=4294967295
type=SYSCALL msg=audit(1632846779.540:97): arch=c000003e syscall=44 success=yes exit=40 a0=c a1=c000c5a390 a2=28 a3=0 items=0 ppid=1 pid=826 auid=4294967295 uid=0 gid=0 euid=0 suid=0 fsuid=0 egid=0 sgid=0 fsgid=0 tty=(none) ses=4294967295 comm="dockerd" exe="/usr/bin/dockerd" subj==unconfined key=(null)
type=PROCTITLE msg=audit(1632846779.540:97): proctitle=2F7573722F62696E2F646F636B657264002D480066643A2F2F002D2D636F6E7461696E6572643D2F72756E2F636F6E7461696E6572642F636F6E7461696E6572642E736F636B
type=USER_ACCT msg=audit(1632846814.047:98): pid=2188 uid=1000 auid=1000 ses=3 subj==unconfined msg='op=PAM:accounting grantors=pam_permit acct="pi" exe="/usr/bin/sudo" hostname=? addr=? terminal=/dev/pts/2 res=success'
type=USER_CMD msg=audit(1632846814.047:99): pid=2188 uid=1000 auid=1000 ses=3 subj==unconfined msg='cwd="/home/pi/container-escape-dataset/src" cmd=646F636B65722D636F6D706F7365202D66202E2E2F617765736F6D652D636F6D706F73652F70726F6D6574686575732D67726166616E612F646F636B65722D636F6D706F73652E796D6C207570202D2D6E6F2D7374617274 terminal=pts/2 res=success'
type=CRED_REFR msg=audit(1632846814.051:100): pid=2188 uid=0 auid=1000 ses=3 subj==unconfined msg='op=PAM:setcred grantors=pam_permit acct="root" exe="/usr/bin/sudo" hostname=? addr=? terminal=/dev/pts/2 res=success'
type=USER_START msg=audit(1632846814.055:101): pid=2188 uid=0 auid=1000 ses=3 subj==unconfined msg='op=PAM:session_open grantors=pam_permit,pam_unix acct="root" exe="/usr/bin/sudo" hostname=? addr=? terminal=/dev/pts/2 res=success'
type=SERVICE_START msg=audit(1632846816.103:102): pid=1 uid=0 auid=4294967295 ses=4294967295 subj==unconfined msg='unit=systemd-tmpfiles-clean comm="systemd" exe="/lib/systemd/systemd" hostname=? addr=? terminal=? res=success'
type=SERVICE_STOP msg=audit(1632846816.103:103): pid=1 uid=0 auid=4294967295 ses=4294967295 subj==unconfined msg='unit=systemd-tmpfiles-clean comm="systemd" exe="/lib/systemd/systemd" hostname=? addr=? terminal=? res=success'
type=USER_END msg=audit(1632846816.247:104): pid=2188 uid=0 auid=1000 ses=3 subj==unconfined msg='op=PAM:session_close grantors=pam_permit,pam_unix acct="root" exe="/usr/bin/sudo" hostname=? addr=? terminal=/dev/pts/2 res=success'
type=CRED_DISP msg=audit(1632846816.247:105): pid=2188 uid=0 auid=1000 ses=3 subj==unconfined msg='op=PAM:setcred grantors=pam_permit acct="root" exe="/usr/bin/sudo" hostname=? addr=? terminal=/dev/pts/2 res=success'
type=USER_ACCT msg=audit(1632846816.259:106): pid=2211 uid=1000 auid=1000 ses=3 subj==unconfined msg='op=PAM:accounting grantors=pam_permit acct="pi" exe="/usr/bin/sudo" hostname=? addr=? terminal=/dev/pts/2 res=success'
type=USER_CMD msg=audit(1632846816.259:107): pid=2211 uid=1000 auid=1000 ses=3 subj==unconfined msg='cwd="/home/pi/container-escape-dataset/src" cmd=646F636B65722D636F6D706F7365202D66202E2E2F617765736F6D652D636F6D706F73652F70726F6D6574686575732D67726166616E612F646F636B65722D636F6D706F73652E796D6C207374617274 terminal=pts/2 res=success'
type=CRED_REFR msg=audit(1632846816.259:108): pid=2211 uid=0 auid=1000 ses=3 subj==unconfined msg='op=PAM:setcred grantors=pam_permit acct="root" exe="/usr/bin/sudo" hostname=? addr=? terminal=/dev/pts/2 res=success'
type=USER_START msg=audit(1632846816.259:109): pid=2211 uid=0 auid=1000 ses=3 subj==unconfined msg='op=PAM:session_open grantors=pam_permit,pam_unix acct="root" exe="/usr/bin/sudo" hostname=? addr=? terminal=/dev/pts/2 res=success'
type=ANOM_PROMISCUOUS msg=audit(1632846817.503:110): dev=veth65387ea prom=256 old_prom=0 auid=4294967295 uid=0 gid=0 ses=4294967295
type=SYSCALL msg=audit(1632846817.503:110): arch=c000003e syscall=44 success=yes exit=40 a0=c a1=c000adb380 a2=28 a3=0 items=0 ppid=1 pid=826 auid=4294967295 uid=0 gid=0 euid=0 suid=0 fsuid=0 egid=0 sgid=0 fsgid=0 tty=(none) ses=4294967295 comm="dockerd" exe="/usr/bin/dockerd" subj==unconfined key=(null)
type=PROCTITLE msg=audit(1632846817.503:110): proctitle=2F7573722F62696E2F646F636B657264002D480066643A2F2F002D2D636F6E7461696E6572643D2F72756E2F636F6E7461696E6572642F636F6E7461696E6572642E736F636B
type=ANOM_PROMISCUOUS msg=audit(1632846817.583:111): dev=veth1e3a49f prom=256 old_prom=0 auid=4294967295 uid=0 gid=0 ses=4294967295
type=SYSCALL msg=audit(1632846817.583:111): arch=c000003e syscall=44 success=yes exit=40 a0=c a1=c000adbc50 a2=28 a3=0 items=0 ppid=1 pid=826 auid=4294967295 uid=0 gid=0 euid=0 suid=0 fsuid=0 egid=0 sgid=0 fsgid=0 tty=(none) ses=4294967295 comm="dockerd" exe="/usr/bin/dockerd" subj==unconfined key=(null)
type=PROCTITLE msg=audit(1632846817.583:111): proctitle=2F7573722F62696E2F646F636B657264002D480066643A2F2F002D2D636F6E7461696E6572643D2F72756E2F636F6E7461696E6572642F636F6E7461696E6572642E736F636B
type=USER_END msg=audit(1632846822.304:112): pid=2211 uid=0 auid=1000 ses=3 subj==unconfined msg='op=PAM:session_close grantors=pam_permit,pam_unix acct="root" exe="/usr/bin/sudo" hostname=? addr=? terminal=/dev/pts/2 res=success'
type=CRED_DISP msg=audit(1632846822.304:113): pid=2211 uid=0 auid=1000 ses=3 subj==unconfined msg='op=PAM:setcred grantors=pam_permit acct="root" exe="/usr/bin/sudo" hostname=? addr=? terminal=/dev/pts/2 res=success'
type=ANOM_PROMISCUOUS msg=audit(1632846822.768:114): dev=veth5e4009d prom=256 old_prom=0 auid=4294967295 uid=0 gid=0 ses=4294967295
type=SYSCALL msg=audit(1632846822.768:114): arch=c000003e syscall=44 success=yes exit=40 a0=c a1=c0010e5b90 a2=28 a3=0 items=0 ppid=1 pid=826 auid=4294967295 uid=0 gid=0 euid=0 suid=0 fsuid=0 egid=0 sgid=0 fsgid=0 tty=(none) ses=4294967295 comm="dockerd" exe="/usr/bin/dockerd" subj==unconfined key=(null)
type=PROCTITLE msg=audit(1632846822.768:114): proctitle=2F7573722F62696E2F646F636B657264002D480066643A2F2F002D2D636F6E7461696E6572643D2F72756E2F636F6E7461696E6572642F636F6E7461696E6572642E736F636B
type=USER_ACCT msg=audit(1632846825.064:115): pid=2787 uid=1000 auid=1000 ses=3 subj==unconfined msg='op=PAM:accounting grantors=pam_permit acct="pi" exe="/usr/bin/sudo" hostname=? addr=? terminal=/dev/pts/2 res=success'
type=USER_CMD msg=audit(1632846825.064:116): pid=2787 uid=1000 auid=1000 ses=3 subj==unconfined msg='cwd="/home/pi/container-escape-dataset/src" cmd=63686F776E20726F6F743A726F6F74202F686F6D652F70692F636F6E7461696E65722D6573636170652D646174617365742F72756C65732F33302D7063692D6473732D7633312E72756C6573 terminal=pts/2 res=success'
type=CRED_REFR msg=audit(1632846825.064:117): pid=2787 uid=0 auid=1000 ses=3 subj==unconfined msg='op=PAM:setcred grantors=pam_permit acct="root" exe="/usr/bin/sudo" hostname=? addr=? terminal=/dev/pts/2 res=success'
type=USER_START msg=audit(1632846825.064:118): pid=2787 uid=0 auid=1000 ses=3 subj==unconfined msg='op=PAM:session_open grantors=pam_permit,pam_unix acct="root" exe="/usr/bin/sudo" hostname=? addr=? terminal=/dev/pts/2 res=success'
type=USER_END msg=audit(1632846825.068:119): pid=2787 uid=0 auid=1000 ses=3 subj==unconfined msg='op=PAM:session_close grantors=pam_permit,pam_unix acct="root" exe="/usr/bin/sudo" hostname=? addr=? terminal=/dev/pts/2 res=success'
type=CRED_DISP msg=audit(1632846825.072:120): pid=2787 uid=0 auid=1000 ses=3 subj==unconfined msg='op=PAM:setcred grantors=pam_permit acct="root" exe="/usr/bin/sudo" hostname=? addr=? terminal=/dev/pts/2 res=success'
type=USER_ACCT msg=audit(1632846825.104:121): pid=2789 uid=1000 auid=1000 ses=3 subj==unconfined msg='op=PAM:accounting grantors=pam_permit acct="pi" exe="/usr/bin/sudo" hostname=? addr=? terminal=/dev/pts/2 res=success'
type=USER_CMD msg=audit(1632846825.108:122): pid=2789 uid=1000 auid=1000 ses=3 subj==unconfined msg='cwd="/home/pi/container-escape-dataset/src" cmd=63686D6F6420363434202F686F6D652F70692F636F6E7461696E65722D6573636170652D646174617365742F72756C65732F33302D7063692D6473732D7633312E72756C6573 terminal=pts/2 res=success'
type=CRED_REFR msg=audit(1632846825.108:123): pid=2789 uid=0 auid=1000 ses=3 subj==unconfined msg='op=PAM:setcred grantors=pam_permit acct="root" exe="/usr/bin/sudo" hostname=? addr=? terminal=/dev/pts/2 res=success'
type=USER_START msg=audit(1632846825.108:124): pid=2789 uid=0 auid=1000 ses=3 subj==unconfined msg='op=PAM:session_open grantors=pam_permit,pam_unix acct="root" exe="/usr/bin/sudo" hostname=? addr=? terminal=/dev/pts/2 res=success'
type=USER_END msg=audit(1632846825.112:125): pid=2789 uid=0 auid=1000 ses=3 subj==unconfined msg='op=PAM:session_close grantors=pam_permit,pam_unix acct="root" exe="/usr/bin/sudo" hostname=? addr=? terminal=/dev/pts/2 res=success'
type=CRED_DISP msg=audit(1632846825.112:126): pid=2789 uid=0 auid=1000 ses=3 subj==unconfined msg='op=PAM:setcred grantors=pam_permit acct="root" exe="/usr/bin/sudo" hostname=? addr=? terminal=/dev/pts/2 res=success'
type=USER_ACCT msg=audit(1632846825.136:127): pid=2792 uid=1000 auid=1000 ses=3 subj==unconfined msg='op=PAM:accounting grantors=pam_permit acct="pi" exe="/usr/bin/sudo" hostname=? addr=? terminal=/dev/pts/2 res=success'
type=USER_CMD msg=audit(1632846825.136:128): pid=2792 uid=1000 auid=1000 ses=3 subj==unconfined msg='cwd="/home/pi/container-escape-dataset/src" cmd=63686F776E20726F6F743A726F6F74202F686F6D652F70692F636F6E7461696E65722D6573636170652D646174617365742F72756C65732F31322D636F6E742D6661696C2E72756C6573 terminal=pts/2 res=success'
type=CRED_REFR msg=audit(1632846825.136:129): pid=2792 uid=0 auid=1000 ses=3 subj==unconfined msg='op=PAM:setcred grantors=pam_permit acct="root" exe="/usr/bin/sudo" hostname=? addr=? terminal=/dev/pts/2 res=success'
type=USER_START msg=audit(1632846825.136:130): pid=2792 uid=0 auid=1000 ses=3 subj==unconfined msg='op=PAM:session_open grantors=pam_permit,pam_unix acct="root" exe="/usr/bin/sudo" hostname=? addr=? terminal=/dev/pts/2 res=success'
type=USER_END msg=audit(1632846825.144:131): pid=2792 uid=0 auid=1000 ses=3 subj==unconfined msg='op=PAM:session_close grantors=pam_permit,pam_unix acct="root" exe="/usr/bin/sudo" hostname=? addr=? terminal=/dev/pts/2 res=success'
type=CRED_DISP msg=audit(1632846825.144:132): pid=2792 uid=0 auid=1000 ses=3 subj==unconfined msg='op=PAM:setcred grantors=pam_permit acct="root" exe="/usr/bin/sudo" hostname=? addr=? terminal=/dev/pts/2 res=success'
type=USER_ACCT msg=audit(1632846825.168:133): pid=2795 uid=1000 auid=1000 ses=3 subj==unconfined msg='op=PAM:accounting grantors=pam_permit acct="pi" exe="/usr/bin/sudo" hostname=? addr=? terminal=/dev/pts/2 res=success'
type=USER_CMD msg=audit(1632846825.168:134): pid=2795 uid=1000 auid=1000 ses=3 subj==unconfined msg='cwd="/home/pi/container-escape-dataset/src" cmd=63686D6F6420363434202F686F6D652F70692F636F6E7461696E65722D6573636170652D646174617365742F72756C65732F31322D636F6E742D6661696C2E72756C6573 terminal=pts/2 res=success'
type=CRED_REFR msg=audit(1632846825.168:135): pid=2795 uid=0 auid=1000 ses=3 subj==unconfined msg='op=PAM:setcred grantors=pam_permit acct="root" exe="/usr/bin/sudo" hostname=? addr=? terminal=/dev/pts/2 res=success'
type=USER_START msg=audit(1632846825.168:136): pid=2795 uid=0 auid=1000 ses=3 subj==unconfined msg='op=PAM:session_open grantors=pam_permit,pam_unix acct="root" exe="/usr/bin/sudo" hostname=? addr=? terminal=/dev/pts/2 res=success'
type=USER_END msg=audit(1632846825.172:137): pid=2795 uid=0 auid=1000 ses=3 subj==unconfined msg='op=PAM:session_close grantors=pam_permit,pam_unix acct="root" exe="/usr/bin/sudo" hostname=? addr=? terminal=/dev/pts/2 res=success'
type=CRED_DISP msg=audit(1632846825.172:138): pid=2795 uid=0 auid=1000 ses=3 subj==unconfined msg='op=PAM:setcred grantors=pam_permit acct="root" exe="/usr/bin/sudo" hostname=? addr=? terminal=/dev/pts/2 res=success'
type=USER_ACCT msg=audit(1632846825.184:139): pid=2797 uid=1000 auid=1000 ses=3 subj==unconfined msg='op=PAM:accounting grantors=pam_permit acct="pi" exe="/usr/bin/sudo" hostname=? addr=? terminal=/dev/pts/2 res=success'
type=USER_CMD msg=audit(1632846825.188:140): pid=2797 uid=1000 auid=1000 ses=3 subj==unconfined msg='cwd="/home/pi/container-escape-dataset/src" cmd=63686F776E20726F6F743A726F6F74202F686F6D652F70692F636F6E7461696E65722D6573636170652D646174617365742F72756C65732F33332D646F636B65722E72756C6573 terminal=pts/2 res=success'
type=CRED_REFR msg=audit(1632846825.188:141): pid=2797 uid=0 auid=1000 ses=3 subj==unconfined msg='op=PAM:setcred grantors=pam_permit acct="root" exe="/usr/bin/sudo" hostname=? addr=? terminal=/dev/pts/2 res=success'
type=USER_START msg=audit(1632846825.196:142): pid=2797 uid=0 auid=1000 ses=3 subj==unconfined msg='op=PAM:session_open grantors=pam_permit,pam_unix acct="root" exe="/usr/bin/sudo" hostname=? addr=? terminal=/dev/pts/2 res=success'
type=USER_END msg=audit(1632846825.200:143): pid=2797 uid=0 auid=1000 ses=3 subj==unconfined msg='op=PAM:session_close grantors=pam_permit,pam_unix acct="root" exe="/usr/bin/sudo" hostname=? addr=? terminal=/dev/pts/2 res=success'
type=CRED_DISP msg=audit(1632846825.200:144): pid=2797 uid=0 auid=1000 ses=3 subj==unconfined msg='op=PAM:setcred grantors=pam_permit acct="root" exe="/usr/bin/sudo" hostname=? addr=? terminal=/dev/pts/2 res=success'
type=USER_ACCT msg=audit(1632846825.216:145): pid=2799 uid=1000 auid=1000 ses=3 subj==unconfined msg='op=PAM:accounting grantors=pam_permit acct="pi" exe="/usr/bin/sudo" hostname=? addr=? terminal=/dev/pts/2 res=success'
type=USER_CMD msg=audit(1632846825.220:146): pid=2799 uid=1000 auid=1000 ses=3 subj==unconfined msg='cwd="/home/pi/container-escape-dataset/src" cmd=63686D6F6420363434202F686F6D652F70692F636F6E7461696E65722D6573636170652D646174617365742F72756C65732F33332D646F636B65722E72756C6573 terminal=pts/2 res=success'
type=CRED_REFR msg=audit(1632846825.220:147): pid=2799 uid=0 auid=1000 ses=3 subj==unconfined msg='op=PAM:setcred grantors=pam_permit acct="root" exe="/usr/bin/sudo" hostname=? addr=? terminal=/dev/pts/2 res=success'
type=USER_START msg=audit(1632846825.224:148): pid=2799 uid=0 auid=1000 ses=3 subj==unconfined msg='op=PAM:session_open grantors=pam_permit,pam_unix acct="root" exe="/usr/bin/sudo" hostname=? addr=? terminal=/dev/pts/2 res=success'
type=USER_END msg=audit(1632846825.228:149): pid=2799 uid=0 auid=1000 ses=3 subj==unconfined msg='op=PAM:session_close grantors=pam_permit,pam_unix acct="root" exe="/usr/bin/sudo" hostname=? addr=? terminal=/dev/pts/2 res=success'
type=CRED_DISP msg=audit(1632846825.228:150): pid=2799 uid=0 auid=1000 ses=3 subj==unconfined msg='op=PAM:setcred grantors=pam_permit acct="root" exe="/usr/bin/sudo" hostname=? addr=? terminal=/dev/pts/2 res=success'
type=USER_ACCT msg=audit(1632846825.248:151): pid=2801 uid=1000 auid=1000 ses=3 subj==unconfined msg='op=PAM:accounting grantors=pam_permit acct="pi" exe="/usr/bin/sudo" hostname=? addr=? terminal=/dev/pts/2 res=success'
type=USER_CMD msg=audit(1632846825.248:152): pid=2801 uid=1000 auid=1000 ses=3 subj==unconfined msg='cwd="/home/pi/container-escape-dataset/src" cmd=63686F776E20726F6F743A726F6F74202F686F6D652F70692F636F6E7461696E65722D6573636170652D646174617365742F72756C65732F34302D6C6F63616C2E72756C6573 terminal=pts/2 res=success'
type=CRED_REFR msg=audit(1632846825.248:153): pid=2801 uid=0 auid=1000 ses=3 subj==unconfined msg='op=PAM:setcred grantors=pam_permit acct="root" exe="/usr/bin/sudo" hostname=? addr=? terminal=/dev/pts/2 res=success'
type=USER_START msg=audit(1632846825.248:154): pid=2801 uid=0 auid=1000 ses=3 subj==unconfined msg='op=PAM:session_open grantors=pam_permit,pam_unix acct="root" exe="/usr/bin/sudo" hostname=? addr=? terminal=/dev/pts/2 res=success'
type=USER_END msg=audit(1632846825.264:155): pid=2801 uid=0 auid=1000 ses=3 subj==unconfined msg='op=PAM:session_close grantors=pam_permit,pam_unix acct="root" exe="/usr/bin/sudo" hostname=? addr=? terminal=/dev/pts/2 res=success'
type=CRED_DISP msg=audit(1632846825.264:156): pid=2801 uid=0 auid=1000 ses=3 subj==unconfined msg='op=PAM:setcred grantors=pam_permit acct="root" exe="/usr/bin/sudo" hostname=? addr=? terminal=/dev/pts/2 res=success'
type=USER_ACCT msg=audit(1632846825.292:157): pid=2803 uid=1000 auid=1000 ses=3 subj==unconfined msg='op=PAM:accounting grantors=pam_permit acct="pi" exe="/usr/bin/sudo" hostname=? addr=? terminal=/dev/pts/2 res=success'